#
# There is insufficient memory for the Java Runtime Environment to continue.
# Native memory allocation (mmap) failed to map 138412032 bytes. Error detail: G1 virtual space
# Possible reasons:
#   The system is out of physical RAM or swap space
#   This process is running with CompressedOops enabled, and the Java Heap may be blocking the growth of the native heap
# Possible solutions:
#   Reduce memory load on the system
#   Increase physical memory or swap space
#   Check if swap backing store is full
#   Decrease Java heap size (-Xmx/-Xms)
#   Decrease number of Java threads
#   Decrease Java thread stack sizes (-Xss)
#   Set larger code cache with -XX:ReservedCodeCacheSize=
#   JVM is running with Unscaled Compressed Oops mode in which the Java heap is
#     placed in the first 4GB address space. The Java Heap base address is the
#     maximum limit for the native heap growth. Please use -XX:HeapBaseMinAddress
#     to set the Java Heap base and to place the Java Heap above 4GB virtual address.
# This output file may be truncated or incomplete.
#
#  Out of Memory Error (os_windows.cpp:3825), pid=14760, tid=14384
#
# JRE version: OpenJDK Runtime Environment (17.0.11) (build 17.0.11+0--11852314)
# Java VM: OpenJDK 64-Bit Server VM (17.0.11+0--11852314, mixed mode, tiered, compressed oops, compressed class ptrs, g1 gc, windows-amd64)
# No core dump will be written. Minidumps are not enabled by default on client versions of Windows
#

---------------  S U M M A R Y ------------

Command Line: --add-opens=java.base/java.util=ALL-UNNAMED --add-opens=java.base/java.lang=ALL-UNNAMED --add-opens=java.base/java.lang.invoke=ALL-UNNAMED --add-opens=java.prefs/java.util.prefs=ALL-UNNAMED --add-opens=java.base/java.nio.charset=ALL-UNNAMED --add-opens=java.base/java.net=ALL-UNNAMED --add-opens=java.base/java.util.concurrent.atomic=ALL-UNNAMED -Xmx2048m -Dfile.encoding=UTF-8 -Duser.country=ID -Duser.language=en -Duser.variant -javaagent:C:\Users\asusu\.gradle\wrapper\dists\gradle-8.7-bin\bhs2wmbdwecv87pi65oeuq5iu\gradle-8.7\lib\agents\gradle-instrumentation-agent-8.7.jar org.gradle.launcher.daemon.bootstrap.GradleDaemon 8.7

Host: AMD Ryzen 3 3250U with Radeon Graphics         , 4 cores, 5G,  Windows 11 , 64 bit Build 22621 (10.0.22621.3958)
Time: Mon Nov 11 21:34:27 2024 SE Asia Standard Time elapsed time: 28.968751 seconds (0d 0h 0m 28s)

---------------  T H R E A D  ---------------

Current thread (0x000001f87eef3a00):  VMThread "VM Thread" [stack: 0x0000005c70200000,0x0000005c70300000] [id=14384]

Stack: [0x0000005c70200000,0x0000005c70300000]
Native frames: (J=compiled Java code, j=interpreted, Vv=VM code, C=native code)
V  [jvm.dll+0x687bb9]
V  [jvm.dll+0x84142a]
V  [jvm.dll+0x8430ae]
V  [jvm.dll+0x843713]
V  [jvm.dll+0x24a35f]
V  [jvm.dll+0x684989]
V  [jvm.dll+0x67923a]
V  [jvm.dll+0x30af0b]
V  [jvm.dll+0x3123b6]
V  [jvm.dll+0x361dfe]
V  [jvm.dll+0x36202f]
V  [jvm.dll+0x2e0d38]
V  [jvm.dll+0x2df144]
V  [jvm.dll+0x2de74c]
V  [jvm.dll+0x32305b]
V  [jvm.dll+0x847e0b]
V  [jvm.dll+0x848b42]
V  [jvm.dll+0x84905d]
V  [jvm.dll+0x849434]
V  [jvm.dll+0x849500]
V  [jvm.dll+0x7efa4a]
V  [jvm.dll+0x686a35]
C  [ucrtbase.dll+0x29333]
C  [KERNEL32.DLL+0x1257d]
C  [ntdll.dll+0x5af08]

VM_Operation (0x0000005c71efdd50): G1CollectForAllocation, mode: safepoint, requested by thread 0x000001f8135c9f60


---------------  P R O C E S S  ---------------

Threads class SMR info:
_java_thread_list=0x000001f816843f20, length=49, elements={
0x000001f8747df250, 0x000001f87edbe010, 0x000001f87ed99de0, 0x000001f87eda92e0,
0x000001f87edab930, 0x000001f87edac760, 0x000001f87ef18f70, 0x000001f87ef1eef0,
0x000001f87ef23820, 0x000001f87ef35830, 0x000001f87f04b440, 0x000001f87f14fb50,
0x000001f81412d330, 0x000001f8135d0400, 0x000001f8137e8880, 0x000001f813624030,
0x000001f8145fc8b0, 0x000001f87f0ef040, 0x000001f8133d8710, 0x000001f8135cae90,
0x000001f8135cb8b0, 0x000001f8135ca980, 0x000001f8135cc2d0, 0x000001f8135c9540,
0x000001f8135c9f60, 0x000001f8135cc7e0, 0x000001f8135cb3a0, 0x000001f8135c9030,
0x000001f8135c9a50, 0x000001f8135cbdc0, 0x000001f815e50580, 0x000001f815e50070,
0x000001f815e4d2e0, 0x000001f815e4fb60, 0x000001f815e50a90, 0x000001f815e4d7f0,
0x000001f815e4e210, 0x000001f815e4aa60, 0x000001f815e4e720, 0x000001f815e50fa0,
0x000001f815e4af70, 0x000001f815e4cdd0, 0x000001f814675b10, 0x000001f815e4f140,
0x000001f815e4b990, 0x000001f815e4f650, 0x000001f815e4a040, 0x000001f815e519c0,
0x000001f815e4a550
}

Java Threads: ( => current thread )
  0x000001f8747df250 JavaThread "main" [_thread_blocked, id=2416, stack(0x0000005c6fc00000,0x0000005c6fd00000)]
  0x000001f87edbe010 JavaThread "Reference Handler" daemon [_thread_blocked, id=7076, stack(0x0000005c70300000,0x0000005c70400000)]
  0x000001f87ed99de0 JavaThread "Finalizer" daemon [_thread_blocked, id=12468, stack(0x0000005c70400000,0x0000005c70500000)]
  0x000001f87eda92e0 JavaThread "Signal Dispatcher" daemon [_thread_blocked, id=15736, stack(0x0000005c70500000,0x0000005c70600000)]
  0x000001f87edab930 JavaThread "Attach Listener" daemon [_thread_blocked, id=2696, stack(0x0000005c70600000,0x0000005c70700000)]
  0x000001f87edac760 JavaThread "Service Thread" daemon [_thread_blocked, id=16168, stack(0x0000005c70700000,0x0000005c70800000)]
  0x000001f87ef18f70 JavaThread "Monitor Deflation Thread" daemon [_thread_blocked, id=7916, stack(0x0000005c70800000,0x0000005c70900000)]
  0x000001f87ef1eef0 JavaThread "C2 CompilerThread0" daemon [_thread_blocked, id=16840, stack(0x0000005c70900000,0x0000005c70a00000)]
  0x000001f87ef23820 JavaThread "C1 CompilerThread0" daemon [_thread_blocked, id=9612, stack(0x0000005c70a00000,0x0000005c70b00000)]
  0x000001f87ef35830 JavaThread "Sweeper thread" daemon [_thread_blocked, id=16928, stack(0x0000005c70b00000,0x0000005c70c00000)]
  0x000001f87f04b440 JavaThread "Common-Cleaner" daemon [_thread_blocked, id=13296, stack(0x0000005c70c00000,0x0000005c70d00000)]
  0x000001f87f14fb50 JavaThread "Notification Thread" daemon [_thread_blocked, id=7508, stack(0x0000005c70d00000,0x0000005c70e00000)]
  0x000001f81412d330 JavaThread "Daemon health stats" [_thread_blocked, id=16460, stack(0x0000005c70f00000,0x0000005c71000000)]
  0x000001f8135d0400 JavaThread "Incoming local TCP Connector on port 53225" [_thread_in_native, id=16732, stack(0x0000005c71300000,0x0000005c71400000)]
  0x000001f8137e8880 JavaThread "Daemon periodic checks" [_thread_blocked, id=16144, stack(0x0000005c71400000,0x0000005c71500000)]
  0x000001f813624030 JavaThread "Daemon" [_thread_blocked, id=4552, stack(0x0000005c71500000,0x0000005c71600000)]
  0x000001f8145fc8b0 JavaThread "Handler for socket connection from /127.0.0.1:53225 to /127.0.0.1:53226" [_thread_in_native, id=14792, stack(0x0000005c71600000,0x0000005c71700000)]
  0x000001f87f0ef040 JavaThread "Cancel handler" [_thread_blocked, id=1132, stack(0x0000005c71700000,0x0000005c71800000)]
  0x000001f8133d8710 JavaThread "Daemon worker" [_thread_blocked, id=9356, stack(0x0000005c71800000,0x0000005c71900000)]
  0x000001f8135cae90 JavaThread "Asynchronous log dispatcher for DefaultDaemonConnection: socket connection from /127.0.0.1:53225 to /127.0.0.1:53226" [_thread_blocked, id=7184, stack(0x0000005c71900000,0x0000005c71a00000)]
  0x000001f8135cb8b0 JavaThread "Stdin handler" [_thread_blocked, id=13320, stack(0x0000005c71a00000,0x0000005c71b00000)]
  0x000001f8135ca980 JavaThread "Daemon client event forwarder" [_thread_blocked, id=15716, stack(0x0000005c71b00000,0x0000005c71c00000)]
  0x000001f8135cc2d0 JavaThread "Cache worker for journal cache (C:\Users\asusu\.gradle\caches\journal-1)" [_thread_blocked, id=10304, stack(0x0000005c71c00000,0x0000005c71d00000)]
  0x000001f8135c9540 JavaThread "File lock request listener" [_thread_in_native, id=17300, stack(0x0000005c71d00000,0x0000005c71e00000)]
  0x000001f8135c9f60 JavaThread "Cache worker for file hash cache (C:\Users\asusu\.gradle\caches\8.7\fileHashes)" [_thread_blocked, id=16128, stack(0x0000005c71e00000,0x0000005c71f00000)]
  0x000001f8135cc7e0 JavaThread "Cache worker for file hash cache (C:\Users\asusu\AndroidStudioProjects\StoryApp\.gradle\8.7\fileHashes)" [_thread_blocked, id=3868, stack(0x0000005c72000000,0x0000005c72100000)]
  0x000001f8135cb3a0 JavaThread "File watcher server" daemon [_thread_blocked, id=7132, stack(0x0000005c72100000,0x0000005c72200000)]
  0x000001f8135c9030 JavaThread "File watcher consumer" daemon [_thread_blocked, id=6176, stack(0x0000005c72200000,0x0000005c72300000)]
  0x000001f8135c9a50 JavaThread "jar transforms" [_thread_blocked, id=11292, stack(0x0000005c72300000,0x0000005c72400000)]
  0x000001f8135cbdc0 JavaThread "jar transforms Thread 2" [_thread_blocked, id=16208, stack(0x0000005c72400000,0x0000005c72500000)]
  0x000001f815e50580 JavaThread "jar transforms Thread 3" [_thread_blocked, id=2812, stack(0x0000005c72500000,0x0000005c72600000)]
  0x000001f815e50070 JavaThread "jar transforms Thread 4" [_thread_blocked, id=13884, stack(0x0000005c72600000,0x0000005c72700000)]
  0x000001f815e4d2e0 JavaThread "Cache worker for checksums cache (C:\Users\asusu\AndroidStudioProjects\StoryApp\.gradle\8.7\checksums)" [_thread_blocked, id=11960, stack(0x0000005c71f00000,0x0000005c72000000)]
  0x000001f815e4fb60 JavaThread "Cache worker for cache directory md-supplier (C:\Users\asusu\.gradle\caches\8.7\md-supplier)" [_thread_blocked, id=3392, stack(0x0000005c72700000,0x0000005c72800000)]
  0x000001f815e50a90 JavaThread "Cache worker for cache directory md-rule (C:\Users\asusu\.gradle\caches\8.7\md-rule)" [_thread_blocked, id=16204, stack(0x0000005c72800000,0x0000005c72900000)]
  0x000001f815e4d7f0 JavaThread "Cache worker for file content cache (C:\Users\asusu\.gradle\caches\8.7\fileContent)" [_thread_blocked, id=16276, stack(0x0000005c72a00000,0x0000005c72b00000)]
  0x000001f815e4e210 JavaThread "Unconstrained build operations" [_thread_blocked, id=9904, stack(0x0000005c72b00000,0x0000005c72c00000)]
  0x000001f815e4aa60 JavaThread "Unconstrained build operations Thread 2" [_thread_blocked, id=15504, stack(0x0000005c72900000,0x0000005c72a00000)]
  0x000001f815e4e720 JavaThread "Unconstrained build operations Thread 3" [_thread_blocked, id=15056, stack(0x0000005c72d00000,0x0000005c72e00000)]
  0x000001f815e50fa0 JavaThread "Unconstrained build operations Thread 4" [_thread_blocked, id=10972, stack(0x0000005c72e00000,0x0000005c72f00000)]
  0x000001f815e4af70 JavaThread "Unconstrained build operations Thread 5" [_thread_blocked, id=5028, stack(0x0000005c72f00000,0x0000005c73000000)]
  0x000001f815e4cdd0 JavaThread "Cache worker for Build Output Cleanup Cache (C:\Users\asusu\AndroidStudioProjects\StoryApp\.gradle\buildOutputCleanup)" [_thread_blocked, id=12188, stack(0x0000005c73000000,0x0000005c73100000)]
  0x000001f814675b10 JavaThread "C2 CompilerThread1" daemon [_thread_blocked, id=16368, stack(0x0000005c72c00000,0x0000005c72d00000)]
  0x000001f815e4f140 JavaThread "Unconstrained build operations Thread 6" [_thread_blocked, id=15756, stack(0x0000005c73200000,0x0000005c73300000)]
  0x000001f815e4b990 JavaThread "Unconstrained build operations Thread 7" [_thread_blocked, id=13260, stack(0x0000005c73300000,0x0000005c73400000)]
  0x000001f815e4f650 JavaThread "Unconstrained build operations Thread 8" [_thread_blocked, id=240, stack(0x0000005c73400000,0x0000005c73500000)]
  0x000001f815e4a040 JavaThread "Unconstrained build operations Thread 9" [_thread_blocked, id=17368, stack(0x0000005c73500000,0x0000005c73600000)]
  0x000001f815e519c0 JavaThread "Unconstrained build operations Thread 10" [_thread_blocked, id=16676, stack(0x0000005c73600000,0x0000005c73700000)]
  0x000001f815e4a550 JavaThread "Unconstrained build operations Thread 11" [_thread_blocked, id=14744, stack(0x0000005c73700000,0x0000005c73800000)]

Other Threads:
=>0x000001f87eef3a00 VMThread "VM Thread" [stack: 0x0000005c70200000,0x0000005c70300000] [id=14384]
  0x000001f8747dffe0 WatcherThread [stack: 0x0000005c70e00000,0x0000005c70f00000] [id=17348]
  0x000001f8748380f0 GCTaskThread "GC Thread#0" [stack: 0x0000005c6fd00000,0x0000005c6fe00000] [id=15400]
  0x000001f87f683070 GCTaskThread "GC Thread#1" [stack: 0x0000005c71000000,0x0000005c71100000] [id=13700]
  0x000001f87f482370 GCTaskThread "GC Thread#2" [stack: 0x0000005c71100000,0x0000005c71200000] [id=14432]
  0x000001f81323f740 GCTaskThread "GC Thread#3" [stack: 0x0000005c71200000,0x0000005c71300000] [id=9588]
  0x000001f874848f50 ConcurrentGCThread "G1 Main Marker" [stack: 0x0000005c6fe00000,0x0000005c6ff00000] [id=11392]
  0x000001f87484a490 ConcurrentGCThread "G1 Conc#0" [stack: 0x0000005c6ff00000,0x0000005c70000000] [id=1340]
  0x000001f87ec00500 ConcurrentGCThread "G1 Refine#0" [stack: 0x0000005c70000000,0x0000005c70100000] [id=14344]
  0x000001f87ec00e40 ConcurrentGCThread "G1 Service" [stack: 0x0000005c70100000,0x0000005c70200000] [id=15832]

Threads with active compile tasks:

VM state: at safepoint (normal execution)

VM Mutex/Monitor currently owned by a thread:  ([mutex/lock_event])
[0x000001f8747dac60] Threads_lock - owner thread: 0x000001f87eef3a00
[0x000001f8747da480] Heap_lock - owner thread: 0x000001f8135c9f60

Heap address: 0x0000000080000000, size: 2048 MB, Compressed Oops mode: 32-bit

CDS archive(s) not mapped
Compressed class space mapped at: 0x0000000100000000-0x0000000140000000, reserved size: 1073741824
Narrow klass base: 0x0000000000000000, Narrow klass shift: 3, Narrow klass range: 0x140000000

GC Precious Log:
 CPUs: 4 total, 4 available
 Memory: 6082M
 Large Page Support: Disabled
 NUMA Support: Disabled
 Compressed Oops: Enabled (32-bit)
 Heap Region Size: 1M
 Heap Min Capacity: 8M
 Heap Initial Capacity: 96M
 Heap Max Capacity: 2G
 Pre-touch: Disabled
 Parallel Workers: 4
 Concurrent Workers: 1
 Concurrent Refinement Workers: 4
 Periodic GC: Disabled

Heap:
 garbage-first heap   total 135168K, used 85408K [0x0000000080000000, 0x0000000100000000)
  region size 1024K, 4 young (4096K), 4 survivors (4096K)
 Metaspace       used 68799K, committed 69440K, reserved 1114112K
  class space    used 9294K, committed 9600K, reserved 1048576K

Heap Regions: E=young(eden), S=young(survivor), O=old, HS=humongous(starts), HC=humongous(continues), CS=collection set, F=free, OA=open archive, CA=closed archive, TAMS=top-at-mark-start (previous, next)
|   0|0x0000000080000000, 0x0000000080100000, 0x0000000080100000|100%| O|  |TAMS 0x0000000080100000, 0x0000000080000000| Untracked 
|   1|0x0000000080100000, 0x0000000080200000, 0x0000000080200000|100%|HS|  |TAMS 0x0000000080200000, 0x0000000080100000| Complete 
|   2|0x0000000080200000, 0x0000000080300000, 0x0000000080300000|100%|HC|  |TAMS 0x0000000080300000, 0x0000000080200000| Complete 
|   3|0x0000000080300000, 0x0000000080400000, 0x0000000080400000|100%|HC|  |TAMS 0x0000000080400000, 0x0000000080300000| Complete 
|   4|0x0000000080400000, 0x0000000080500000, 0x0000000080500000|100%|HC|  |TAMS 0x0000000080500000, 0x0000000080400000| Complete 
|   5|0x0000000080500000, 0x0000000080600000, 0x0000000080600000|100%| O|  |TAMS 0x0000000080600000, 0x0000000080500000| Untracked 
|   6|0x0000000080600000, 0x0000000080700000, 0x0000000080700000|100%| O|  |TAMS 0x0000000080700000, 0x0000000080600000| Untracked 
|   7|0x0000000080700000, 0x0000000080800000, 0x0000000080800000|100%| O|  |TAMS 0x0000000080800000, 0x0000000080700000| Untracked 
|   8|0x0000000080800000, 0x0000000080900000, 0x0000000080900000|100%| O|  |TAMS 0x0000000080900000, 0x0000000080800000| Untracked 
|   9|0x0000000080900000, 0x0000000080a00000, 0x0000000080a00000|100%| O|  |TAMS 0x0000000080a00000, 0x0000000080900000| Untracked 
|  10|0x0000000080a00000, 0x0000000080b00000, 0x0000000080b00000|100%| O|  |TAMS 0x0000000080a00000, 0x0000000080a00000| Untracked 
|  11|0x0000000080b00000, 0x0000000080c00000, 0x0000000080c00000|100%| O|  |TAMS 0x0000000080c00000, 0x0000000080b00000| Untracked 
|  12|0x0000000080c00000, 0x0000000080d00000, 0x0000000080d00000|100%| O|  |TAMS 0x0000000080d00000, 0x0000000080c00000| Untracked 
|  13|0x0000000080d00000, 0x0000000080e00000, 0x0000000080e00000|100%| O|  |TAMS 0x0000000080e00000, 0x0000000080d00000| Untracked 
|  14|0x0000000080e00000, 0x0000000080f00000, 0x0000000080f00000|100%| O|  |TAMS 0x0000000080f00000, 0x0000000080e00000| Untracked 
|  15|0x0000000080f00000, 0x0000000081000000, 0x0000000081000000|100%| O|  |TAMS 0x0000000081000000, 0x0000000080f00000| Untracked 
|  16|0x0000000081000000, 0x0000000081100000, 0x0000000081100000|100%| O|  |TAMS 0x0000000081100000, 0x0000000081000000| Untracked 
|  17|0x0000000081100000, 0x0000000081200000, 0x0000000081200000|100%| O|  |TAMS 0x0000000081200000, 0x0000000081100000| Untracked 
|  18|0x0000000081200000, 0x0000000081300000, 0x0000000081300000|100%| O|  |TAMS 0x0000000081300000, 0x0000000081200000| Untracked 
|  19|0x0000000081300000, 0x0000000081400000, 0x0000000081400000|100%| O|  |TAMS 0x0000000081400000, 0x0000000081300000| Untracked 
|  20|0x0000000081400000, 0x0000000081500000, 0x0000000081500000|100%| O|  |TAMS 0x0000000081500000, 0x0000000081400000| Untracked 
|  21|0x0000000081500000, 0x0000000081600000, 0x0000000081600000|100%| O|  |TAMS 0x0000000081600000, 0x0000000081500000| Untracked 
|  22|0x0000000081600000, 0x0000000081700000, 0x0000000081700000|100%|HS|  |TAMS 0x0000000081700000, 0x0000000081600000| Complete 
|  23|0x0000000081700000, 0x0000000081800000, 0x0000000081800000|100%|HC|  |TAMS 0x0000000081800000, 0x0000000081700000| Complete 
|  24|0x0000000081800000, 0x0000000081900000, 0x0000000081900000|100%|HC|  |TAMS 0x0000000081900000, 0x0000000081800000| Complete 
|  25|0x0000000081900000, 0x0000000081a00000, 0x0000000081a00000|100%|HC|  |TAMS 0x0000000081a00000, 0x0000000081900000| Complete 
|  26|0x0000000081a00000, 0x0000000081b00000, 0x0000000081b00000|100%|HC|  |TAMS 0x0000000081b00000, 0x0000000081a00000| Complete 
|  27|0x0000000081b00000, 0x0000000081c00000, 0x0000000081c00000|100%|HS|  |TAMS 0x0000000081c00000, 0x0000000081b00000| Complete 
|  28|0x0000000081c00000, 0x0000000081d00000, 0x0000000081d00000|100%|HC|  |TAMS 0x0000000081d00000, 0x0000000081c00000| Complete 
|  29|0x0000000081d00000, 0x0000000081e00000, 0x0000000081e00000|100%|HC|  |TAMS 0x0000000081e00000, 0x0000000081d00000| Complete 
|  30|0x0000000081e00000, 0x0000000081f00000, 0x0000000081f00000|100%|HS|  |TAMS 0x0000000081f00000, 0x0000000081e00000| Complete 
|  31|0x0000000081f00000, 0x0000000082000000, 0x0000000082000000|100%|HC|  |TAMS 0x0000000082000000, 0x0000000081f00000| Complete 
|  32|0x0000000082000000, 0x0000000082100000, 0x0000000082100000|100%|HC|  |TAMS 0x0000000082100000, 0x0000000082000000| Complete 
|  33|0x0000000082100000, 0x0000000082200000, 0x0000000082200000|100%| O|  |TAMS 0x0000000082200000, 0x0000000082100000| Untracked 
|  34|0x0000000082200000, 0x0000000082300000, 0x0000000082300000|100%| O|  |TAMS 0x0000000082300000, 0x0000000082200000| Untracked 
|  35|0x0000000082300000, 0x0000000082300000, 0x0000000082400000|  0%| F|  |TAMS 0x0000000082300000, 0x0000000082300000| Untracked 
|  36|0x0000000082400000, 0x0000000082500000, 0x0000000082500000|100%| O|  |TAMS 0x0000000082500000, 0x0000000082400000| Untracked 
|  37|0x0000000082500000, 0x0000000082600000, 0x0000000082600000|100%| O|  |TAMS 0x0000000082600000, 0x0000000082500000| Untracked 
|  38|0x0000000082600000, 0x0000000082700000, 0x0000000082700000|100%|HS|  |TAMS 0x0000000082700000, 0x0000000082600000| Complete 
|  39|0x0000000082700000, 0x0000000082800000, 0x0000000082800000|100%| O|  |TAMS 0x0000000082800000, 0x0000000082700000| Untracked 
|  40|0x0000000082800000, 0x0000000082900000, 0x0000000082900000|100%| O|  |TAMS 0x0000000082900000, 0x0000000082800000| Untracked 
|  41|0x0000000082900000, 0x0000000082a00000, 0x0000000082a00000|100%| O|  |TAMS 0x0000000082a00000, 0x0000000082900000| Untracked 
|  42|0x0000000082a00000, 0x0000000082b00000, 0x0000000082b00000|100%| O|  |TAMS 0x0000000082b00000, 0x0000000082a00000| Untracked 
|  43|0x0000000082b00000, 0x0000000082c00000, 0x0000000082c00000|100%| O|  |TAMS 0x0000000082c00000, 0x0000000082b00000| Untracked 
|  44|0x0000000082c00000, 0x0000000082d00000, 0x0000000082d00000|100%| O|  |TAMS 0x0000000082d00000, 0x0000000082c00000| Untracked 
|  45|0x0000000082d00000, 0x0000000082e00000, 0x0000000082e00000|100%| O|  |TAMS 0x0000000082e00000, 0x0000000082d00000| Untracked 
|  46|0x0000000082e00000, 0x0000000082f00000, 0x0000000082f00000|100%| O|  |TAMS 0x0000000082f00000, 0x0000000082e00000| Untracked 
|  47|0x0000000082f00000, 0x0000000083000000, 0x0000000083000000|100%|HS|  |TAMS 0x0000000083000000, 0x0000000082f00000| Complete 
|  48|0x0000000083000000, 0x0000000083100000, 0x0000000083100000|100%|HC|  |TAMS 0x0000000083100000, 0x0000000083000000| Complete 
|  49|0x0000000083100000, 0x0000000083200000, 0x0000000083200000|100%|HC|  |TAMS 0x0000000083200000, 0x0000000083100000| Complete 
|  50|0x0000000083200000, 0x0000000083300000, 0x0000000083300000|100%| O|  |TAMS 0x0000000083300000, 0x0000000083200000| Untracked 
|  51|0x0000000083300000, 0x0000000083400000, 0x0000000083400000|100%| O|  |TAMS 0x0000000083400000, 0x0000000083300000| Untracked 
|  52|0x0000000083400000, 0x0000000083500000, 0x0000000083500000|100%|HS|  |TAMS 0x0000000083500000, 0x0000000083400000| Complete 
|  53|0x0000000083500000, 0x0000000083600000, 0x0000000083600000|100%|HC|  |TAMS 0x0000000083600000, 0x0000000083500000| Complete 
|  54|0x0000000083600000, 0x0000000083700000, 0x0000000083700000|100%|HC|  |TAMS 0x0000000083700000, 0x0000000083600000| Complete 
|  55|0x0000000083700000, 0x0000000083800000, 0x0000000083800000|100%|HC|  |TAMS 0x0000000083800000, 0x0000000083700000| Complete 
|  56|0x0000000083800000, 0x0000000083900000, 0x0000000083900000|100%|HC|  |TAMS 0x0000000083900000, 0x0000000083800000| Complete 
|  57|0x0000000083900000, 0x0000000083a00000, 0x0000000083a00000|100%| O|  |TAMS 0x0000000083a00000, 0x0000000083900000| Untracked 
|  58|0x0000000083a00000, 0x0000000083b00000, 0x0000000083b00000|100%| O|  |TAMS 0x0000000083b00000, 0x0000000083a00000| Untracked 
|  59|0x0000000083b00000, 0x0000000083c00000, 0x0000000083c00000|100%| O|  |TAMS 0x0000000083c00000, 0x0000000083b00000| Untracked 
|  60|0x0000000083c00000, 0x0000000083d00000, 0x0000000083d00000|100%|HS|  |TAMS 0x0000000083d00000, 0x0000000083c00000| Complete 
|  61|0x0000000083d00000, 0x0000000083e00000, 0x0000000083e00000|100%|HC|  |TAMS 0x0000000083e00000, 0x0000000083d00000| Complete 
|  62|0x0000000083e00000, 0x0000000083f00000, 0x0000000083f00000|100%|HC|  |TAMS 0x0000000083f00000, 0x0000000083e00000| Complete 
|  63|0x0000000083f00000, 0x0000000084000000, 0x0000000084000000|100%|HC|  |TAMS 0x0000000084000000, 0x0000000083f00000| Complete 
|  64|0x0000000084000000, 0x0000000084100000, 0x0000000084100000|100%|HC|  |TAMS 0x0000000084100000, 0x0000000084000000| Complete 
|  65|0x0000000084100000, 0x0000000084200000, 0x0000000084200000|100%| O|  |TAMS 0x0000000084200000, 0x0000000084100000| Untracked 
|  66|0x0000000084200000, 0x0000000084300000, 0x0000000084300000|100%| O|  |TAMS 0x0000000084300000, 0x0000000084200000| Untracked 
|  67|0x0000000084300000, 0x0000000084400000, 0x0000000084400000|100%| O|  |TAMS 0x0000000084400000, 0x0000000084300000| Untracked 
|  68|0x0000000084400000, 0x0000000084500000, 0x0000000084500000|100%| O|  |TAMS 0x0000000084500000, 0x0000000084400000| Untracked 
|  69|0x0000000084500000, 0x0000000084600000, 0x0000000084600000|100%| O|  |TAMS 0x0000000084600000, 0x0000000084500000| Untracked 
|  70|0x0000000084600000, 0x0000000084700000, 0x0000000084700000|100%| O|  |TAMS 0x0000000084700000, 0x0000000084600000| Untracked 
|  71|0x0000000084700000, 0x0000000084800000, 0x0000000084800000|100%| O|  |TAMS 0x0000000084800000, 0x0000000084700000| Untracked 
|  72|0x0000000084800000, 0x0000000084900000, 0x0000000084900000|100%| O|  |TAMS 0x0000000084900000, 0x0000000084800000| Untracked 
|  73|0x0000000084900000, 0x0000000084a00000, 0x0000000084a00000|100%| O|  |TAMS 0x0000000084a00000, 0x0000000084900000| Untracked 
|  74|0x0000000084a00000, 0x0000000084b00000, 0x0000000084b00000|100%| O|  |TAMS 0x0000000084a8a000, 0x0000000084a00000| Untracked 
|  75|0x0000000084b00000, 0x0000000084c00000, 0x0000000084c00000|100%| O|  |TAMS 0x0000000084b00000, 0x0000000084b00000| Untracked 
|  76|0x0000000084c00000, 0x0000000084d00000, 0x0000000084d00000|100%| O|  |TAMS 0x0000000084c00000, 0x0000000084c00000| Untracked 
|  77|0x0000000084d00000, 0x0000000084e00000, 0x0000000084e00000|100%| O|  |TAMS 0x0000000084d00000, 0x0000000084d00000| Untracked 
|  78|0x0000000084e00000, 0x0000000084f00000, 0x0000000084f00000|100%| O|  |TAMS 0x0000000084e00000, 0x0000000084e00000| Untracked 
|  79|0x0000000084f00000, 0x0000000085000000, 0x0000000085000000|100%| O|  |TAMS 0x0000000084f00000, 0x0000000084f00000| Untracked 
|  80|0x0000000085000000, 0x0000000085100000, 0x0000000085100000|100%| O|  |TAMS 0x0000000085000000, 0x0000000085000000| Untracked 
|  81|0x0000000085100000, 0x0000000085120c00, 0x0000000085200000| 12%| O|  |TAMS 0x0000000085100000, 0x0000000085100000| Untracked 
|  82|0x0000000085200000, 0x0000000085200000, 0x0000000085300000|  0%| F|  |TAMS 0x0000000085200000, 0x0000000085200000| Untracked 
|  83|0x0000000085300000, 0x0000000085300000, 0x0000000085400000|  0%| F|  |TAMS 0x0000000085300000, 0x0000000085300000| Untracked 
|  84|0x0000000085400000, 0x0000000085400000, 0x0000000085500000|  0%| F|  |TAMS 0x0000000085400000, 0x0000000085400000| Untracked 
|  85|0x0000000085500000, 0x0000000085500000, 0x0000000085600000|  0%| F|  |TAMS 0x0000000085500000, 0x0000000085500000| Untracked 
|  86|0x0000000085600000, 0x0000000085600000, 0x0000000085700000|  0%| F|  |TAMS 0x0000000085600000, 0x0000000085600000| Untracked 
|  87|0x0000000085700000, 0x0000000085700000, 0x0000000085800000|  0%| F|  |TAMS 0x0000000085700000, 0x0000000085700000| Untracked 
|  88|0x0000000085800000, 0x0000000085800000, 0x0000000085900000|  0%| F|  |TAMS 0x0000000085800000, 0x0000000085800000| Untracked 
|  89|0x0000000085900000, 0x0000000085900000, 0x0000000085a00000|  0%| F|  |TAMS 0x0000000085900000, 0x0000000085900000| Untracked 
|  90|0x0000000085a00000, 0x0000000085a00000, 0x0000000085b00000|  0%| F|  |TAMS 0x0000000085a00000, 0x0000000085a00000| Untracked 
|  91|0x0000000085b00000, 0x0000000085b00000, 0x0000000085c00000|  0%| F|  |TAMS 0x0000000085b00000, 0x0000000085b00000| Untracked 
|  92|0x0000000085c00000, 0x0000000085c00000, 0x0000000085d00000|  0%| F|  |TAMS 0x0000000085c00000, 0x0000000085c00000| Untracked 
|  93|0x0000000085d00000, 0x0000000085d00000, 0x0000000085e00000|  0%| F|  |TAMS 0x0000000085d00000, 0x0000000085d00000| Untracked 
|  94|0x0000000085e00000, 0x0000000085e00000, 0x0000000085f00000|  0%| F|  |TAMS 0x0000000085e00000, 0x0000000085e00000| Untracked 
|  95|0x0000000085f00000, 0x0000000085f00000, 0x0000000086000000|  0%| F|  |TAMS 0x0000000085f00000, 0x0000000085f00000| Untracked 
|  96|0x0000000086000000, 0x0000000086000000, 0x0000000086100000|  0%| F|  |TAMS 0x0000000086000000, 0x0000000086000000| Untracked 
|  97|0x0000000086100000, 0x0000000086100000, 0x0000000086200000|  0%| F|  |TAMS 0x0000000086100000, 0x0000000086100000| Untracked 
|  98|0x0000000086200000, 0x0000000086200000, 0x0000000086300000|  0%| F|  |TAMS 0x0000000086200000, 0x0000000086200000| Untracked 
|  99|0x0000000086300000, 0x0000000086300000, 0x0000000086400000|  0%| F|  |TAMS 0x0000000086300000, 0x0000000086300000| Untracked 
| 100|0x0000000086400000, 0x0000000086400000, 0x0000000086500000|  0%| F|  |TAMS 0x0000000086400000, 0x0000000086400000| Untracked 
| 101|0x0000000086500000, 0x0000000086500000, 0x0000000086600000|  0%| F|  |TAMS 0x0000000086500000, 0x0000000086500000| Untracked 
| 102|0x0000000086600000, 0x0000000086600000, 0x0000000086700000|  0%| F|  |TAMS 0x0000000086600000, 0x0000000086600000| Untracked 
| 103|0x0000000086700000, 0x0000000086747720, 0x0000000086800000| 27%| S|CS|TAMS 0x0000000086700000, 0x0000000086700000| Complete 
| 104|0x0000000086800000, 0x0000000086900000, 0x0000000086900000|100%| S|CS|TAMS 0x0000000086800000, 0x0000000086800000| Complete 
| 105|0x0000000086900000, 0x0000000086a00000, 0x0000000086a00000|100%| S|CS|TAMS 0x0000000086900000, 0x0000000086900000| Complete 
| 106|0x0000000086a00000, 0x0000000086b00000, 0x0000000086b00000|100%| S|CS|TAMS 0x0000000086a00000, 0x0000000086a00000| Complete 
| 107|0x0000000086b00000, 0x0000000086b00000, 0x0000000086c00000|  0%| F|  |TAMS 0x0000000086b00000, 0x0000000086b00000| Untracked 
| 108|0x0000000086c00000, 0x0000000086c00000, 0x0000000086d00000|  0%| F|  |TAMS 0x0000000086c00000, 0x0000000086c00000| Untracked 
| 109|0x0000000086d00000, 0x0000000086d00000, 0x0000000086e00000|  0%| F|  |TAMS 0x0000000086d00000, 0x0000000086d00000| Untracked 
| 110|0x0000000086e00000, 0x0000000086e00000, 0x0000000086f00000|  0%| F|  |TAMS 0x0000000086e00000, 0x0000000086e00000| Untracked 
| 111|0x0000000086f00000, 0x0000000086f00000, 0x0000000087000000|  0%| F|  |TAMS 0x0000000086f00000, 0x0000000086f00000| Untracked 
| 112|0x0000000087000000, 0x0000000087000000, 0x0000000087100000|  0%| F|  |TAMS 0x0000000087000000, 0x0000000087000000| Untracked 
| 113|0x0000000087100000, 0x0000000087100000, 0x0000000087200000|  0%| F|  |TAMS 0x0000000087100000, 0x0000000087100000| Untracked 
| 114|0x0000000087200000, 0x0000000087200000, 0x0000000087300000|  0%| F|  |TAMS 0x0000000087200000, 0x0000000087200000| Untracked 
| 115|0x0000000087300000, 0x0000000087300000, 0x0000000087400000|  0%| F|  |TAMS 0x0000000087300000, 0x0000000087300000| Untracked 
| 116|0x0000000087400000, 0x0000000087400000, 0x0000000087500000|  0%| F|  |TAMS 0x0000000087400000, 0x0000000087400000| Untracked 
| 117|0x0000000087500000, 0x0000000087500000, 0x0000000087600000|  0%| F|  |TAMS 0x0000000087500000, 0x0000000087500000| Untracked 
| 118|0x0000000087600000, 0x0000000087600000, 0x0000000087700000|  0%| F|  |TAMS 0x0000000087600000, 0x0000000087600000| Untracked 
| 119|0x0000000087700000, 0x0000000087700000, 0x0000000087800000|  0%| F|  |TAMS 0x0000000087700000, 0x0000000087700000| Untracked 
| 120|0x0000000087800000, 0x0000000087800000, 0x0000000087900000|  0%| F|  |TAMS 0x0000000087800000, 0x0000000087800000| Untracked 
| 121|0x0000000087900000, 0x0000000087900000, 0x0000000087a00000|  0%| F|  |TAMS 0x0000000087900000, 0x0000000087900000| Untracked 
| 122|0x0000000087a00000, 0x0000000087a00000, 0x0000000087b00000|  0%| F|  |TAMS 0x0000000087a00000, 0x0000000087a00000| Untracked 
| 123|0x0000000087b00000, 0x0000000087b00000, 0x0000000087c00000|  0%| F|  |TAMS 0x0000000087b00000, 0x0000000087b00000| Untracked 
| 124|0x0000000087c00000, 0x0000000087c00000, 0x0000000087d00000|  0%| F|  |TAMS 0x0000000087c00000, 0x0000000087c00000| Untracked 
| 125|0x0000000087d00000, 0x0000000087d00000, 0x0000000087e00000|  0%| F|  |TAMS 0x0000000087d00000, 0x0000000087d00000| Untracked 
| 126|0x0000000087e00000, 0x0000000087e00000, 0x0000000087f00000|  0%| F|  |TAMS 0x0000000087e00000, 0x0000000087e00000| Untracked 
| 127|0x0000000087f00000, 0x0000000087f00000, 0x0000000088000000|  0%| F|  |TAMS 0x0000000087f00000, 0x0000000087f00000| Untracked 
| 128|0x0000000088000000, 0x0000000088000000, 0x0000000088100000|  0%| F|  |TAMS 0x0000000088000000, 0x0000000088000000| Untracked 
| 129|0x0000000088100000, 0x0000000088100000, 0x0000000088200000|  0%| F|  |TAMS 0x0000000088100000, 0x0000000088100000| Untracked 
| 130|0x0000000088200000, 0x0000000088200000, 0x0000000088300000|  0%| F|  |TAMS 0x0000000088200000, 0x0000000088200000| Untracked 
| 131|0x0000000088300000, 0x0000000088300000, 0x0000000088400000|  0%| F|  |TAMS 0x0000000088300000, 0x0000000088300000| Untracked 

Card table byte_map: [0x000001f878090000,0x000001f878490000] _byte_map_base: 0x000001f877c90000

Marking Bits (Prev, Next): (CMBitMap*) 0x000001f874838660, (CMBitMap*) 0x000001f874838620
 Prev Bits: [0x000001f87a890000, 0x000001f87c890000)
 Next Bits: [0x000001f878890000, 0x000001f87a890000)

Polling page: 0x000001f872760000

Metaspace:

Usage:
  Non-class:     58.11 MB used.
      Class:      9.08 MB used.
       Both:     67.19 MB used.

Virtual space:
  Non-class space:       64.00 MB reserved,      58.44 MB ( 91%) committed,  1 nodes.
      Class space:        1.00 GB reserved,       9.38 MB ( <1%) committed,  1 nodes.
             Both:        1.06 GB reserved,      67.81 MB (  6%) committed. 

Chunk freelists:
   Non-Class:  5.38 MB
       Class:  6.64 MB
        Both:  12.02 MB

MaxMetaspaceSize: unlimited
CompressedClassSpaceSize: 1.00 GB
Initial GC threshold: 21.00 MB
Current GC threshold: 112.00 MB
CDS: off
MetaspaceReclaimPolicy: balanced
 - commit_granule_bytes: 65536.
 - commit_granule_words: 8192.
 - virtual_space_node_default_size: 8388608.
 - enlarge_chunks_in_place: 1.
 - new_chunks_are_fully_committed: 0.
 - uncommit_free_chunks: 1.
 - use_allocation_guard: 0.
 - handle_deallocations: 1.


Internal statistics:

num_allocs_failed_limit: 3.
num_arena_births: 794.
num_arena_deaths: 0.
num_vsnodes_births: 2.
num_vsnodes_deaths: 0.
num_space_committed: 1085.
num_space_uncommitted: 0.
num_chunks_returned_to_freelist: 3.
num_chunks_taken_from_freelist: 3110.
num_chunk_merges: 3.
num_chunk_splits: 1980.
num_chunks_enlarged: 1292.
num_inconsistent_stats: 0.

CodeHeap 'non-profiled nmethods': size=120000Kb used=3819Kb max_used=3819Kb free=116180Kb
 bounds [0x000001f807ad0000, 0x000001f807e90000, 0x000001f80f000000]
CodeHeap 'profiled nmethods': size=120000Kb used=13702Kb max_used=13702Kb free=106297Kb
 bounds [0x000001f800000000, 0x000001f800d70000, 0x000001f807530000]
CodeHeap 'non-nmethods': size=5760Kb used=2375Kb max_used=2475Kb free=3385Kb
 bounds [0x000001f807530000, 0x000001f8077b0000, 0x000001f807ad0000]
 total_blobs=8050 nmethods=7151 adapters=811
 compilation: enabled
              stopped_count=0, restarted_count=0
 full_count=0

Compilation events (20 events):
Event: 28.946 Thread 0x000001f87ef23820 7905       3       org.gradle.internal.operations.DefaultBuildOperationRunner::getCurrentBuildOperation (11 bytes)
Event: 28.946 Thread 0x000001f87ef23820 nmethod 7905 0x000001f800d60210 code [0x000001f800d603e0, 0x000001f800d60808]
Event: 28.947 Thread 0x000001f87ef23820 7906       1       org.gradle.internal.action.DefaultConfigurableRules::getConfigurableRules (5 bytes)
Event: 28.947 Thread 0x000001f87ef23820 nmethod 7906 0x000001f807e89390 code [0x000001f807e89520, 0x000001f807e895f8]
Event: 28.950 Thread 0x000001f87ef1eef0 7907       4       org.gradle.internal.snapshot.SnapshotUtil$1::handleAsDescendantOfChild (10 bytes)
Event: 28.950 Thread 0x000001f87ef23820 7908       3       org.gradle.internal.snapshot.SnapshotUtil$$Lambda$521/0x000000010056b668::visitEntry (9 bytes)
Event: 28.951 Thread 0x000001f87ef23820 nmethod 7908 0x000001f800d60990 code [0x000001f800d60b60, 0x000001f800d60f38]
Event: 28.951 Thread 0x000001f87ef23820 7909       3       org.gradle.internal.snapshot.SnapshotUtil::lambda$getRootHashes$3 (21 bytes)
Event: 28.951 Thread 0x000001f87ef23820 nmethod 7909 0x000001f800d61090 code [0x000001f800d61240, 0x000001f800d61598]
Event: 28.952 Thread 0x000001f87ef23820 7910       1       org.gradle.internal.fingerprint.classpath.impl.ClasspathFingerprintingStrategy::access$700 (5 bytes)
Event: 28.953 Thread 0x000001f87ef23820 nmethod 7910 0x000001f807e89690 code [0x000001f807e89820, 0x000001f807e898d8]
Event: 28.953 Thread 0x000001f87ef23820 7911       1       org.gradle.internal.fingerprint.classpath.impl.ClasspathFingerprintingStrategy::access$500 (5 bytes)
Event: 28.953 Thread 0x000001f87ef23820 nmethod 7911 0x000001f807e89990 code [0x000001f807e89b20, 0x000001f807e89bd8]
Event: 28.953 Thread 0x000001f87ef23820 7912       1       org.gradle.internal.fingerprint.classpath.impl.ClasspathFingerprintingStrategy::access$600 (5 bytes)
Event: 28.953 Thread 0x000001f87ef23820 nmethod 7912 0x000001f807e89c90 code [0x000001f807e89e20, 0x000001f807e89ed8]
Event: 28.955 Thread 0x000001f814675b10 7913       4       java.nio.HeapByteBuffer::putLong (32 bytes)
Event: 28.956 Thread 0x000001f87ef1eef0 nmethod 7907 0x000001f807e89f90 code [0x000001f807e8a160, 0x000001f807e8a558]
Event: 28.957 Thread 0x000001f814675b10 nmethod 7913 0x000001f807e8aa10 code [0x000001f807e8ab80, 0x000001f807e8ac98]
Event: 28.959 Thread 0x000001f87ef23820 7914       3       org.gradle.internal.hash.HashCode$HashCode128::hashCode (6 bytes)
Event: 28.959 Thread 0x000001f87ef23820 nmethod 7914 0x000001f800d61710 code [0x000001f800d618a0, 0x000001f800d619b8]

GC Heap History (20 events):
Event: 22.106 GC heap after
{Heap after GC invocations=27 (full 0):
 garbage-first heap   total 124928K, used 70179K [0x0000000080000000, 0x0000000100000000)
  region size 1024K, 2 young (2048K), 2 survivors (2048K)
 Metaspace       used 53269K, committed 53888K, reserved 1114112K
  class space    used 7109K, committed 7424K, reserved 1048576K
}
Event: 22.522 GC heap before
{Heap before GC invocations=27 (full 0):
 garbage-first heap   total 124928K, used 90659K [0x0000000080000000, 0x0000000100000000)
  region size 1024K, 22 young (22528K), 2 survivors (2048K)
 Metaspace       used 54148K, committed 54720K, reserved 1114112K
  class space    used 7263K, committed 7552K, reserved 1048576K
}
Event: 22.527 GC heap after
{Heap after GC invocations=28 (full 0):
 garbage-first heap   total 124928K, used 71333K [0x0000000080000000, 0x0000000100000000)
  region size 1024K, 3 young (3072K), 3 survivors (3072K)
 Metaspace       used 54148K, committed 54720K, reserved 1114112K
  class space    used 7263K, committed 7552K, reserved 1048576K
}
Event: 23.443 GC heap before
{Heap before GC invocations=29 (full 0):
 garbage-first heap   total 124928K, used 92837K [0x0000000080000000, 0x0000000100000000)
  region size 1024K, 24 young (24576K), 3 survivors (3072K)
 Metaspace       used 56936K, committed 57536K, reserved 1114112K
  class space    used 7702K, committed 8000K, reserved 1048576K
}
Event: 23.449 GC heap after
{Heap after GC invocations=30 (full 0):
 garbage-first heap   total 124928K, used 72669K [0x0000000080000000, 0x0000000100000000)
  region size 1024K, 3 young (3072K), 3 survivors (3072K)
 Metaspace       used 56936K, committed 57536K, reserved 1114112K
  class space    used 7702K, committed 8000K, reserved 1048576K
}
Event: 23.584 GC heap before
{Heap before GC invocations=30 (full 0):
 garbage-first heap   total 124928K, used 75741K [0x0000000080000000, 0x0000000100000000)
  region size 1024K, 6 young (6144K), 3 survivors (3072K)
 Metaspace       used 57238K, committed 57792K, reserved 1114112K
  class space    used 7755K, committed 8000K, reserved 1048576K
}
Event: 23.593 GC heap after
{Heap after GC invocations=31 (full 0):
 garbage-first heap   total 124928K, used 72553K [0x0000000080000000, 0x0000000100000000)
  region size 1024K, 1 young (1024K), 1 survivors (1024K)
 Metaspace       used 57238K, committed 57792K, reserved 1114112K
  class space    used 7755K, committed 8000K, reserved 1048576K
}
Event: 24.205 GC heap before
{Heap before GC invocations=31 (full 0):
 garbage-first heap   total 124928K, used 95081K [0x0000000080000000, 0x0000000100000000)
  region size 1024K, 23 young (23552K), 1 survivors (1024K)
 Metaspace       used 59330K, committed 60032K, reserved 1114112K
  class space    used 8130K, committed 8448K, reserved 1048576K
}
Event: 24.211 GC heap after
{Heap after GC invocations=32 (full 0):
 garbage-first heap   total 124928K, used 73781K [0x0000000080000000, 0x0000000100000000)
  region size 1024K, 2 young (2048K), 2 survivors (2048K)
 Metaspace       used 59330K, committed 60032K, reserved 1114112K
  class space    used 8130K, committed 8448K, reserved 1048576K
}
Event: 25.415 GC heap before
{Heap before GC invocations=33 (full 0):
 garbage-first heap   total 130048K, used 97333K [0x0000000080000000, 0x0000000100000000)
  region size 1024K, 25 young (25600K), 2 survivors (2048K)
 Metaspace       used 63041K, committed 63680K, reserved 1114112K
  class space    used 8597K, committed 8896K, reserved 1048576K
}
Event: 25.421 GC heap after
{Heap after GC invocations=34 (full 0):
 garbage-first heap   total 130048K, used 76013K [0x0000000080000000, 0x0000000100000000)
  region size 1024K, 4 young (4096K), 4 survivors (4096K)
 Metaspace       used 63041K, committed 63680K, reserved 1114112K
  class space    used 8597K, committed 8896K, reserved 1048576K
}
Event: 25.484 GC heap before
{Heap before GC invocations=34 (full 0):
 garbage-first heap   total 130048K, used 78061K [0x0000000080000000, 0x0000000100000000)
  region size 1024K, 6 young (6144K), 4 survivors (4096K)
 Metaspace       used 64039K, committed 64704K, reserved 1114112K
  class space    used 8718K, committed 9024K, reserved 1048576K
}
Event: 25.500 GC heap after
{Heap after GC invocations=35 (full 0):
 garbage-first heap   total 130048K, used 75782K [0x0000000080000000, 0x0000000100000000)
  region size 1024K, 1 young (1024K), 1 survivors (1024K)
 Metaspace       used 64039K, committed 64704K, reserved 1114112K
  class space    used 8718K, committed 9024K, reserved 1048576K
}
Event: 27.434 GC heap before
{Heap before GC invocations=35 (full 0):
 garbage-first heap   total 130048K, used 101382K [0x0000000080000000, 0x0000000100000000)
  region size 1024K, 27 young (27648K), 1 survivors (1024K)
 Metaspace       used 68083K, committed 68736K, reserved 1114112K
  class space    used 9242K, committed 9536K, reserved 1048576K
}
Event: 27.447 GC heap after
{Heap after GC invocations=36 (full 0):
 garbage-first heap   total 130048K, used 79300K [0x0000000080000000, 0x0000000100000000)
  region size 1024K, 4 young (4096K), 4 survivors (4096K)
 Metaspace       used 68083K, committed 68736K, reserved 1114112K
  class space    used 9242K, committed 9536K, reserved 1048576K
}
Event: 28.251 GC heap before
{Heap before GC invocations=37 (full 0):
 garbage-first heap   total 135168K, used 101828K [0x0000000080000000, 0x0000000100000000)
  region size 1024K, 27 young (27648K), 4 survivors (4096K)
 Metaspace       used 68546K, committed 69184K, reserved 1114112K
  class space    used 9279K, committed 9600K, reserved 1048576K
}
Event: 28.261 GC heap after
{Heap after GC invocations=38 (full 0):
 garbage-first heap   total 135168K, used 83019K [0x0000000080000000, 0x0000000100000000)
  region size 1024K, 4 young (4096K), 4 survivors (4096K)
 Metaspace       used 68546K, committed 69184K, reserved 1114112K
  class space    used 9279K, committed 9600K, reserved 1048576K
}
Event: 28.282 GC heap before
{Heap before GC invocations=38 (full 0):
 garbage-first heap   total 135168K, used 85067K [0x0000000080000000, 0x0000000100000000)
  region size 1024K, 6 young (6144K), 4 survivors (4096K)
 Metaspace       used 68565K, committed 69184K, reserved 1114112K
  class space    used 9279K, committed 9600K, reserved 1048576K
}
Event: 28.288 GC heap after
{Heap after GC invocations=39 (full 0):
 garbage-first heap   total 135168K, used 83075K [0x0000000080000000, 0x0000000100000000)
  region size 1024K, 1 young (1024K), 1 survivors (1024K)
 Metaspace       used 68565K, committed 69184K, reserved 1114112K
  class space    used 9279K, committed 9600K, reserved 1048576K
}
Event: 28.960 GC heap before
{Heap before GC invocations=39 (full 0):
 garbage-first heap   total 135168K, used 106627K [0x0000000080000000, 0x0000000100000000)
  region size 1024K, 25 young (25600K), 1 survivors (1024K)
 Metaspace       used 68799K, committed 69440K, reserved 1114112K
  class space    used 9294K, committed 9600K, reserved 1048576K
}

Dll operation events (3 events):
Event: 0.033 Loaded shared library C:\Program Files\Android\Android Studio\jbr\bin\java.dll
Event: 1.203 Loaded shared library C:\Program Files\Android\Android Studio\jbr\bin\zip.dll
Event: 2.028 Loaded shared library C:\Program Files\Android\Android Studio\jbr\bin\verify.dll

Deoptimization events (20 events):
Event: 28.040 Thread 0x000001f8133d8710 Uncommon trap: trap_request=0xffffff45 fr.pc=0x000001f807b45560 relative=0x00000000000002a0
Event: 28.040 Thread 0x000001f8133d8710 Uncommon trap: reason=unstable_if action=reinterpret pc=0x000001f807b45560 method=org.gradle.internal.snapshot.PathUtil.compareCharsIgnoringCase(CC)I @ 11 c2
Event: 28.040 Thread 0x000001f8133d8710 DEOPT PACKING pc=0x000001f807b45560 sp=0x0000005c718f4720
Event: 28.040 Thread 0x000001f8133d8710 DEOPT UNPACKING pc=0x000001f8075869a3 sp=0x0000005c718f46c0 mode 2
Event: 28.052 Thread 0x000001f8135c9f60 DEOPT PACKING pc=0x000001f800926ca0 sp=0x0000005c71efdff0
Event: 28.052 Thread 0x000001f8135c9f60 DEOPT UNPACKING pc=0x000001f807587143 sp=0x0000005c71efd4b0 mode 0
Event: 28.054 Thread 0x000001f8133d8710 Uncommon trap: trap_request=0xffffff45 fr.pc=0x000001f807b45edc relative=0x000000000000015c
Event: 28.054 Thread 0x000001f8133d8710 Uncommon trap: reason=unstable_if action=reinterpret pc=0x000001f807b45edc method=org.gradle.internal.snapshot.VfsRelativePath.isPrefix(Ljava/lang/String;ILjava/lang/String;ILorg/gradle/internal/snapshot/CaseSensitivity;)Z @ 101 c2
Event: 28.054 Thread 0x000001f8133d8710 DEOPT PACKING pc=0x000001f807b45edc sp=0x0000005c718f55a0
Event: 28.055 Thread 0x000001f8133d8710 DEOPT UNPACKING pc=0x000001f8075869a3 sp=0x0000005c718f5528 mode 2
Event: 28.058 Thread 0x000001f815e4a040 DEOPT PACKING pc=0x000001f800b1043a sp=0x0000005c735fd3f0
Event: 28.058 Thread 0x000001f815e4a040 DEOPT UNPACKING pc=0x000001f807587143 sp=0x0000005c735fc900 mode 0
Event: 28.088 Thread 0x000001f8135c9f60 DEOPT PACKING pc=0x000001f800926ca0 sp=0x0000005c71efdff0
Event: 28.088 Thread 0x000001f8135c9f60 DEOPT UNPACKING pc=0x000001f807587143 sp=0x0000005c71efd4b0 mode 0
Event: 28.112 Thread 0x000001f8135c9f60 DEOPT PACKING pc=0x000001f800926ca0 sp=0x0000005c71efdff0
Event: 28.113 Thread 0x000001f8135c9f60 DEOPT UNPACKING pc=0x000001f807587143 sp=0x0000005c71efd4b0 mode 0
Event: 28.921 Thread 0x000001f8133d8710 Uncommon trap: trap_request=0xffffff3d fr.pc=0x000001f807c35650 relative=0x0000000000000210
Event: 28.921 Thread 0x000001f8133d8710 Uncommon trap: reason=unstable_fused_if action=reinterpret pc=0x000001f807c35650 method=org.objectweb.asm.ByteVector.putUTF8(Ljava/lang/String;)Lorg/objectweb/asm/ByteVector; @ 93 c2
Event: 28.921 Thread 0x000001f8133d8710 DEOPT PACKING pc=0x000001f807c35650 sp=0x0000005c718f74f0
Event: 28.921 Thread 0x000001f8133d8710 DEOPT UNPACKING pc=0x000001f8075869a3 sp=0x0000005c718f7470 mode 2

Classes unloaded (0 events):
No events

Classes redefined (0 events):
No events

Internal exceptions (20 events):
Event: 24.196 Thread 0x000001f8133d8710 Exception <a 'java/lang/NoSuchMethodError'{0x000000008638ab60}: 'java.lang.Object java.lang.invoke.Invokers$Holder.invoker(java.lang.Object, java.lang.Object, java.lang.Object, java.lang.Object, java.lang.Object, java.lang.Object, java.lang.Object, java.lang.Object, java.lang.Object, java.lang.Object, java.lang.Object, java.lang.Object, java.lang.Object, java.lang.Object, java.lang.Object, java.lang.Object, java.lang.Object, java.lang.Object, java.lang.Object, java.lang.Object, java.lang.Object, java.lang.
Event: 24.197 Thread 0x000001f8133d8710 Exception <a 'java/lang/NoSuchMethodError'{0x0000000086391760}: 'java.lang.Object java.lang.invoke.DelegatingMethodHandle$Holder.delegate(java.lang.Object, java.lang.Object, java.lang.Object, java.lang.Object, java.lang.Object, java.lang.Object, java.lang.Object, java.lang.Object, java.lang.Object, java.lang.Object, java.lang.Object, java.lang.Object, java.lang.Object, java.lang.Object, java.lang.Object, java.lang.Object, java.lang.Object, java.lang.Object, java.lang.Object, java.lang.Object, java.lang.Obj
Event: 24.233 Thread 0x000001f8133d8710 Exception <a 'java/lang/NoSuchMethodError'{0x000000008795e238}: 'java.lang.Object java.lang.invoke.DirectMethodHandle$Holder.invokeStatic(java.lang.Object, java.lang.Object, java.lang.Object, java.lang.Object, java.lang.Object, java.lang.Object, java.lang.Object, java.lang.Object, java.lang.Object, java.lang.Object, java.lang.Object, java.lang.Object, java.lang.Object, java.lang.Object, java.lang.Object, java.lang.Object, java.lang.Object, java.lang.Object, java.lang.Object, java.lang.Object, java.lang.Obj
Event: 24.754 Thread 0x000001f8133d8710 Exception <a 'java/lang/NoSuchMethodError'{0x0000000087c59e08}: static Lorg/gradle/api/internal/catalog/DefaultVersionCatalog;.<clinit>()V> (0x0000000087c59e08) 
thrown [s\src\hotspot\share\prims\jni.cpp, line 1127]
Event: 24.797 Thread 0x000001f8133d8710 Exception <a 'java/lang/NoSuchMethodError'{0x0000000087cacab8}: static [Ljava/lang/Object;.<clinit>()V> (0x0000000087cacab8) 
thrown [s\src\hotspot\share\prims\jni.cpp, line 1127]
Event: 24.801 Thread 0x000001f8133d8710 Exception <a 'java/lang/NoSuchMethodError'{0x0000000087cd5498}: static Lorg/gradle/api/internal/catalog/DependencyModel;.<clinit>()V> (0x0000000087cd5498) 
thrown [s\src\hotspot\share\prims\jni.cpp, line 1127]
Event: 24.802 Thread 0x000001f8133d8710 Exception <a 'java/lang/NoSuchMethodError'{0x0000000087cd8e98}: static Lorg/gradle/api/internal/catalog/AbstractContextAwareModel;.<clinit>()V> (0x0000000087cd8e98) 
thrown [s\src\hotspot\share\prims\jni.cpp, line 1127]
Event: 24.807 Thread 0x000001f8133d8710 Exception <a 'java/lang/NoSuchMethodError'{0x0000000087cf2bb0}: static Lorg/gradle/api/internal/artifacts/dependencies/AbstractVersionConstraint;.<clinit>()V> (0x0000000087cf2bb0) 
thrown [s\src\hotspot\share\prims\jni.cpp, line 1127]
Event: 24.864 Thread 0x000001f8133d8710 Exception <a 'java/lang/NoSuchMethodError'{0x0000000087b53710}: static Lorg/gradle/api/internal/catalog/PluginModel;.<clinit>()V> (0x0000000087b53710) 
thrown [s\src\hotspot\share\prims\jni.cpp, line 1127]
Event: 24.906 Thread 0x000001f8133d8710 Exception <a 'java/lang/NoSuchMethodError'{0x0000000087b6a560}: static Lorg/gradle/api/internal/catalog/VersionModel;.<clinit>()V> (0x0000000087b6a560) 
thrown [s\src\hotspot\share\prims\jni.cpp, line 1127]
Event: 25.079 Thread 0x000001f8133d8710 Exception <a 'java/lang/NoSuchMethodError'{0x0000000087409fc0}: 'int java.lang.invoke.DirectMethodHandle$Holder.invokeSpecialIFC(java.lang.Object, java.lang.Object, java.lang.Object)'> (0x0000000087409fc0) 
thrown [s\src\hotspot\share\interpreter\linkResolver.cpp, line 771]
Event: 25.157 Thread 0x000001f8133d8710 Exception <a 'java/lang/NoSuchMethodError'{0x00000000871ccd30}: 'java.lang.Object java.lang.invoke.DirectMethodHandle$Holder.newInvokeSpecial(java.lang.Object, java.lang.Object, java.lang.Object, java.lang.Object, java.lang.Object, int)'> (0x00000000871ccd30) 
thrown [s\src\hotspot\share\interpreter\linkResolver.cpp, line 771]
Event: 25.158 Thread 0x000001f8133d8710 Exception <a 'java/lang/NoSuchMethodError'{0x00000000871d2430}: 'java.lang.Object java.lang.invoke.DirectMethodHandle$Holder.invokeSpecial(java.lang.Object, java.lang.Object, java.lang.Object, java.lang.Object, java.lang.Object, java.lang.Object, int)'> (0x00000000871d2430) 
thrown [s\src\hotspot\share\interpreter\linkResolver.cpp, line 771]
Event: 25.158 Thread 0x000001f8133d8710 Exception <a 'java/lang/NoSuchMethodError'{0x00000000871d74b8}: 'java.lang.Object java.lang.invoke.Invokers$Holder.linkToTargetMethod(java.lang.Object, java.lang.Object, java.lang.Object, java.lang.Object, int, java.lang.Object)'> (0x00000000871d74b8) 
thrown [s\src\hotspot\share\interpreter\linkResolver.cpp, line 771]
Event: 25.163 Thread 0x000001f8133d8710 Exception <a 'java/lang/NoSuchMethodError'{0x000000008700b450}: 'java.lang.Object java.lang.invoke.DirectMethodHandle$Holder.invokeSpecial(java.lang.Object, java.lang.Object, java.lang.Object, java.lang.Object, java.lang.Object, long)'> (0x000000008700b450) 
thrown [s\src\hotspot\share\interpreter\linkResolver.cpp, line 771]
Event: 25.165 Thread 0x000001f8133d8710 Exception <a 'java/lang/NoSuchMethodError'{0x000000008702ed70}: 'void java.lang.invoke.DirectMethodHandle$Holder.invokeStatic(java.lang.Object, java.lang.Object, java.lang.Object, int, java.lang.Object)'> (0x000000008702ed70) 
thrown [s\src\hotspot\share\interpreter\linkResolver.cpp, line 771]
Event: 25.183 Thread 0x000001f8133d8710 Implicit null exception at 0x000001f807b0bef2 to 0x000001f807b0c4c0
Event: 25.272 Thread 0x000001f8133d8710 Exception <a 'sun/nio/fs/WindowsException'{0x0000000086d5c900}> (0x0000000086d5c900) 
thrown [s\src\hotspot\share\prims\jni.cpp, line 531]
Event: 26.455 Thread 0x000001f8133d8710 Implicit null exception at 0x000001f807b1e772 to 0x000001f807b1ed50
Event: 27.457 Thread 0x000001f87ed99de0 Implicit null exception at 0x000001f807d20cff to 0x000001f807d20ec8

VM Operations (20 events):
Event: 26.617 Executing VM operation: Cleanup done
Event: 26.774 Executing VM operation: HandshakeAllThreads
Event: 26.774 Executing VM operation: HandshakeAllThreads done
Event: 27.191 Executing VM operation: ICBufferFull
Event: 27.191 Executing VM operation: ICBufferFull done
Event: 27.434 Executing VM operation: G1CollectForAllocation
Event: 27.449 Executing VM operation: G1CollectForAllocation done
Event: 27.563 Executing VM operation: HandshakeAllThreads
Event: 27.563 Executing VM operation: HandshakeAllThreads done
Event: 27.570 Executing VM operation: G1PauseRemark
Event: 27.579 Executing VM operation: G1PauseRemark done
Event: 27.633 Executing VM operation: G1PauseCleanup
Event: 27.633 Executing VM operation: G1PauseCleanup done
Event: 28.078 Executing VM operation: ICBufferFull
Event: 28.078 Executing VM operation: ICBufferFull done
Event: 28.250 Executing VM operation: G1CollectForAllocation
Event: 28.261 Executing VM operation: G1CollectForAllocation done
Event: 28.282 Executing VM operation: G1CollectForAllocation
Event: 28.288 Executing VM operation: G1CollectForAllocation done
Event: 28.960 Executing VM operation: G1CollectForAllocation

Events (20 events):
Event: 26.808 loading class com/sun/crypto/provider/ChaCha20Cipher$EngineAEADDec
Event: 26.808 loading class com/sun/crypto/provider/ChaCha20Cipher$EngineAEADDec done
Event: 27.351 loading class java/util/Collections$ReverseComparator
Event: 27.351 loading class java/util/Collections$ReverseComparator done
Event: 27.351 loading class java/util/Collections$ReverseComparator2
Event: 27.351 loading class java/util/Collections$ReverseComparator2 done
Event: 27.455 loading class sun/security/ssl/Alert
Event: 27.455 loading class sun/security/ssl/Alert done
Event: 27.456 loading class sun/security/ssl/Alert$AlertConsumer
Event: 27.456 loading class sun/security/ssl/Alert$AlertConsumer done
Event: 27.456 loading class sun/security/ssl/Alert$Level
Event: 27.456 loading class sun/security/ssl/Alert$Level done
Event: 27.772 loading class java/util/LinkedList$LLSpliterator
Event: 27.772 loading class java/util/LinkedList$LLSpliterator done
Event: 27.855 Thread 0x000001f815e4f140 Thread added: 0x000001f815e4f140
Event: 27.856 Thread 0x000001f815e4b990 Thread added: 0x000001f815e4b990
Event: 27.856 Thread 0x000001f815e4f650 Thread added: 0x000001f815e4f650
Event: 28.038 Thread 0x000001f815e4a040 Thread added: 0x000001f815e4a040
Event: 28.042 Thread 0x000001f815e519c0 Thread added: 0x000001f815e519c0
Event: 28.045 Thread 0x000001f815e4a550 Thread added: 0x000001f815e4a550


Dynamic libraries:
0x00007ff7812e0000 - 0x00007ff7812ea000 	C:\Program Files\Android\Android Studio\jbr\bin\java.exe
0x00007ffeeb770000 - 0x00007ffeeb987000 	C:\Windows\SYSTEM32\ntdll.dll
0x00007ffee9c00000 - 0x00007ffee9cc4000 	C:\Windows\System32\KERNEL32.DLL
0x00007ffee90e0000 - 0x00007ffee9497000 	C:\Windows\System32\KERNELBASE.dll
0x00007ffee8a80000 - 0x00007ffee8b91000 	C:\Windows\System32\ucrtbase.dll
0x00007ffec8570000 - 0x00007ffec858b000 	C:\Program Files\Android\Android Studio\jbr\bin\VCRUNTIME140.dll
0x00007ffecb480000 - 0x00007ffecb497000 	C:\Program Files\Android\Android Studio\jbr\bin\jli.dll
0x00007ffee9e10000 - 0x00007ffee9fbf000 	C:\Windows\System32\USER32.dll
0x00007ffee8f90000 - 0x00007ffee8fb6000 	C:\Windows\System32\win32u.dll
0x00007ffee99a0000 - 0x00007ffee99c9000 	C:\Windows\System32\GDI32.dll
0x00007ffee8cd0000 - 0x00007ffee8de8000 	C:\Windows\System32\gdi32full.dll
0x00007ffee8fc0000 - 0x00007ffee905a000 	C:\Windows\System32\msvcp_win.dll
0x00007ffed96a0000 - 0x00007ffed9933000 	C:\Windows\WinSxS\amd64_microsoft.windows.common-controls_6595b64144ccf1df_6.0.22621.3672_none_2713b9d173822955\COMCTL32.dll
0x00007ffeea460000 - 0x00007ffeea507000 	C:\Windows\System32\msvcrt.dll
0x00007ffeead10000 - 0x00007ffeead41000 	C:\Windows\System32\IMM32.DLL
0x0000000075e10000 - 0x0000000075e1c000 	C:\Program Files (x86)\360\Total Security\safemon\SafeWrapper.dll
0x00007ffee9cf0000 - 0x00007ffee9da2000 	C:\Windows\System32\ADVAPI32.dll
0x00007ffeea3b0000 - 0x00007ffeea458000 	C:\Windows\System32\sechost.dll
0x00007ffee8df0000 - 0x00007ffee8e18000 	C:\Windows\System32\bcrypt.dll
0x00007ffeea510000 - 0x00007ffeea624000 	C:\Windows\System32\RPCRT4.dll
0x00007ffe9ba30000 - 0x00007ffe9badc000 	C:\Program Files (x86)\360\Total Security\safemon\libzdtp64.dll
0x00007ffeeaec0000 - 0x00007ffeeb729000 	C:\Windows\System32\SHELL32.dll
0x00007ffeeacb0000 - 0x00007ffeead0e000 	C:\Windows\System32\SHLWAPI.dll
0x00007ffee85f0000 - 0x00007ffee85fa000 	C:\Windows\SYSTEM32\VERSION.dll
0x00007ffee0cc0000 - 0x00007ffee0ccc000 	C:\Program Files\Android\Android Studio\jbr\bin\vcruntime140_1.dll
0x00007ffec84e0000 - 0x00007ffec856d000 	C:\Program Files\Android\Android Studio\jbr\bin\msvcp140.dll
0x00007ffe4ce90000 - 0x00007ffe4db13000 	C:\Program Files\Android\Android Studio\jbr\bin\server\jvm.dll
0x00007ffee8950000 - 0x00007ffee899d000 	C:\Windows\SYSTEM32\POWRPROF.dll
0x00007ffed53e0000 - 0x00007ffed53e9000 	C:\Windows\SYSTEM32\WSOCK32.dll
0x00007ffee4a20000 - 0x00007ffee4a54000 	C:\Windows\SYSTEM32\WINMM.dll
0x00007ffee9920000 - 0x00007ffee9991000 	C:\Windows\System32\WS2_32.dll
0x00007ffee8930000 - 0x00007ffee8943000 	C:\Windows\SYSTEM32\UMPDC.dll
0x00007ffee7a30000 - 0x00007ffee7a48000 	C:\Windows\SYSTEM32\kernel.appcore.dll
0x00007ffedcef0000 - 0x00007ffedcefa000 	C:\Program Files\Android\Android Studio\jbr\bin\jimage.dll
0x00007ffee63f0000 - 0x00007ffee6622000 	C:\Windows\SYSTEM32\DBGHELP.DLL
0x00007ffee9fc0000 - 0x00007ffeea34e000 	C:\Windows\System32\combase.dll
0x00007ffee9a00000 - 0x00007ffee9ad7000 	C:\Windows\System32\OLEAUT32.dll
0x00007ffec7eb0000 - 0x00007ffec7ee2000 	C:\Windows\SYSTEM32\dbgcore.DLL
0x00007ffee9060000 - 0x00007ffee90db000 	C:\Windows\System32\bcryptPrimitives.dll
0x00007ffed2dd0000 - 0x00007ffed2dde000 	C:\Program Files\Android\Android Studio\jbr\bin\instrument.dll
0x00007ffed7440000 - 0x00007ffed7465000 	C:\Program Files\Android\Android Studio\jbr\bin\java.dll
0x00007ffed7270000 - 0x00007ffed7288000 	C:\Program Files\Android\Android Studio\jbr\bin\zip.dll
0x00007ffee6930000 - 0x00007ffee722f000 	C:\Windows\SYSTEM32\windows.storage.dll
0x00007ffee67f0000 - 0x00007ffee692f000 	C:\Windows\SYSTEM32\wintypes.dll
0x00007ffeea730000 - 0x00007ffeea829000 	C:\Windows\System32\SHCORE.dll
0x00007ffee89b0000 - 0x00007ffee89d7000 	C:\Windows\SYSTEM32\profapi.dll
0x00007ffed7160000 - 0x00007ffed7179000 	C:\Program Files\Android\Android Studio\jbr\bin\net.dll
0x00007ffee2790000 - 0x00007ffee28c6000 	C:\Windows\SYSTEM32\WINHTTP.dll
0x00007ffee7eb0000 - 0x00007ffee7f19000 	C:\Windows\system32\mswsock.dll
0x00007ffed6c50000 - 0x00007ffed6c66000 	C:\Program Files\Android\Android Studio\jbr\bin\nio.dll
0x00007ffed6c40000 - 0x00007ffed6c50000 	C:\Program Files\Android\Android Studio\jbr\bin\verify.dll
0x00007ffec91d0000 - 0x00007ffec91f7000 	C:\Users\asusu\.gradle\native\c067742578af261105cb4f569cf0c3c89f3d7b1fecec35dd04571415982c5e48\windows-amd64\native-platform.dll
0x00007ffe6f540000 - 0x00007ffe6f684000 	C:\Users\asusu\.gradle\native\38dada09dfb8b06ba9b0570ebf7e218e3eb74d4ef43ca46872605cf95ebc2f47\windows-amd64\native-platform-file-events.dll
0x00007ffed6c30000 - 0x00007ffed6c39000 	C:\Program Files\Android\Android Studio\jbr\bin\management.dll
0x00007ffed57d0000 - 0x00007ffed57db000 	C:\Program Files\Android\Android Studio\jbr\bin\management_ext.dll
0x00007ffee9860000 - 0x00007ffee9868000 	C:\Windows\System32\PSAPI.DLL
0x00007ffee8120000 - 0x00007ffee813b000 	C:\Windows\SYSTEM32\CRYPTSP.dll
0x00007ffee7990000 - 0x00007ffee79c5000 	C:\Windows\system32\rsaenh.dll
0x00007ffee7fc0000 - 0x00007ffee7fe8000 	C:\Windows\SYSTEM32\USERENV.dll
0x00007ffee8140000 - 0x00007ffee814c000 	C:\Windows\SYSTEM32\CRYPTBASE.dll
0x00007ffee74d0000 - 0x00007ffee74fd000 	C:\Windows\SYSTEM32\IPHLPAPI.DLL
0x00007ffee99f0000 - 0x00007ffee99f9000 	C:\Windows\System32\NSI.dll
0x00007ffee2770000 - 0x00007ffee2789000 	C:\Windows\SYSTEM32\dhcpcsvc6.DLL
0x00007ffee2600000 - 0x00007ffee261f000 	C:\Windows\SYSTEM32\dhcpcsvc.DLL
0x00007ffee7500000 - 0x00007ffee7602000 	C:\Windows\SYSTEM32\DNSAPI.dll
0x00007ffed7260000 - 0x00007ffed7269000 	C:\Program Files\Android\Android Studio\jbr\bin\extnet.dll
0x00007ffe9a720000 - 0x00007ffe9a728000 	C:\Windows\system32\wshunix.dll
0x00007ffed64d0000 - 0x00007ffed64da000 	C:\Windows\System32\rasadhlp.dll
0x00007ffee0d20000 - 0x00007ffee0da3000 	C:\Windows\System32\fwpuclnt.dll

dbghelp: loaded successfully - version: 4.0.5 - missing functions: none
symbol engine: initialized successfully - sym options: 0x614 - pdb path: .;C:\Program Files\Android\Android Studio\jbr\bin;C:\Windows\SYSTEM32;C:\Windows\WinSxS\amd64_microsoft.windows.common-controls_6595b64144ccf1df_6.0.22621.3672_none_2713b9d173822955;C:\Program Files (x86)\360\Total Security\safemon;C:\Program Files\Android\Android Studio\jbr\bin\server;C:\Users\asusu\.gradle\native\c067742578af261105cb4f569cf0c3c89f3d7b1fecec35dd04571415982c5e48\windows-amd64;C:\Users\asusu\.gradle\native\38dada09dfb8b06ba9b0570ebf7e218e3eb74d4ef43ca46872605cf95ebc2f47\windows-amd64

VM Arguments:
jvm_args: --add-opens=java.base/java.util=ALL-UNNAMED --add-opens=java.base/java.lang=ALL-UNNAMED --add-opens=java.base/java.lang.invoke=ALL-UNNAMED --add-opens=java.prefs/java.util.prefs=ALL-UNNAMED --add-opens=java.base/java.nio.charset=ALL-UNNAMED --add-opens=java.base/java.net=ALL-UNNAMED --add-opens=java.base/java.util.concurrent.atomic=ALL-UNNAMED -Xmx2048m -Dfile.encoding=UTF-8 -Duser.country=ID -Duser.language=en -Duser.variant -javaagent:C:\Users\asusu\.gradle\wrapper\dists\gradle-8.7-bin\bhs2wmbdwecv87pi65oeuq5iu\gradle-8.7\lib\agents\gradle-instrumentation-agent-8.7.jar 
java_command: org.gradle.launcher.daemon.bootstrap.GradleDaemon 8.7
java_class_path (initial): C:\Users\asusu\.gradle\wrapper\dists\gradle-8.7-bin\bhs2wmbdwecv87pi65oeuq5iu\gradle-8.7\lib\gradle-launcher-8.7.jar
Launcher Type: SUN_STANDARD

[Global flags]
     intx CICompilerCount                          = 3                                         {product} {ergonomic}
     uint ConcGCThreads                            = 1                                         {product} {ergonomic}
     uint G1ConcRefinementThreads                  = 4                                         {product} {ergonomic}
   size_t G1HeapRegionSize                         = 1048576                                   {product} {ergonomic}
    uintx GCDrainStackTargetSize                   = 64                                        {product} {ergonomic}
   size_t InitialHeapSize                          = 100663296                                 {product} {ergonomic}
   size_t MarkStackSize                            = 4194304                                   {product} {ergonomic}
   size_t MaxHeapSize                              = 2147483648                                {product} {command line}
   size_t MaxNewSize                               = 1287651328                                {product} {ergonomic}
   size_t MinHeapDeltaBytes                        = 1048576                                   {product} {ergonomic}
   size_t MinHeapSize                              = 8388608                                   {product} {ergonomic}
    uintx NonNMethodCodeHeapSize                   = 5832780                                {pd product} {ergonomic}
    uintx NonProfiledCodeHeapSize                  = 122912730                              {pd product} {ergonomic}
    uintx ProfiledCodeHeapSize                     = 122912730                              {pd product} {ergonomic}
    uintx ReservedCodeCacheSize                    = 251658240                              {pd product} {ergonomic}
     bool SegmentedCodeCache                       = true                                      {product} {ergonomic}
   size_t SoftMaxHeapSize                          = 2147483648                             {manageable} {ergonomic}
     bool UseCompressedClassPointers               = true                           {product lp64_product} {ergonomic}
     bool UseCompressedOops                        = true                           {product lp64_product} {ergonomic}
     bool UseG1GC                                  = true                                      {product} {ergonomic}
     bool UseLargePagesIndividualAllocation        = false                                  {pd product} {ergonomic}

Logging:
Log output configuration:
 #0: stdout all=warning uptime,level,tags
 #1: stderr all=off uptime,level,tags

Environment Variables:
JAVA_HOME=C:\Program Files\Zulu\zulu-17
PATH=C:\Program Files\Zulu\zulu-17\bin\;C:\Program Files (x86)\Common Files\Intel\Shared Files\cpp\bin\Intel64;C:\Windows\system32;C:\Windows;C:\Windows\System32\Wbem;C:\Windows\System32\WindowsPowerShell\v1.0\;C:\Windows\System32\OpenSSH\;C:\Program Files\Git\cmd;C:\Program Files\Git\bin;C:\Program Files (x86)\Yarn\bin\;C:\Program Files\Yarn\bin;C:\Program Files\nodejs\;C:\Program Files\IBM\SPSS\Statistics\25\JRE\bin;C:\gradle\bin;C:\Users\asusu\AppData\Local\Microsoft\WindowsApps;C:\Users\asusu\AppData\Local\Programs\Microsoft VS Code\bin;C:\Users\asusu\composer;C:\Users\asusu\AppData\Roaming\Composer\vendor\bin;C:\Users\asusu\AppData\Local\Yarn\bin;C:\Program Files\Yarn\bin;C:\Users\asusu\AppData\Roaming\npm;C:\laragon\bin\php\php-8.1.10-Win32-vs16-x64;;C:\Program Files\JetBrains\IntelliJ IDEA Community Edition 2024.2.1\bin;
USERNAME=asus
OS=Windows_NT
PROCESSOR_IDENTIFIER=AMD64 Family 23 Model 24 Stepping 1, AuthenticAMD
TMP=C:\Users\asusu\AppData\Local\Temp
TEMP=C:\Users\asusu\AppData\Local\Temp



Periodic native trim disabled

JNI global refs:
JNI global refs: 25, weak refs: 0

JNI global refs memory usage: 843, weak refs: 841

Process memory usage:
Resident Set Size: 316348K (5% of 6228052K total physical memory with 453204K free physical memory)

OOME stack traces (most recent first):
Classloader memory used:
Loader org.gradle.internal.classloader.VisitableURLClassLoader                         : 3762K
Loader bootstrap                                                                       : 3132K
Loader org.gradle.initialization.MixInLegacyTypesClassLoader                           : 1309K
Loader org.gradle.internal.classloader.VisitableURLClassLoader                         : 124K
Loader jdk.internal.loader.ClassLoaders$PlatformClassLoader                            : 100660B
Loader org.gradle.internal.classloader.VisitableURLClassLoader$InstrumentingVisitableURLClassLoader: 90745B
Loader jdk.internal.reflect.DelegatingClassLoader                                      : 40616B
Loader jdk.internal.loader.ClassLoaders$AppClassLoader                                 : 28714B
Loader org.gradle.groovy.scripts.internal.DefaultScriptCompilationHandler$ScriptClassLoader: 10897B
Loader org.codehaus.groovy.runtime.callsite.CallSiteClassLoader                        : 6077B

Classes loaded by more than one classloader:
Class org.gradle.internal.Cast                                                        : loaded 3 times (x 69B)
Class Program                                                                         : loaded 3 times (x 70B)
Class org.gradle.api.GradleException                                                  : loaded 3 times (x 80B)
Class kotlin.collections.AbstractCollection                                           : loaded 2 times (x 115B)
Class org.jetbrains.plugins.gradle.model.MavenRepositoryModel                         : loaded 2 times (x 68B)
Class org.gradle.internal.classpath.ClassPath                                         : loaded 2 times (x 68B)
Class org.gradle.api.internal.classpath.DefaultModuleRegistry                         : loaded 2 times (x 84B)
Class org.gradle.internal.exceptions.NonGradleCauseExceptionsHolder                   : loaded 2 times (x 68B)
Class Settings_gradle$1$1                                                             : loaded 2 times (x 72B)
Class kotlin.enums.EnumEntries                                                        : loaded 2 times (x 68B)
Class org.gradle.api.Action                                                           : loaded 2 times (x 68B)
Class org.jetbrains.kotlin.idea.gradleTooling.model.samWithReceiver.SamWithReceiverModel: loaded 2 times (x 68B)
Class kotlin.enums.EnumEntriesKt                                                      : loaded 2 times (x 69B)
Class org.jetbrains.plugins.gradle.model.ExternalProject                              : loaded 2 times (x 68B)
Class org.jetbrains.plugins.gradle.model.IntelliJSettings                             : loaded 2 times (x 68B)
Class org.jetbrains.kotlin.idea.gradleTooling.KotlinMPPGradleModel                    : loaded 2 times (x 68B)
Class org.gradle.api.internal.DefaultClassPathProvider                                : loaded 2 times (x 74B)
Class org.gradle.internal.installation.GradleInstallation$1                           : loaded 2 times (x 73B)
Class org.gradle.internal.exceptions.DefaultMultiCauseException                       : loaded 2 times (x 93B)
Class org.gradle.tooling.model.UnsupportedMethodException                             : loaded 2 times (x 80B)
Class org.gradle.internal.time.MonotonicClock                                         : loaded 2 times (x 75B)
Class org.gradle.internal.classloader.FilteringClassLoader                            : loaded 2 times (x 103B)
Class org.gradle.tooling.model.Model                                                  : loaded 2 times (x 68B)
Class org.gradle.internal.classpath.DefaultClassPath$ImmutableUniqueList$Builder      : loaded 2 times (x 73B)
Class kotlin.UninitializedPropertyAccessException                                     : loaded 2 times (x 80B)
Class org.jetbrains.kotlin.idea.gradleTooling.KotlinSourceSetContainer                : loaded 2 times (x 68B)
Class org.gradle.internal.classloader.ClassLoaderVisitor                              : loaded 2 times (x 74B)
Class org.gradle.internal.time.DefaultCountdownTimer                                  : loaded 2 times (x 86B)
Class org.gradle.internal.service.DefaultServiceLocator                               : loaded 2 times (x 81B)
Class org.jetbrains.plugins.gradle.model.jar.JarTaskManifestConfiguration             : loaded 2 times (x 68B)
Class org.gradle.internal.service.UnknownServiceException                             : loaded 2 times (x 81B)
Class org.jetbrains.plugins.gradle.model.DependencyAccessorsModel                     : loaded 2 times (x 68B)
Class org.gradle.internal.classloader.DefaultClassLoaderFactory                       : loaded 2 times (x 80B)
Class org.jetbrains.plugins.gradle.model.GradleExtensions                             : loaded 2 times (x 68B)
Class org.jetbrains.plugins.gradle.model.VersionCatalogsModel                         : loaded 2 times (x 68B)
Class org.gradle.internal.classloader.VisitableURLClassLoader$Spec                    : loaded 2 times (x 72B)
Class org.gradle.tooling.model.ProjectModel                                           : loaded 2 times (x 68B)
Class kotlin.collections.AbstractList                                                 : loaded 2 times (x 157B)
Class org.gradle.util.GradleVersion                                                   : loaded 2 times (x 81B)
Class org.gradle.api.internal.classpath.ModuleRegistry                                : loaded 2 times (x 68B)
Class org.jetbrains.plugins.gradle.model.RepositoriesModel                            : loaded 2 times (x 68B)
Class kotlin.jvm.internal.markers.KMappedMarker                                       : loaded 2 times (x 68B)
Class org.gradle.api.internal.ClassPathProvider                                       : loaded 2 times (x 68B)
Class org.gradle.internal.classloader.ClasspathUtil$1                                 : loaded 2 times (x 74B)
Class org.gradle.internal.classloader.ClassLoaderFactory                              : loaded 2 times (x 68B)
Class org.gradle.api.internal.classpath.ManifestUtil                                  : loaded 2 times (x 69B)
Class org.gradle.api.specs.Spec                                                       : loaded 2 times (x 68B)
Class kotlin.jvm.internal.Intrinsics                                                  : loaded 2 times (x 69B)
Class org.gradle.tooling.internal.gradle.GradleBuildIdentity                          : loaded 2 times (x 68B)
Class org.gradle.internal.IoActions                                                   : loaded 2 times (x 69B)
Class org.gradle.api.internal.classpath.EffectiveClassPath                            : loaded 2 times (x 88B)
Class kotlin.jvm.internal.DefaultConstructorMarker                                    : loaded 2 times (x 69B)
Class org.gradle.internal.exceptions.ResolutionProvider                               : loaded 2 times (x 68B)
Class org.jetbrains.kotlin.idea.gradleTooling.model.annotation.AnnotationBasedPluginModel: loaded 2 times (x 68B)
Class org.jetbrains.kotlin.idea.gradleTooling.model.assignment.AssignmentModel        : loaded 2 times (x 68B)
Class org.gradle.internal.installation.CurrentGradleInstallation                      : loaded 2 times (x 71B)
Class org.gradle.internal.agents.InstrumentingClassLoader                             : loaded 2 times (x 68B)
Class org.gradle.internal.installation.CurrentGradleInstallationLocator               : loaded 2 times (x 69B)
Class org.gradle.api.internal.classpath.Module                                        : loaded 2 times (x 68B)
Class org.gradle.internal.service.CachingServiceLocator                               : loaded 2 times (x 80B)
Class org.gradle.internal.time.Timer                                                  : loaded 2 times (x 68B)
Class org.jetbrains.plugins.gradle.model.tests.ExternalTestsModel                     : loaded 2 times (x 68B)
Class org.jetbrains.kotlin.idea.gradleTooling.KotlinDslScriptAdditionalTask           : loaded 2 times (x 68B)
Class org.gradle.internal.classpath.DefaultClassPath                                  : loaded 2 times (x 88B)
Class com.intellij.openapi.externalSystem.model.project.dependencies.ProjectDependencies: loaded 2 times (x 68B)
Class kotlin.enums.EnumEntriesList                                                    : loaded 2 times (x 183B)
Class org.jetbrains.kotlin.idea.gradleTooling.PrepareKotlinIdeImportTaskModel         : loaded 2 times (x 68B)
Class org.gradle.internal.impldep.com.google.common.base.Preconditions                : loaded 2 times (x 69B)
Class kotlin.jvm.functions.Function1                                                  : loaded 2 times (x 68B)
Class org.gradle.internal.time.Time                                                   : loaded 2 times (x 69B)
Class org.gradle.internal.time.TimeSource$1                                           : loaded 2 times (x 75B)
Class kotlin.KotlinNullPointerException                                               : loaded 2 times (x 81B)
Class org.gradle.internal.classloader.SystemClassLoaderSpec                           : loaded 2 times (x 69B)
Class kotlin.Function                                                                 : loaded 2 times (x 68B)
Class org.gradle.api.UncheckedIOException                                             : loaded 2 times (x 80B)
Class org.gradle.tooling.internal.gradle.DefaultProjectIdentifier                     : loaded 2 times (x 84B)
Class org.gradle.tooling.internal.gradle.GradleProjectIdentity                        : loaded 2 times (x 68B)
Class org.gradle.internal.time.CountdownTimer                                         : loaded 2 times (x 68B)
Class org.gradle.internal.time.Clock                                                  : loaded 2 times (x 68B)
Class org.gradle.internal.classloader.ClasspathUtil                                   : loaded 2 times (x 69B)
Class org.gradle.tooling.model.BuildIdentifier                                        : loaded 2 times (x 68B)
Class org.gradle.api.internal.DefaultClassPathRegistry                                : loaded 2 times (x 74B)
Class org.gradle.api.internal.classpath.DefaultModuleRegistry$DefaultModule           : loaded 2 times (x 84B)
Class org.gradle.internal.time.TimeSource                                             : loaded 2 times (x 68B)
Class org.jetbrains.kotlin.android.synthetic.idea.AndroidExtensionsGradleModel        : loaded 2 times (x 68B)
Class org.gradle.api.internal.classpath.UnknownModuleException                        : loaded 2 times (x 80B)
Class sync_studio_tooling9_2009ju8eoylf0jm1vbtzifiiu$_run_closure1                    : loaded 2 times (x 137B)
Class org.jetbrains.plugins.gradle.model.IntelliJProjectSettings                      : loaded 2 times (x 68B)
Class org.gradle.internal.service.ServiceLookupException                              : loaded 2 times (x 80B)
Class org.gradle.cache.GlobalCache                                                    : loaded 2 times (x 68B)
Class org.jetbrains.kotlin.idea.gradleTooling.model.lombok.LombokModel                : loaded 2 times (x 68B)
Class org.gradle.tooling.model.ProjectIdentifier                                      : loaded 2 times (x 68B)
Class [Lorg.gradle.api.internal.ClassPathProvider;                                    : loaded 2 times (x 67B)
Class org.gradle.internal.operations.MultipleBuildOperationFailures                   : loaded 2 times (x 93B)
Class org.gradle.util.internal.GUtil                                                  : loaded 2 times (x 69B)
Class org.jetbrains.plugins.gradle.model.AnnotationProcessingModel                    : loaded 2 times (x 68B)
Class org.gradle.internal.classloader.ClassLoaderSpec                                 : loaded 2 times (x 69B)
Class org.gradle.internal.classloader.VisitableURLClassLoader                         : loaded 2 times (x 115B)
Class org.gradle.internal.installation.GradleInstallation                             : loaded 2 times (x 73B)
Class org.gradle.api.internal.ClassPathRegistry                                       : loaded 2 times (x 68B)
Class org.gradle.internal.classloader.VisitableURLClassLoader$InstrumentingVisitableURLClassLoader: loaded 2 times (x 121B)
Class org.gradle.internal.classloader.ClassLoaderHierarchy                            : loaded 2 times (x 68B)
Class org.gradle.internal.exceptions.MultiCauseException                              : loaded 2 times (x 68B)
Class org.jetbrains.kotlin.idea.gradleTooling.model.parcelize.ParcelizeGradleModel    : loaded 2 times (x 68B)
Class org.gradle.internal.InternalTransformer                                         : loaded 2 times (x 68B)
Class org.jetbrains.kotlin.idea.gradleTooling.model.noarg.NoArgModel                  : loaded 2 times (x 68B)
Class org.jetbrains.kotlin.idea.gradleTooling.KotlinGradleModel                       : loaded 2 times (x 68B)
Class ijInit1_cwsuhaymv7f9wl2051bto4ysc                                               : loaded 2 times (x 177B)
Class org.gradle.tooling.internal.gradle.DefaultBuildIdentifier                       : loaded 2 times (x 77B)
Class org.gradle.internal.service.ServiceLocator                                      : loaded 2 times (x 68B)
Class Settings_gradle$1                                                               : loaded 2 times (x 72B)
Class sync_studio_tooling9_2009ju8eoylf0jm1vbtzifiiu                                  : loaded 2 times (x 177B)
Class org.jetbrains.kotlin.idea.gradleTooling.model.allopen.AllOpenModel              : loaded 2 times (x 68B)
Class org.gradle.internal.classpath.DefaultClassPath$ImmutableUniqueList              : loaded 2 times (x 159B)
Class org.gradle.internal.time.DefaultTimer                                           : loaded 2 times (x 78B)
Class org.gradle.internal.classpath.TransformedClassPath                              : loaded 2 times (x 94B)
Class Settings_gradle                                                                 : loaded 2 times (x 126B)
Class kotlin.collections.AbstractList$Companion                                       : loaded 2 times (x 69B)


---------------  S Y S T E M  ---------------

OS:
 Windows 11 , 64 bit Build 22621 (10.0.22621.3958)
OS uptime: 0 days 9:08 hours
Hyper-V role detected

CPU: total 4 (initial active 4) (4 cores per cpu, 2 threads per core) family 23 model 24 stepping 1 microcode 0x0, cx8, cmov, fxsr, ht, mmx, 3dnowpref, sse, sse2, sse3, ssse3, sse4a, sse4.1, sse4.2, popcnt, lzcnt, tsc, tscinvbit, avx, avx2, aes, clmul, bmi1, bmi2, adx, sha, fma, vzeroupper, clflush, clflushopt, hv
Processor Information for all 4 processors :
  Max Mhz: 2600, Current Mhz: 2600, Mhz Limit: 2600

Memory: 4k page, system-wide physical 6082M (442M free)
TotalPageFile size 14274M (AvailPageFile size 129M)
current process WorkingSet (physical memory assigned to process): 309M, peak: 339M
current process commit charge ("private bytes"): 338M, peak: 471M

vm_info: OpenJDK 64-Bit Server VM (17.0.11+0--11852314) for windows-amd64 JRE (17.0.11+0--11852314), built on May 16 2024 21:29:20 by "androidbuild" with MS VC++ 16.10 / 16.11 (VS2019)

END.
