#
# There is insufficient memory for the Java Runtime Environment to continue.
# Native memory allocation (malloc) failed to allocate 1904864 bytes. Error detail: Chunk::new
# Possible reasons:
#   The system is out of physical RAM or swap space
#   This process is running with CompressedOops enabled, and the Java Heap may be blocking the growth of the native heap
# Possible solutions:
#   Reduce memory load on the system
#   Increase physical memory or swap space
#   Check if swap backing store is full
#   Decrease Java heap size (-Xmx/-Xms)
#   Decrease number of Java threads
#   Decrease Java thread stack sizes (-Xss)
#   Set larger code cache with -XX:ReservedCodeCacheSize=
#   JVM is running with Unscaled Compressed Oops mode in which the Java heap is
#     placed in the first 4GB address space. The Java Heap base address is the
#     maximum limit for the native heap growth. Please use -XX:HeapBaseMinAddress
#     to set the Java Heap base and to place the Java Heap above 4GB virtual address.
# This output file may be truncated or incomplete.
#
#  Out of Memory Error (arena.cpp:191), pid=16924, tid=16516
#
# JRE version: OpenJDK Runtime Environment (17.0.11) (build 17.0.11+0--11852314)
# Java VM: OpenJDK 64-Bit Server VM (17.0.11+0--11852314, mixed mode, tiered, compressed oops, compressed class ptrs, g1 gc, windows-amd64)
# No core dump will be written. Minidumps are not enabled by default on client versions of Windows
#

---------------  S U M M A R Y ------------

Command Line: --add-opens=java.base/java.util=ALL-UNNAMED --add-opens=java.base/java.lang=ALL-UNNAMED --add-opens=java.base/java.lang.invoke=ALL-UNNAMED --add-opens=java.prefs/java.util.prefs=ALL-UNNAMED --add-opens=java.base/java.nio.charset=ALL-UNNAMED --add-opens=java.base/java.net=ALL-UNNAMED --add-opens=java.base/java.util.concurrent.atomic=ALL-UNNAMED -Xmx2048m -Dfile.encoding=UTF-8 -Duser.country=ID -Duser.language=en -Duser.variant -javaagent:C:\Users\asusu\.gradle\wrapper\dists\gradle-8.7-bin\bhs2wmbdwecv87pi65oeuq5iu\gradle-8.7\lib\agents\gradle-instrumentation-agent-8.7.jar org.gradle.launcher.daemon.bootstrap.GradleDaemon 8.7

Host: AMD Ryzen 3 3250U with Radeon Graphics         , 4 cores, 5G,  Windows 11 , 64 bit Build 22621 (10.0.22621.3958)
Time: Tue Nov 12 14:34:43 2024 SE Asia Standard Time elapsed time: 15.038704 seconds (0d 0h 0m 15s)

---------------  T H R E A D  ---------------

Current thread (0x000002f39fad1460):  JavaThread "C2 CompilerThread0" daemon [_thread_in_native, id=16516, stack(0x000000faff600000,0x000000faff700000)]


Current CompileTask:
C2:  15039 7041       4       java.net.URLClassLoader$1::run (5 bytes)

Stack: [0x000000faff600000,0x000000faff700000]
Native frames: (J=compiled Java code, j=interpreted, Vv=VM code, C=native code)
V  [jvm.dll+0x687bb9]
V  [jvm.dll+0x84142a]
V  [jvm.dll+0x8430ae]
V  [jvm.dll+0x843713]
V  [jvm.dll+0x24a35f]
V  [jvm.dll+0xac544]
V  [jvm.dll+0xacb8c]
V  [jvm.dll+0x369c37]
V  [jvm.dll+0x33416a]
V  [jvm.dll+0x33360a]
V  [jvm.dll+0x21bed1]
V  [jvm.dll+0x21b311]
V  [jvm.dll+0x1a63ed]
V  [jvm.dll+0x22b1ee]
V  [jvm.dll+0x229375]
V  [jvm.dll+0x7f5647]
V  [jvm.dll+0x7efa4a]
V  [jvm.dll+0x686a35]
C  [ucrtbase.dll+0x29333]
C  [KERNEL32.DLL+0x1257d]
C  [ntdll.dll+0x5af08]


---------------  P R O C E S S  ---------------

Threads class SMR info:
_java_thread_list=0x000002f3a7f30af0, length=40, elements={
0x000002f38637dd50, 0x000002f39f951550, 0x000002f39f9359a0, 0x000002f39f942870,
0x000002f39fabd490, 0x000002f39fabdd60, 0x000002f39fad00c0, 0x000002f39fad1460,
0x000002f39fad2510, 0x000002f39fad9270, 0x000002f39fc69060, 0x000002f39fc69570,
0x000002f39fc6bdf0, 0x000002f39fc6b8e0, 0x000002f39fc69f90, 0x000002f39fc6a4a0,
0x000002f39fc6c300, 0x000002f39fc6c810, 0x000002f39fc69a80, 0x000002f39fc6a9b0,
0x000002f39fc6aec0, 0x000002f39fc6b3d0, 0x000002f3a587a190, 0x000002f3a587abb0,
0x000002f3a587b0c0, 0x000002f3a587b5d0, 0x000002f3a587c500, 0x000002f3a587bae0,
0x000002f3a587bff0, 0x000002f3a587d940, 0x000002f3a587ca10, 0x000002f3a587cf20,
0x000002f3a587ed80, 0x000002f3a587f7a0, 0x000002f3a587fcb0, 0x000002f3a58801c0,
0x000002f3a5879260, 0x000002f3a5879c80, 0x000002f3a7c4c470, 0x000002f3a7c4d3a0
}

Java Threads: ( => current thread )
  0x000002f38637dd50 JavaThread "main" [_thread_blocked, id=16840, stack(0x000000fafe900000,0x000000fafea00000)]
  0x000002f39f951550 JavaThread "Reference Handler" daemon [_thread_blocked, id=16468, stack(0x000000faff000000,0x000000faff100000)]
  0x000002f39f9359a0 JavaThread "Finalizer" daemon [_thread_blocked, id=8160, stack(0x000000faff100000,0x000000faff200000)]
  0x000002f39f942870 JavaThread "Signal Dispatcher" daemon [_thread_blocked, id=16432, stack(0x000000faff200000,0x000000faff300000)]
  0x000002f39fabd490 JavaThread "Attach Listener" daemon [_thread_blocked, id=12480, stack(0x000000faff300000,0x000000faff400000)]
  0x000002f39fabdd60 JavaThread "Service Thread" daemon [_thread_blocked, id=13080, stack(0x000000faff400000,0x000000faff500000)]
  0x000002f39fad00c0 JavaThread "Monitor Deflation Thread" daemon [_thread_blocked, id=8432, stack(0x000000faff500000,0x000000faff600000)]
=>0x000002f39fad1460 JavaThread "C2 CompilerThread0" daemon [_thread_in_native, id=16516, stack(0x000000faff600000,0x000000faff700000)]
  0x000002f39fad2510 JavaThread "C1 CompilerThread0" daemon [_thread_blocked, id=16544, stack(0x000000faff700000,0x000000faff800000)]
  0x000002f39fad9270 JavaThread "Sweeper thread" daemon [_thread_blocked, id=17260, stack(0x000000faff800000,0x000000faff900000)]
  0x000002f39fc69060 JavaThread "Common-Cleaner" daemon [_thread_blocked, id=7816, stack(0x000000faff900000,0x000000faffa00000)]
  0x000002f39fc69570 JavaThread "Notification Thread" daemon [_thread_blocked, id=13092, stack(0x000000faffa00000,0x000000faffb00000)]
  0x000002f39fc6bdf0 JavaThread "Daemon health stats" [_thread_blocked, id=11004, stack(0x000000fafff00000,0x000000fb00000000)]
  0x000002f39fc6b8e0 JavaThread "Incoming local TCP Connector on port 51275" [_thread_in_native, id=13916, stack(0x000000fa80000000,0x000000fa80100000)]
  0x000002f39fc69f90 JavaThread "Daemon periodic checks" [_thread_blocked, id=10540, stack(0x000000fa80100000,0x000000fa80200000)]
  0x000002f39fc6a4a0 JavaThread "Daemon" [_thread_blocked, id=17024, stack(0x000000fa80200000,0x000000fa80300000)]
  0x000002f39fc6c300 JavaThread "Handler for socket connection from /127.0.0.1:51275 to /127.0.0.1:51276" [_thread_in_native, id=9712, stack(0x000000fa80300000,0x000000fa80400000)]
  0x000002f39fc6c810 JavaThread "Cancel handler" [_thread_blocked, id=4296, stack(0x000000fa80400000,0x000000fa80500000)]
  0x000002f39fc69a80 JavaThread "Daemon worker" [_thread_in_vm, id=8976, stack(0x000000fa80500000,0x000000fa80600000)]
  0x000002f39fc6a9b0 JavaThread "Asynchronous log dispatcher for DefaultDaemonConnection: socket connection from /127.0.0.1:51275 to /127.0.0.1:51276" [_thread_blocked, id=17296, stack(0x000000fa80600000,0x000000fa80700000)]
  0x000002f39fc6aec0 JavaThread "Stdin handler" [_thread_blocked, id=1780, stack(0x000000fa80700000,0x000000fa80800000)]
  0x000002f39fc6b3d0 JavaThread "Daemon client event forwarder" [_thread_blocked, id=17084, stack(0x000000fa80800000,0x000000fa80900000)]
  0x000002f3a587a190 JavaThread "Cache worker for journal cache (C:\Users\asusu\.gradle\caches\journal-1)" [_thread_blocked, id=16636, stack(0x000000fa80900000,0x000000fa80a00000)]
  0x000002f3a587abb0 JavaThread "File lock request listener" [_thread_in_native, id=13352, stack(0x000000fa80a00000,0x000000fa80b00000)]
  0x000002f3a587b0c0 JavaThread "Cache worker for file hash cache (C:\Users\asusu\.gradle\caches\8.7\fileHashes)" [_thread_blocked, id=12992, stack(0x000000fa80b00000,0x000000fa80c00000)]
  0x000002f3a587b5d0 JavaThread "Cache worker for file hash cache (C:\Users\asusu\AndroidStudioProjects\StoryApp\.gradle\8.7\fileHashes)" [_thread_blocked, id=13076, stack(0x000000fa80c00000,0x000000fa80d00000)]
  0x000002f3a587c500 JavaThread "File watcher server" daemon [_thread_in_native, id=17324, stack(0x000000fa80e00000,0x000000fa80f00000)]
  0x000002f3a587bae0 JavaThread "File watcher consumer" daemon [_thread_blocked, id=14428, stack(0x000000fa80f00000,0x000000fa81000000)]
  0x000002f3a587bff0 JavaThread "Cache worker for checksums cache (C:\Users\asusu\AndroidStudioProjects\StoryApp\.gradle\8.7\checksums)" [_thread_blocked, id=13668, stack(0x000000fa80d00000,0x000000fa80e00000)]
  0x000002f3a587d940 JavaThread "Cache worker for cache directory md-supplier (C:\Users\asusu\.gradle\caches\8.7\md-supplier)" [_thread_blocked, id=2572, stack(0x000000fa81000000,0x000000fa81100000)]
  0x000002f3a587ca10 JavaThread "Cache worker for cache directory md-rule (C:\Users\asusu\.gradle\caches\8.7\md-rule)" [_thread_blocked, id=9540, stack(0x000000fa81100000,0x000000fa81200000)]
  0x000002f3a587cf20 JavaThread "Cache worker for file content cache (C:\Users\asusu\.gradle\caches\8.7\fileContent)" [_thread_blocked, id=14860, stack(0x000000fa81300000,0x000000fa81400000)]
  0x000002f3a587ed80 JavaThread "Cache worker for Build Output Cleanup Cache (C:\Users\asusu\AndroidStudioProjects\StoryApp\.gradle\buildOutputCleanup)" [_thread_blocked, id=364, stack(0x000000fa81400000,0x000000fa81500000)]
  0x000002f3a587f7a0 JavaThread "Unconstrained build operations" [_thread_blocked, id=16296, stack(0x000000fa81500000,0x000000fa81600000)]
  0x000002f3a587fcb0 JavaThread "Unconstrained build operations Thread 2" [_thread_blocked, id=15648, stack(0x000000fa81600000,0x000000fa81700000)]
  0x000002f3a58801c0 JavaThread "Unconstrained build operations Thread 3" [_thread_blocked, id=12300, stack(0x000000fa81700000,0x000000fa81800000)]
  0x000002f3a5879260 JavaThread "Unconstrained build operations Thread 4" [_thread_blocked, id=4736, stack(0x000000fa81800000,0x000000fa81900000)]
  0x000002f3a5879c80 JavaThread "Unconstrained build operations Thread 5" [_thread_blocked, id=16152, stack(0x000000fa81900000,0x000000fa81a00000)]
  0x000002f3a7c4c470 JavaThread "Unconstrained build operations Thread 6" [_thread_blocked, id=7004, stack(0x000000fa81a00000,0x000000fa81b00000)]
  0x000002f3a7c4d3a0 JavaThread "build event listener" [_thread_blocked, id=16528, stack(0x000000fa81b00000,0x000000fa81c00000)]

Other Threads:
  0x000002f39f94a840 VMThread "VM Thread" [stack: 0x000000fafef00000,0x000000faff000000] [id=17072]
  0x000002f38637f990 WatcherThread [stack: 0x000000faffb00000,0x000000faffc00000] [id=14032]
  0x000002f3863d7ca0 GCTaskThread "GC Thread#0" [stack: 0x000000fafea00000,0x000000fafeb00000] [id=15980]
  0x000002f3a41c5d50 GCTaskThread "GC Thread#1" [stack: 0x000000faffc00000,0x000000faffd00000] [id=16352]
  0x000002f3a404ba50 GCTaskThread "GC Thread#2" [stack: 0x000000faffd00000,0x000000faffe00000] [id=10372]
  0x000002f3a49fba90 GCTaskThread "GC Thread#3" [stack: 0x000000faffe00000,0x000000fafff00000] [id=9064]
  0x000002f3863e89a0 ConcurrentGCThread "G1 Main Marker" [stack: 0x000000fafeb00000,0x000000fafec00000] [id=16300]
  0x000002f3863e9170 ConcurrentGCThread "G1 Conc#0" [stack: 0x000000fafec00000,0x000000fafed00000] [id=3224]
  0x000002f38640e0a0 ConcurrentGCThread "G1 Refine#0" [stack: 0x000000fafed00000,0x000000fafee00000] [id=14352]
  0x000002f3a5cc3840 ConcurrentGCThread "G1 Refine#1" [stack: 0x000000fa81200000,0x000000fa81300000] [id=4584]
  0x000002f38640e880 ConcurrentGCThread "G1 Service" [stack: 0x000000fafee00000,0x000000fafef00000] [id=1552]

Threads with active compile tasks:
C2 CompilerThread0    15086 7041       4       java.net.URLClassLoader$1::run (5 bytes)

VM state: not at safepoint (normal execution)

VM Mutex/Monitor currently owned by a thread: None

Heap address: 0x0000000080000000, size: 2048 MB, Compressed Oops mode: 32-bit

CDS archive(s) not mapped
Compressed class space mapped at: 0x0000000100000000-0x0000000140000000, reserved size: 1073741824
Narrow klass base: 0x0000000000000000, Narrow klass shift: 3, Narrow klass range: 0x140000000

GC Precious Log:
 CPUs: 4 total, 4 available
 Memory: 6082M
 Large Page Support: Disabled
 NUMA Support: Disabled
 Compressed Oops: Enabled (32-bit)
 Heap Region Size: 1M
 Heap Min Capacity: 8M
 Heap Initial Capacity: 96M
 Heap Max Capacity: 2G
 Pre-touch: Disabled
 Parallel Workers: 4
 Concurrent Workers: 1
 Concurrent Refinement Workers: 4
 Periodic GC: Disabled

Heap:
 garbage-first heap   total 152576K, used 107369K [0x0000000080000000, 0x0000000100000000)
  region size 1024K, 43 young (44032K), 3 survivors (3072K)
 Metaspace       used 65561K, committed 66112K, reserved 1114112K
  class space    used 8782K, committed 9024K, reserved 1048576K

Heap Regions: E=young(eden), S=young(survivor), O=old, HS=humongous(starts), HC=humongous(continues), CS=collection set, F=free, OA=open archive, CA=closed archive, TAMS=top-at-mark-start (previous, next)
|   0|0x0000000080000000, 0x0000000080100000, 0x0000000080100000|100%| O|  |TAMS 0x0000000080100000, 0x0000000080100000| Untracked 
|   1|0x0000000080100000, 0x0000000080200000, 0x0000000080200000|100%| O|  |TAMS 0x0000000080200000, 0x0000000080200000| Untracked 
|   2|0x0000000080200000, 0x0000000080300000, 0x0000000080300000|100%|HS|  |TAMS 0x0000000080300000, 0x0000000080300000| Complete 
|   3|0x0000000080300000, 0x0000000080400000, 0x0000000080400000|100%|HC|  |TAMS 0x0000000080400000, 0x0000000080400000| Complete 
|   4|0x0000000080400000, 0x0000000080500000, 0x0000000080500000|100%|HC|  |TAMS 0x0000000080500000, 0x0000000080500000| Complete 
|   5|0x0000000080500000, 0x0000000080600000, 0x0000000080600000|100%|HC|  |TAMS 0x0000000080600000, 0x0000000080600000| Complete 
|   6|0x0000000080600000, 0x0000000080700000, 0x0000000080700000|100%| O|  |TAMS 0x0000000080700000, 0x0000000080700000| Untracked 
|   7|0x0000000080700000, 0x0000000080800000, 0x0000000080800000|100%| O|  |TAMS 0x0000000080800000, 0x0000000080800000| Untracked 
|   8|0x0000000080800000, 0x0000000080900000, 0x0000000080900000|100%| O|  |TAMS 0x0000000080900000, 0x0000000080900000| Untracked 
|   9|0x0000000080900000, 0x0000000080a00000, 0x0000000080a00000|100%| O|  |TAMS 0x0000000080a00000, 0x0000000080a00000| Untracked 
|  10|0x0000000080a00000, 0x0000000080b00000, 0x0000000080b00000|100%| O|  |TAMS 0x0000000080b00000, 0x0000000080b00000| Untracked 
|  11|0x0000000080b00000, 0x0000000080c00000, 0x0000000080c00000|100%| O|  |TAMS 0x0000000080c00000, 0x0000000080c00000| Untracked 
|  12|0x0000000080c00000, 0x0000000080d00000, 0x0000000080d00000|100%| O|  |TAMS 0x0000000080d00000, 0x0000000080d00000| Untracked 
|  13|0x0000000080d00000, 0x0000000080e00000, 0x0000000080e00000|100%| O|  |TAMS 0x0000000080e00000, 0x0000000080e00000| Untracked 
|  14|0x0000000080e00000, 0x0000000080f00000, 0x0000000080f00000|100%| O|  |TAMS 0x0000000080f00000, 0x0000000080f00000| Untracked 
|  15|0x0000000080f00000, 0x0000000081000000, 0x0000000081000000|100%| O|  |TAMS 0x0000000081000000, 0x0000000081000000| Untracked 
|  16|0x0000000081000000, 0x0000000081100000, 0x0000000081100000|100%| O|  |TAMS 0x0000000081100000, 0x0000000081100000| Untracked 
|  17|0x0000000081100000, 0x0000000081200000, 0x0000000081200000|100%| O|  |TAMS 0x0000000081200000, 0x0000000081200000| Untracked 
|  18|0x0000000081200000, 0x0000000081300000, 0x0000000081300000|100%| O|  |TAMS 0x0000000081300000, 0x0000000081300000| Untracked 
|  19|0x0000000081300000, 0x0000000081400000, 0x0000000081400000|100%| O|  |TAMS 0x0000000081400000, 0x0000000081400000| Untracked 
|  20|0x0000000081400000, 0x0000000081500000, 0x0000000081500000|100%| O|  |TAMS 0x0000000081500000, 0x0000000081500000| Untracked 
|  21|0x0000000081500000, 0x0000000081600000, 0x0000000081600000|100%| O|  |TAMS 0x0000000081600000, 0x0000000081600000| Untracked 
|  22|0x0000000081600000, 0x0000000081700000, 0x0000000081700000|100%| O|  |TAMS 0x0000000081700000, 0x0000000081700000| Untracked 
|  23|0x0000000081700000, 0x0000000081800000, 0x0000000081800000|100%| O|  |TAMS 0x0000000081800000, 0x0000000081800000| Untracked 
|  24|0x0000000081800000, 0x0000000081900000, 0x0000000081900000|100%| O|  |TAMS 0x0000000081900000, 0x0000000081900000| Untracked 
|  25|0x0000000081900000, 0x0000000081a00000, 0x0000000081a00000|100%| O|  |TAMS 0x0000000081a00000, 0x0000000081a00000| Untracked 
|  26|0x0000000081a00000, 0x0000000081b00000, 0x0000000081b00000|100%| O|  |TAMS 0x0000000081b00000, 0x0000000081b00000| Untracked 
|  27|0x0000000081b00000, 0x0000000081c00000, 0x0000000081c00000|100%| O|  |TAMS 0x0000000081c00000, 0x0000000081c00000| Untracked 
|  28|0x0000000081c00000, 0x0000000081d00000, 0x0000000081d00000|100%| O|  |TAMS 0x0000000081d00000, 0x0000000081d00000| Untracked 
|  29|0x0000000081d00000, 0x0000000081e00000, 0x0000000081e00000|100%| O|  |TAMS 0x0000000081e00000, 0x0000000081e00000| Untracked 
|  30|0x0000000081e00000, 0x0000000081f00000, 0x0000000081f00000|100%| O|  |TAMS 0x0000000081f00000, 0x0000000081f00000| Untracked 
|  31|0x0000000081f00000, 0x0000000082000000, 0x0000000082000000|100%|HS|  |TAMS 0x0000000081f00000, 0x0000000081f00000| Complete 
|  32|0x0000000082000000, 0x0000000082100000, 0x0000000082100000|100%| O|  |TAMS 0x0000000082100000, 0x0000000082100000| Untracked 
|  33|0x0000000082100000, 0x0000000082200000, 0x0000000082200000|100%| O|  |TAMS 0x0000000082200000, 0x0000000082200000| Untracked 
|  34|0x0000000082200000, 0x0000000082300000, 0x0000000082300000|100%| O|  |TAMS 0x0000000082300000, 0x0000000082300000| Untracked 
|  35|0x0000000082300000, 0x0000000082400000, 0x0000000082400000|100%| O|  |TAMS 0x0000000082400000, 0x0000000082400000| Untracked 
|  36|0x0000000082400000, 0x0000000082500000, 0x0000000082500000|100%| O|  |TAMS 0x0000000082500000, 0x0000000082500000| Untracked 
|  37|0x0000000082500000, 0x0000000082600000, 0x0000000082600000|100%| O|  |TAMS 0x00000000825f9c00, 0x0000000082600000| Untracked 
|  38|0x0000000082600000, 0x0000000082700000, 0x0000000082700000|100%| O|  |TAMS 0x0000000082600000, 0x0000000082700000| Untracked 
|  39|0x0000000082700000, 0x0000000082800000, 0x0000000082800000|100%| O|  |TAMS 0x0000000082700000, 0x0000000082800000| Untracked 
|  40|0x0000000082800000, 0x0000000082900000, 0x0000000082900000|100%| O|  |TAMS 0x0000000082800000, 0x0000000082900000| Untracked 
|  41|0x0000000082900000, 0x0000000082a00000, 0x0000000082a00000|100%|HS|  |TAMS 0x0000000082900000, 0x0000000082a00000| Complete 
|  42|0x0000000082a00000, 0x0000000082b00000, 0x0000000082b00000|100%|HS|  |TAMS 0x0000000082a00000, 0x0000000082b00000| Complete 
|  43|0x0000000082b00000, 0x0000000082c00000, 0x0000000082c00000|100%|HS|  |TAMS 0x0000000082b00000, 0x0000000082c00000| Complete 
|  44|0x0000000082c00000, 0x0000000082d00000, 0x0000000082d00000|100%|HC|  |TAMS 0x0000000082c00000, 0x0000000082d00000| Complete 
|  45|0x0000000082d00000, 0x0000000082e00000, 0x0000000082e00000|100%|HS|  |TAMS 0x0000000082d00000, 0x0000000082e00000| Complete 
|  46|0x0000000082e00000, 0x0000000082f00000, 0x0000000082f00000|100%|HS|  |TAMS 0x0000000082e00000, 0x0000000082f00000| Complete 
|  47|0x0000000082f00000, 0x0000000083000000, 0x0000000083000000|100%|HC|  |TAMS 0x0000000082f00000, 0x0000000083000000| Complete 
|  48|0x0000000083000000, 0x0000000083100000, 0x0000000083100000|100%|HC|  |TAMS 0x0000000083000000, 0x0000000083100000| Complete 
|  49|0x0000000083100000, 0x0000000083200000, 0x0000000083200000|100%|HC|  |TAMS 0x0000000083100000, 0x0000000083200000| Complete 
|  50|0x0000000083200000, 0x0000000083300000, 0x0000000083300000|100%|HS|  |TAMS 0x0000000083200000, 0x0000000083300000| Complete 
|  51|0x0000000083300000, 0x0000000083400000, 0x0000000083400000|100%| O|  |TAMS 0x0000000083300000, 0x0000000083400000| Untracked 
|  52|0x0000000083400000, 0x0000000083500000, 0x0000000083500000|100%|HS|  |TAMS 0x0000000083400000, 0x0000000083500000| Complete 
|  53|0x0000000083500000, 0x0000000083600000, 0x0000000083600000|100%|HC|  |TAMS 0x0000000083500000, 0x0000000083600000| Complete 
|  54|0x0000000083600000, 0x0000000083700000, 0x0000000083700000|100%| O|  |TAMS 0x0000000083600000, 0x0000000083700000| Untracked 
|  55|0x0000000083700000, 0x0000000083800000, 0x0000000083800000|100%| O|  |TAMS 0x0000000083700000, 0x0000000083800000| Untracked 
|  56|0x0000000083800000, 0x0000000083900000, 0x0000000083900000|100%| O|  |TAMS 0x0000000083800000, 0x0000000083900000| Untracked 
|  57|0x0000000083900000, 0x000000008392cc00, 0x0000000083a00000| 17%| O|  |TAMS 0x0000000083900000, 0x000000008392cc00| Untracked 
|  58|0x0000000083a00000, 0x0000000083b00000, 0x0000000083b00000|100%|HS|  |TAMS 0x0000000083a00000, 0x0000000083a00000| Complete 
|  59|0x0000000083b00000, 0x0000000083c00000, 0x0000000083c00000|100%| O|  |TAMS 0x0000000083b00000, 0x0000000083c00000| Untracked 
|  60|0x0000000083c00000, 0x0000000083d00000, 0x0000000083d00000|100%| O|  |TAMS 0x0000000083c00000, 0x0000000083d00000| Untracked 
|  61|0x0000000083d00000, 0x0000000083e00000, 0x0000000083e00000|100%| O|  |TAMS 0x0000000083d00000, 0x0000000083e00000| Untracked 
|  62|0x0000000083e00000, 0x0000000083e00000, 0x0000000083f00000|  0%| F|  |TAMS 0x0000000083e00000, 0x0000000083e00000| Untracked 
|  63|0x0000000083f00000, 0x0000000083f00000, 0x0000000084000000|  0%| F|  |TAMS 0x0000000083f00000, 0x0000000083f00000| Untracked 
|  64|0x0000000084000000, 0x0000000084000000, 0x0000000084100000|  0%| F|  |TAMS 0x0000000084000000, 0x0000000084000000| Untracked 
|  65|0x0000000084100000, 0x0000000084100000, 0x0000000084200000|  0%| F|  |TAMS 0x0000000084100000, 0x0000000084100000| Untracked 
|  66|0x0000000084200000, 0x0000000084200000, 0x0000000084300000|  0%| F|  |TAMS 0x0000000084200000, 0x0000000084200000| Untracked 
|  67|0x0000000084300000, 0x0000000084300000, 0x0000000084400000|  0%| F|  |TAMS 0x0000000084300000, 0x0000000084300000| Untracked 
|  68|0x0000000084400000, 0x0000000084400000, 0x0000000084500000|  0%| F|  |TAMS 0x0000000084400000, 0x0000000084400000| Untracked 
|  69|0x0000000084500000, 0x0000000084500000, 0x0000000084600000|  0%| F|  |TAMS 0x0000000084500000, 0x0000000084500000| Untracked 
|  70|0x0000000084600000, 0x0000000084600000, 0x0000000084700000|  0%| F|  |TAMS 0x0000000084600000, 0x0000000084600000| Untracked 
|  71|0x0000000084700000, 0x0000000084700000, 0x0000000084800000|  0%| F|  |TAMS 0x0000000084700000, 0x0000000084700000| Untracked 
|  72|0x0000000084800000, 0x0000000084800000, 0x0000000084900000|  0%| F|  |TAMS 0x0000000084800000, 0x0000000084800000| Untracked 
|  73|0x0000000084900000, 0x0000000084900000, 0x0000000084a00000|  0%| F|  |TAMS 0x0000000084900000, 0x0000000084900000| Untracked 
|  74|0x0000000084a00000, 0x0000000084a00000, 0x0000000084b00000|  0%| F|  |TAMS 0x0000000084a00000, 0x0000000084a00000| Untracked 
|  75|0x0000000084b00000, 0x0000000084b00000, 0x0000000084c00000|  0%| F|  |TAMS 0x0000000084b00000, 0x0000000084b00000| Untracked 
|  76|0x0000000084c00000, 0x0000000084c00000, 0x0000000084d00000|  0%| F|  |TAMS 0x0000000084c00000, 0x0000000084c00000| Untracked 
|  77|0x0000000084d00000, 0x0000000084d00000, 0x0000000084e00000|  0%| F|  |TAMS 0x0000000084d00000, 0x0000000084d00000| Untracked 
|  78|0x0000000084e00000, 0x0000000084e00000, 0x0000000084f00000|  0%| F|  |TAMS 0x0000000084e00000, 0x0000000084e00000| Untracked 
|  79|0x0000000084f00000, 0x0000000084f00000, 0x0000000085000000|  0%| F|  |TAMS 0x0000000084f00000, 0x0000000084f00000| Untracked 
|  80|0x0000000085000000, 0x0000000085000000, 0x0000000085100000|  0%| F|  |TAMS 0x0000000085000000, 0x0000000085000000| Untracked 
|  81|0x0000000085100000, 0x0000000085100000, 0x0000000085200000|  0%| F|  |TAMS 0x0000000085100000, 0x0000000085100000| Untracked 
|  82|0x0000000085200000, 0x0000000085200000, 0x0000000085300000|  0%| F|  |TAMS 0x0000000085200000, 0x0000000085200000| Untracked 
|  83|0x0000000085300000, 0x0000000085300000, 0x0000000085400000|  0%| F|  |TAMS 0x0000000085300000, 0x0000000085300000| Untracked 
|  84|0x0000000085400000, 0x0000000085400000, 0x0000000085500000|  0%| F|  |TAMS 0x0000000085400000, 0x0000000085400000| Untracked 
|  85|0x0000000085500000, 0x0000000085500000, 0x0000000085600000|  0%| F|  |TAMS 0x0000000085500000, 0x0000000085500000| Untracked 
|  86|0x0000000085600000, 0x0000000085600000, 0x0000000085700000|  0%| F|  |TAMS 0x0000000085600000, 0x0000000085600000| Untracked 
|  87|0x0000000085700000, 0x0000000085700000, 0x0000000085800000|  0%| F|  |TAMS 0x0000000085700000, 0x0000000085700000| Untracked 
|  88|0x0000000085800000, 0x0000000085800000, 0x0000000085900000|  0%| F|  |TAMS 0x0000000085800000, 0x0000000085800000| Untracked 
|  89|0x0000000085900000, 0x0000000085900000, 0x0000000085a00000|  0%| F|  |TAMS 0x0000000085900000, 0x0000000085900000| Untracked 
|  90|0x0000000085a00000, 0x0000000085a00000, 0x0000000085b00000|  0%| F|  |TAMS 0x0000000085a00000, 0x0000000085a00000| Untracked 
|  91|0x0000000085b00000, 0x0000000085b00000, 0x0000000085c00000|  0%| F|  |TAMS 0x0000000085b00000, 0x0000000085b00000| Untracked 
|  92|0x0000000085c00000, 0x0000000085c00000, 0x0000000085d00000|  0%| F|  |TAMS 0x0000000085c00000, 0x0000000085c00000| Untracked 
|  93|0x0000000085d00000, 0x0000000085d00000, 0x0000000085e00000|  0%| F|  |TAMS 0x0000000085d00000, 0x0000000085d00000| Untracked 
|  94|0x0000000085e00000, 0x0000000085e00000, 0x0000000085f00000|  0%| F|  |TAMS 0x0000000085e00000, 0x0000000085e00000| Untracked 
|  95|0x0000000085f00000, 0x0000000085f00000, 0x0000000086000000|  0%| F|  |TAMS 0x0000000085f00000, 0x0000000085f00000| Untracked 
|  96|0x0000000086000000, 0x00000000860ad900, 0x0000000086100000| 67%| S|CS|TAMS 0x0000000086000000, 0x0000000086000000| Complete 
|  97|0x0000000086100000, 0x0000000086200000, 0x0000000086200000|100%| S|CS|TAMS 0x0000000086100000, 0x0000000086100000| Complete 
|  98|0x0000000086200000, 0x0000000086300000, 0x0000000086300000|100%| S|CS|TAMS 0x0000000086200000, 0x0000000086200000| Complete 
|  99|0x0000000086300000, 0x0000000086300000, 0x0000000086400000|  0%| F|  |TAMS 0x0000000086300000, 0x0000000086300000| Untracked 
| 100|0x0000000086400000, 0x0000000086400000, 0x0000000086500000|  0%| F|  |TAMS 0x0000000086400000, 0x0000000086400000| Untracked 
| 101|0x0000000086500000, 0x0000000086500000, 0x0000000086600000|  0%| F|  |TAMS 0x0000000086500000, 0x0000000086500000| Untracked 
| 102|0x0000000086600000, 0x0000000086600000, 0x0000000086700000|  0%| F|  |TAMS 0x0000000086600000, 0x0000000086600000| Untracked 
| 103|0x0000000086700000, 0x0000000086700000, 0x0000000086800000|  0%| F|  |TAMS 0x0000000086700000, 0x0000000086700000| Untracked 
| 104|0x0000000086800000, 0x0000000086800000, 0x0000000086900000|  0%| F|  |TAMS 0x0000000086800000, 0x0000000086800000| Untracked 
| 105|0x0000000086900000, 0x0000000086900000, 0x0000000086a00000|  0%| F|  |TAMS 0x0000000086900000, 0x0000000086900000| Untracked 
| 106|0x0000000086a00000, 0x0000000086a00000, 0x0000000086b00000|  0%| F|  |TAMS 0x0000000086a00000, 0x0000000086a00000| Untracked 
| 107|0x0000000086b00000, 0x0000000086b80818, 0x0000000086c00000| 50%| E|  |TAMS 0x0000000086b00000, 0x0000000086b00000| Complete 
| 108|0x0000000086c00000, 0x0000000086d00000, 0x0000000086d00000|100%| E|CS|TAMS 0x0000000086c00000, 0x0000000086c00000| Complete 
| 109|0x0000000086d00000, 0x0000000086e00000, 0x0000000086e00000|100%| E|CS|TAMS 0x0000000086d00000, 0x0000000086d00000| Complete 
| 110|0x0000000086e00000, 0x0000000086f00000, 0x0000000086f00000|100%| E|CS|TAMS 0x0000000086e00000, 0x0000000086e00000| Complete 
| 111|0x0000000086f00000, 0x0000000087000000, 0x0000000087000000|100%| E|CS|TAMS 0x0000000086f00000, 0x0000000086f00000| Complete 
| 112|0x0000000087000000, 0x0000000087100000, 0x0000000087100000|100%| E|CS|TAMS 0x0000000087000000, 0x0000000087000000| Complete 
| 113|0x0000000087100000, 0x0000000087200000, 0x0000000087200000|100%| E|CS|TAMS 0x0000000087100000, 0x0000000087100000| Complete 
| 114|0x0000000087200000, 0x0000000087300000, 0x0000000087300000|100%| E|CS|TAMS 0x0000000087200000, 0x0000000087200000| Complete 
| 115|0x0000000087300000, 0x0000000087400000, 0x0000000087400000|100%| E|CS|TAMS 0x0000000087300000, 0x0000000087300000| Complete 
| 116|0x0000000087400000, 0x0000000087500000, 0x0000000087500000|100%| E|CS|TAMS 0x0000000087400000, 0x0000000087400000| Complete 
| 117|0x0000000087500000, 0x0000000087600000, 0x0000000087600000|100%| E|CS|TAMS 0x0000000087500000, 0x0000000087500000| Complete 
| 118|0x0000000087600000, 0x0000000087700000, 0x0000000087700000|100%| E|CS|TAMS 0x0000000087600000, 0x0000000087600000| Complete 
| 119|0x0000000087700000, 0x0000000087800000, 0x0000000087800000|100%| E|CS|TAMS 0x0000000087700000, 0x0000000087700000| Complete 
| 120|0x0000000087800000, 0x0000000087900000, 0x0000000087900000|100%| E|CS|TAMS 0x0000000087800000, 0x0000000087800000| Complete 
| 121|0x0000000087900000, 0x0000000087a00000, 0x0000000087a00000|100%| E|CS|TAMS 0x0000000087900000, 0x0000000087900000| Complete 
| 122|0x0000000087a00000, 0x0000000087b00000, 0x0000000087b00000|100%| E|CS|TAMS 0x0000000087a00000, 0x0000000087a00000| Complete 
| 123|0x0000000087b00000, 0x0000000087c00000, 0x0000000087c00000|100%| E|CS|TAMS 0x0000000087b00000, 0x0000000087b00000| Complete 
| 124|0x0000000087c00000, 0x0000000087d00000, 0x0000000087d00000|100%| E|CS|TAMS 0x0000000087c00000, 0x0000000087c00000| Complete 
| 125|0x0000000087d00000, 0x0000000087e00000, 0x0000000087e00000|100%| E|CS|TAMS 0x0000000087d00000, 0x0000000087d00000| Complete 
| 126|0x0000000087e00000, 0x0000000087f00000, 0x0000000087f00000|100%| E|CS|TAMS 0x0000000087e00000, 0x0000000087e00000| Complete 
| 127|0x0000000087f00000, 0x0000000088000000, 0x0000000088000000|100%| E|CS|TAMS 0x0000000087f00000, 0x0000000087f00000| Complete 
| 128|0x0000000088000000, 0x0000000088100000, 0x0000000088100000|100%| E|CS|TAMS 0x0000000088000000, 0x0000000088000000| Complete 
| 129|0x0000000088100000, 0x0000000088200000, 0x0000000088200000|100%| E|CS|TAMS 0x0000000088100000, 0x0000000088100000| Complete 
| 130|0x0000000088200000, 0x0000000088300000, 0x0000000088300000|100%| E|CS|TAMS 0x0000000088200000, 0x0000000088200000| Complete 
| 131|0x0000000088300000, 0x0000000088400000, 0x0000000088400000|100%| E|CS|TAMS 0x0000000088300000, 0x0000000088300000| Complete 
| 132|0x0000000088400000, 0x0000000088500000, 0x0000000088500000|100%| E|CS|TAMS 0x0000000088400000, 0x0000000088400000| Complete 
| 133|0x0000000088500000, 0x0000000088600000, 0x0000000088600000|100%| E|CS|TAMS 0x0000000088500000, 0x0000000088500000| Complete 
| 134|0x0000000088600000, 0x0000000088700000, 0x0000000088700000|100%| E|CS|TAMS 0x0000000088600000, 0x0000000088600000| Complete 
| 135|0x0000000088700000, 0x0000000088800000, 0x0000000088800000|100%| E|CS|TAMS 0x0000000088700000, 0x0000000088700000| Complete 
| 136|0x0000000088800000, 0x0000000088900000, 0x0000000088900000|100%| E|CS|TAMS 0x0000000088800000, 0x0000000088800000| Complete 
| 137|0x0000000088900000, 0x0000000088a00000, 0x0000000088a00000|100%| E|CS|TAMS 0x0000000088900000, 0x0000000088900000| Complete 
| 138|0x0000000088a00000, 0x0000000088b00000, 0x0000000088b00000|100%| E|CS|TAMS 0x0000000088a00000, 0x0000000088a00000| Complete 
| 139|0x0000000088b00000, 0x0000000088c00000, 0x0000000088c00000|100%| E|CS|TAMS 0x0000000088b00000, 0x0000000088b00000| Complete 
| 140|0x0000000088c00000, 0x0000000088d00000, 0x0000000088d00000|100%| E|CS|TAMS 0x0000000088c00000, 0x0000000088c00000| Complete 
| 141|0x0000000088d00000, 0x0000000088e00000, 0x0000000088e00000|100%| E|CS|TAMS 0x0000000088d00000, 0x0000000088d00000| Complete 
| 142|0x0000000088e00000, 0x0000000088f00000, 0x0000000088f00000|100%| E|CS|TAMS 0x0000000088e00000, 0x0000000088e00000| Complete 
| 143|0x0000000088f00000, 0x0000000089000000, 0x0000000089000000|100%| E|CS|TAMS 0x0000000088f00000, 0x0000000088f00000| Complete 
| 144|0x0000000089000000, 0x0000000089100000, 0x0000000089100000|100%| E|CS|TAMS 0x0000000089000000, 0x0000000089000000| Complete 
| 145|0x0000000089100000, 0x0000000089200000, 0x0000000089200000|100%| E|CS|TAMS 0x0000000089100000, 0x0000000089100000| Complete 
| 146|0x0000000089200000, 0x0000000089300000, 0x0000000089300000|100%| E|CS|TAMS 0x0000000089200000, 0x0000000089200000| Complete 
|2046|0x00000000ffe00000, 0x00000000fff00000, 0x00000000fff00000|100%| O|  |TAMS 0x00000000ffe00000, 0x00000000fff00000| Untracked 
|2047|0x00000000fff00000, 0x0000000100000000, 0x0000000100000000|100%| O|  |TAMS 0x00000000fff00000, 0x0000000100000000| Untracked 

Card table byte_map: [0x000002f398c30000,0x000002f399030000] _byte_map_base: 0x000002f398830000

Marking Bits (Prev, Next): (CMBitMap*) 0x000002f3863d80b0, (CMBitMap*) 0x000002f3863d8070
 Prev Bits: [0x000002f39b430000, 0x000002f39d430000)
 Next Bits: [0x000002f399430000, 0x000002f39b430000)

Polling page: 0x000002f3842b0000

Metaspace:

Usage:
  Non-class:     55.47 MB used.
      Class:      8.58 MB used.
       Both:     64.05 MB used.

Virtual space:
  Non-class space:       64.00 MB reserved,      55.75 MB ( 87%) committed,  1 nodes.
      Class space:        1.00 GB reserved,       8.81 MB ( <1%) committed,  1 nodes.
             Both:        1.06 GB reserved,      64.56 MB (  6%) committed. 

Chunk freelists:
   Non-Class:  8.06 MB
       Class:  7.20 MB
        Both:  15.26 MB

MaxMetaspaceSize: unlimited
CompressedClassSpaceSize: 1.00 GB
Initial GC threshold: 21.00 MB
Current GC threshold: 93.44 MB
CDS: off
MetaspaceReclaimPolicy: balanced
 - commit_granule_bytes: 65536.
 - commit_granule_words: 8192.
 - virtual_space_node_default_size: 8388608.
 - enlarge_chunks_in_place: 1.
 - new_chunks_are_fully_committed: 0.
 - uncommit_free_chunks: 1.
 - use_allocation_guard: 0.
 - handle_deallocations: 1.


Internal statistics:

num_allocs_failed_limit: 9.
num_arena_births: 738.
num_arena_deaths: 0.
num_vsnodes_births: 2.
num_vsnodes_deaths: 0.
num_space_committed: 1033.
num_space_uncommitted: 0.
num_chunks_returned_to_freelist: 9.
num_chunks_taken_from_freelist: 3015.
num_chunk_merges: 9.
num_chunk_splits: 2007.
num_chunks_enlarged: 1357.
num_inconsistent_stats: 0.

CodeHeap 'non-profiled nmethods': size=120000Kb used=2609Kb max_used=3373Kb free=117390Kb
 bounds [0x000002f391300000, 0x000002f391650000, 0x000002f398830000]
CodeHeap 'profiled nmethods': size=120000Kb used=11614Kb max_used=13305Kb free=108386Kb
 bounds [0x000002f389830000, 0x000002f38a530000, 0x000002f390d60000]
CodeHeap 'non-nmethods': size=5760Kb used=1644Kb max_used=1684Kb free=4115Kb
 bounds [0x000002f390d60000, 0x000002f390fd0000, 0x000002f391300000]
 total_blobs=7041 nmethods=6321 adapters=632
 compilation: enabled
              stopped_count=0, restarted_count=0
 full_count=0

Compilation events (20 events):
Event: 14.979 Thread 0x000002f39fad2510 7204       2       org.objectweb.asm.Type::getDescriptor (18 bytes)
Event: 14.980 Thread 0x000002f39fad2510 nmethod 7204 0x000002f389fd3b90 code [0x000002f389fd3d60, 0x000002f389fd3f98]
Event: 14.980 Thread 0x000002f39fad2510 7205       2       java.lang.Class::searchFields (43 bytes)
Event: 14.980 Thread 0x000002f39fad2510 nmethod 7205 0x000002f389d4e090 code [0x000002f389d4e240, 0x000002f389d4e448]
Event: 14.987 Thread 0x000002f39fad2510 7206       2       org.objectweb.asm.SymbolTable::addBootstrapMethod (209 bytes)
Event: 14.988 Thread 0x000002f39fad2510 nmethod 7206 0x000002f3899fa710 code [0x000002f3899fa940, 0x000002f3899fb078]
Event: 14.988 Thread 0x000002f39fad2510 7207       2       org.gradle.internal.instantiation.generator.AsmBackedClassGenerator$ClassBuilderImpl::access$7400 (4 bytes)
Event: 14.988 Thread 0x000002f39fad2510 nmethod 7207 0x000002f389d26210 code [0x000002f389d263a0, 0x000002f389d26498]
Event: 14.995 Thread 0x000002f39fad2510 7208       2       java.util.TreeMap$Values::iterator (19 bytes)
Event: 14.996 Thread 0x000002f39fad2510 nmethod 7208 0x000002f389d5b490 code [0x000002f389d5b640, 0x000002f389d5b978]
Event: 14.996 Thread 0x000002f39fad2510 7209       2       java.util.TreeMap$ValueIterator::<init> (12 bytes)
Event: 14.996 Thread 0x000002f39fad2510 nmethod 7209 0x000002f389e70b10 code [0x000002f389e70ca0, 0x000002f389e70ef8]
Event: 15.003 Thread 0x000002f39fad2510 7210       2       org.objectweb.asm.Handle::<init> (32 bytes)
Event: 15.003 Thread 0x000002f39fad2510 nmethod 7210 0x000002f38a0d6510 code [0x000002f38a0d66a0, 0x000002f38a0d68b8]
Event: 15.013 Thread 0x000002f39fad2510 7211       1       org.gradle.model.internal.asm.AsmClassGenerator::getGeneratedType (5 bytes)
Event: 15.013 Thread 0x000002f39fad2510 nmethod 7211 0x000002f391386410 code [0x000002f3913865a0, 0x000002f391386678]
Event: 15.022 Thread 0x000002f39fad2510 7212       2       org.objectweb.asm.ClassVisitor::<init> (94 bytes)
Event: 15.023 Thread 0x000002f39fad2510 nmethod 7212 0x000002f38990d310 code [0x000002f38990d500, 0x000002f38990d928]
Event: 15.023 Thread 0x000002f39fad2510 7213   !   2       org.gradle.internal.instantiation.generator.AbstractClassGenerator::generateUnderLock (702 bytes)
Event: 15.028 Thread 0x000002f39fad2510 nmethod 7213 0x000002f3898ef190 code [0x000002f3898ef7a0, 0x000002f3898f23e8]

GC Heap History (20 events):
Event: 9.479 GC heap before
{Heap before GC invocations=16 (full 0):
 garbage-first heap   total 82944K, used 63470K [0x0000000080000000, 0x0000000100000000)
  region size 1024K, 31 young (31744K), 2 survivors (2048K)
 Metaspace       used 50768K, committed 51264K, reserved 1114112K
  class space    used 7007K, committed 7232K, reserved 1048576K
}
Event: 9.484 GC heap after
{Heap after GC invocations=17 (full 0):
 garbage-first heap   total 82944K, used 35392K [0x0000000080000000, 0x0000000100000000)
  region size 1024K, 3 young (3072K), 3 survivors (3072K)
 Metaspace       used 50768K, committed 51264K, reserved 1114112K
  class space    used 7007K, committed 7232K, reserved 1048576K
}
Event: 9.510 GC heap before
{Heap before GC invocations=17 (full 0):
 garbage-first heap   total 82944K, used 36416K [0x0000000080000000, 0x0000000100000000)
  region size 1024K, 4 young (4096K), 3 survivors (3072K)
 Metaspace       used 50856K, committed 51328K, reserved 1114112K
  class space    used 7026K, committed 7232K, reserved 1048576K
}
Event: 9.515 GC heap after
{Heap after GC invocations=18 (full 0):
 garbage-first heap   total 82944K, used 35676K [0x0000000080000000, 0x0000000100000000)
  region size 1024K, 1 young (1024K), 1 survivors (1024K)
 Metaspace       used 50856K, committed 51328K, reserved 1114112K
  class space    used 7026K, committed 7232K, reserved 1048576K
}
Event: 9.840 GC heap before
{Heap before GC invocations=18 (full 0):
 garbage-first heap   total 82944K, used 47964K [0x0000000080000000, 0x0000000100000000)
  region size 1024K, 14 young (14336K), 1 survivors (1024K)
 Metaspace       used 52314K, committed 52736K, reserved 1114112K
  class space    used 7267K, committed 7488K, reserved 1048576K
}
Event: 9.842 GC heap after
{Heap after GC invocations=19 (full 0):
 garbage-first heap   total 82944K, used 36659K [0x0000000080000000, 0x0000000100000000)
  region size 1024K, 1 young (1024K), 1 survivors (1024K)
 Metaspace       used 52314K, committed 52736K, reserved 1114112K
  class space    used 7267K, committed 7488K, reserved 1048576K
}
Event: 11.124 GC heap before
{Heap before GC invocations=19 (full 0):
 garbage-first heap   total 82944K, used 66355K [0x0000000080000000, 0x0000000100000000)
  region size 1024K, 30 young (30720K), 1 survivors (1024K)
 Metaspace       used 55715K, committed 56256K, reserved 1114112K
  class space    used 7639K, committed 7872K, reserved 1048576K
}
Event: 11.132 GC heap after
{Heap after GC invocations=20 (full 0):
 garbage-first heap   total 82944K, used 39059K [0x0000000080000000, 0x0000000100000000)
  region size 1024K, 4 young (4096K), 4 survivors (4096K)
 Metaspace       used 55715K, committed 56256K, reserved 1114112K
  class space    used 7639K, committed 7872K, reserved 1048576K
}
Event: 11.780 GC heap before
{Heap before GC invocations=20 (full 0):
 garbage-first heap   total 82944K, used 64659K [0x0000000080000000, 0x0000000100000000)
  region size 1024K, 30 young (30720K), 4 survivors (4096K)
 Metaspace       used 56525K, committed 57024K, reserved 1114112K
  class space    used 7740K, committed 8000K, reserved 1048576K
}
Event: 11.794 GC heap after
{Heap after GC invocations=21 (full 0):
 garbage-first heap   total 82944K, used 42983K [0x0000000080000000, 0x0000000100000000)
  region size 1024K, 4 young (4096K), 4 survivors (4096K)
 Metaspace       used 56525K, committed 57024K, reserved 1114112K
  class space    used 7740K, committed 8000K, reserved 1048576K
}
Event: 12.217 GC heap before
{Heap before GC invocations=21 (full 0):
 garbage-first heap   total 82944K, used 64487K [0x0000000080000000, 0x0000000100000000)
  region size 1024K, 26 young (26624K), 4 survivors (4096K)
 Metaspace       used 56706K, committed 57216K, reserved 1114112K
  class space    used 7740K, committed 8000K, reserved 1048576K
}
Event: 12.224 GC heap after
{Heap after GC invocations=22 (full 0):
 garbage-first heap   total 82944K, used 44624K [0x0000000080000000, 0x0000000100000000)
  region size 1024K, 4 young (4096K), 4 survivors (4096K)
 Metaspace       used 56706K, committed 57216K, reserved 1114112K
  class space    used 7740K, committed 8000K, reserved 1048576K
}
Event: 12.714 GC heap before
{Heap before GC invocations=23 (full 0):
 garbage-first heap   total 83968K, used 73296K [0x0000000080000000, 0x0000000100000000)
  region size 1024K, 21 young (21504K), 4 survivors (4096K)
 Metaspace       used 56978K, committed 57536K, reserved 1114112K
  class space    used 7779K, committed 8064K, reserved 1048576K
}
Event: 12.723 GC heap after
{Heap after GC invocations=24 (full 0):
 garbage-first heap   total 86016K, used 63008K [0x0000000080000000, 0x0000000100000000)
  region size 1024K, 3 young (3072K), 3 survivors (3072K)
 Metaspace       used 56978K, committed 57536K, reserved 1114112K
  class space    used 7779K, committed 8064K, reserved 1048576K
}
Event: 12.941 GC heap before
{Heap before GC invocations=24 (full 0):
 garbage-first heap   total 86016K, used 64032K [0x0000000080000000, 0x0000000100000000)
  region size 1024K, 4 young (4096K), 3 survivors (3072K)
 Metaspace       used 57075K, committed 57600K, reserved 1114112K
  class space    used 7799K, committed 8064K, reserved 1048576K
}
Event: 12.953 GC heap after
{Heap after GC invocations=25 (full 0):
 garbage-first heap   total 86016K, used 62834K [0x0000000080000000, 0x0000000100000000)
  region size 1024K, 1 young (1024K), 1 survivors (1024K)
 Metaspace       used 57075K, committed 57600K, reserved 1114112K
  class space    used 7799K, committed 8064K, reserved 1048576K
}
Event: 13.070 GC heap before
{Heap before GC invocations=25 (full 0):
 garbage-first heap   total 86016K, used 64882K [0x0000000080000000, 0x0000000100000000)
  region size 1024K, 4 young (4096K), 1 survivors (1024K)
 Metaspace       used 57342K, committed 57920K, reserved 1114112K
  class space    used 7846K, committed 8128K, reserved 1048576K
}
Event: 13.072 GC heap after
{Heap after GC invocations=26 (full 0):
 garbage-first heap   total 152576K, used 62937K [0x0000000080000000, 0x0000000100000000)
  region size 1024K, 1 young (1024K), 1 survivors (1024K)
 Metaspace       used 57342K, committed 57920K, reserved 1114112K
  class space    used 7846K, committed 8128K, reserved 1048576K
}
Event: 14.372 GC heap before
{Heap before GC invocations=26 (full 0):
 garbage-first heap   total 152576K, used 114137K [0x0000000080000000, 0x0000000100000000)
  region size 1024K, 49 young (50176K), 1 survivors (1024K)
 Metaspace       used 61132K, committed 61696K, reserved 1114112K
  class space    used 8345K, committed 8640K, reserved 1048576K
}
Event: 14.376 GC heap after
{Heap after GC invocations=27 (full 0):
 garbage-first heap   total 152576K, used 67433K [0x0000000080000000, 0x0000000100000000)
  region size 1024K, 3 young (3072K), 3 survivors (3072K)
 Metaspace       used 61132K, committed 61696K, reserved 1114112K
  class space    used 8345K, committed 8640K, reserved 1048576K
}

Dll operation events (3 events):
Event: 0.015 Loaded shared library C:\Program Files\Android\Android Studio\jbr\bin\java.dll
Event: 0.145 Loaded shared library C:\Program Files\Android\Android Studio\jbr\bin\zip.dll
Event: 0.813 Loaded shared library C:\Program Files\Android\Android Studio\jbr\bin\verify.dll

Deoptimization events (20 events):
Event: 14.351 Thread 0x000002f39fc69a80 DEOPT PACKING pc=0x000002f3915f86c0 sp=0x000000fa805f60b0
Event: 14.351 Thread 0x000002f39fc69a80 DEOPT UNPACKING pc=0x000002f390db69a3 sp=0x000000fa805f5f70 mode 2
Event: 14.351 Thread 0x000002f39fc69a80 Uncommon trap: trap_request=0xffffffde fr.pc=0x000002f3915f86c0 relative=0x0000000000000360
Event: 14.351 Thread 0x000002f39fc69a80 Uncommon trap: reason=class_check action=maybe_recompile pc=0x000002f3915f86c0 method=java.util.stream.AbstractPipeline.copyIntoWithCancel(Ljava/util/stream/Sink;Ljava/util/Spliterator;)Z @ 32 c2
Event: 14.351 Thread 0x000002f39fc69a80 DEOPT PACKING pc=0x000002f3915f86c0 sp=0x000000fa805f60b0
Event: 14.351 Thread 0x000002f39fc69a80 DEOPT UNPACKING pc=0x000002f390db69a3 sp=0x000000fa805f5f70 mode 2
Event: 14.658 Thread 0x000002f39fc69a80 Uncommon trap: trap_request=0xffffff45 fr.pc=0x000002f39161f4c8 relative=0x0000000000000448
Event: 14.658 Thread 0x000002f39fc69a80 Uncommon trap: reason=unstable_if action=reinterpret pc=0x000002f39161f4c8 method=org.gradle.internal.service.DefaultServiceRegistry$OwnServices.getService(Ljava/lang/reflect/Type;)Lorg/gradle/internal/service/Service; @ 27 c2
Event: 14.658 Thread 0x000002f39fc69a80 DEOPT PACKING pc=0x000002f39161f4c8 sp=0x000000fa805f6ca0
Event: 14.658 Thread 0x000002f39fc69a80 DEOPT UNPACKING pc=0x000002f390db69a3 sp=0x000000fa805f6c18 mode 2
Event: 14.711 Thread 0x000002f39fc69a80 DEOPT PACKING pc=0x000002f38a0d7175 sp=0x000000fa805f3120
Event: 14.711 Thread 0x000002f39fc69a80 DEOPT UNPACKING pc=0x000002f390db7143 sp=0x000000fa805f25a8 mode 0
Event: 14.750 Thread 0x000002f39fc69a80 Uncommon trap: trap_request=0xffffffc6 fr.pc=0x000002f3915f9b98 relative=0x0000000000000058
Event: 14.750 Thread 0x000002f39fc69a80 Uncommon trap: reason=bimorphic_or_optimized_type_check action=maybe_recompile pc=0x000002f3915f9b98 method=java.util.AbstractQueue.add(Ljava/lang/Object;)Z @ 2 c2
Event: 14.750 Thread 0x000002f39fc69a80 DEOPT PACKING pc=0x000002f3915f9b98 sp=0x000000fa805f7100
Event: 14.750 Thread 0x000002f39fc69a80 DEOPT UNPACKING pc=0x000002f390db69a3 sp=0x000000fa805f70c8 mode 2
Event: 14.750 Thread 0x000002f39fc69a80 Uncommon trap: trap_request=0xffffffc6 fr.pc=0x000002f3915f9b98 relative=0x0000000000000058
Event: 14.750 Thread 0x000002f39fc69a80 Uncommon trap: reason=bimorphic_or_optimized_type_check action=maybe_recompile pc=0x000002f3915f9b98 method=java.util.AbstractQueue.add(Ljava/lang/Object;)Z @ 2 c2
Event: 14.750 Thread 0x000002f39fc69a80 DEOPT PACKING pc=0x000002f3915f9b98 sp=0x000000fa805f7100
Event: 14.750 Thread 0x000002f39fc69a80 DEOPT UNPACKING pc=0x000002f390db69a3 sp=0x000000fa805f70c8 mode 2

Classes unloaded (0 events):
No events

Classes redefined (0 events):
No events

Internal exceptions (20 events):
Event: 10.476 Thread 0x000002f39fc69a80 Exception <a 'java/lang/NoSuchMethodError'{0x0000000083ed2f18}: 'java.lang.Object java.lang.invoke.DirectMethodHandle$Holder.invokeSpecial(java.lang.Object, java.lang.Object, java.lang.Object, java.lang.Object, java.lang.Object, long)'> (0x0000000083ed2f18) 
thrown [s\src\hotspot\share\interpreter\linkResolver.cpp, line 771]
Event: 10.478 Thread 0x000002f39fc69a80 Exception <a 'java/lang/NoSuchMethodError'{0x0000000083ef6320}: 'void java.lang.invoke.DirectMethodHandle$Holder.invokeStatic(java.lang.Object, java.lang.Object, java.lang.Object, int, java.lang.Object)'> (0x0000000083ef6320) 
thrown [s\src\hotspot\share\interpreter\linkResolver.cpp, line 771]
Event: 11.409 Thread 0x000002f39fc69a80 Exception <a 'java/lang/NoSuchMethodError'{0x000000008463ae70}: 'java.lang.Object java.lang.invoke.DirectMethodHandle$Holder.newInvokeSpecial(java.lang.Object, java.lang.Object, java.lang.Object, java.lang.Object, int, java.lang.Object)'> (0x000000008463ae70) 
thrown [s\src\hotspot\share\interpreter\linkResolver.cpp, line 771]
Event: 11.409 Thread 0x000002f39fc69a80 Exception <a 'java/lang/NoSuchMethodError'{0x00000000846401c8}: 'java.lang.Object java.lang.invoke.Invokers$Holder.linkToTargetMethod(java.lang.Object, java.lang.Object, java.lang.Object, int, java.lang.Object, java.lang.Object)'> (0x00000000846401c8) 
thrown [s\src\hotspot\share\interpreter\linkResolver.cpp, line 771]
Event: 12.276 Thread 0x000002f39fc69a80 Exception <a 'java/lang/NoSuchMethodError'{0x0000000084ed4cc8}: 'long java.lang.invoke.DirectMethodHandle$Holder.invokeVirtual(java.lang.Object, java.lang.Object)'> (0x0000000084ed4cc8) 
thrown [s\src\hotspot\share\interpreter\linkResolver.cpp, line 771]
Event: 12.281 Thread 0x000002f39fc6b3d0 Exception <a 'java/lang/NoSuchMethodError'{0x0000000084d07ca8}: static Lorg/gradle/internal/build/event/types/DefaultOperationFinishedProgressEvent;.<clinit>()V> (0x0000000084d07ca8) 
thrown [s\src\hotspot\share\prims\jni.cpp, line 1127]
Event: 12.287 Thread 0x000002f39fc6b3d0 Exception <a 'java/lang/NoSuchMethodError'{0x0000000084d62d10}: static Lorg/gradle/internal/build/event/types/DefaultProjectConfigurationSuccessResult;.<clinit>()V> (0x0000000084d62d10) 
thrown [s\src\hotspot\share\prims\jni.cpp, line 1127]
Event: 12.288 Thread 0x000002f39fc6b3d0 Exception <a 'java/lang/NoSuchMethodError'{0x0000000084d676f0}: static Lorg/gradle/internal/build/event/types/AbstractProjectConfigurationResult;.<clinit>()V> (0x0000000084d676f0) 
thrown [s\src\hotspot\share\prims\jni.cpp, line 1127]
Event: 12.288 Thread 0x000002f39fc6b3d0 Exception <a 'java/lang/NoSuchMethodError'{0x0000000084d68e38}: static Lorg/gradle/internal/build/event/types/AbstractOperationResult;.<clinit>()V> (0x0000000084d68e38) 
thrown [s\src\hotspot\share\prims\jni.cpp, line 1127]
Event: 12.289 Thread 0x000002f39fc6b3d0 Exception <a 'java/lang/NoSuchMethodError'{0x0000000084d6a288}: static Lorg/gradle/internal/build/event/types/AbstractResult;.<clinit>()V> (0x0000000084d6a288) 
thrown [s\src\hotspot\share\prims\jni.cpp, line 1127]
Event: 12.292 Thread 0x000002f39fc6b3d0 Exception <a 'java/lang/NoSuchMethodError'{0x0000000084d831b0}: static Lorg/gradle/internal/build/event/types/DefaultPluginApplicationResult;.<clinit>()V> (0x0000000084d831b0) 
thrown [s\src\hotspot\share\prims\jni.cpp, line 1127]
Event: 12.294 Thread 0x000002f39fc6b3d0 Exception <a 'java/lang/NoSuchMethodError'{0x0000000084d8fba0}: static Lorg/gradle/internal/build/event/types/DefaultBinaryPluginIdentifier;.<clinit>()V> (0x0000000084d8fba0) 
thrown [s\src\hotspot\share\prims\jni.cpp, line 1127]
Event: 12.297 Thread 0x000002f39fc6b3d0 Exception <a 'java/lang/NoSuchMethodError'{0x0000000084da9c40}: static Lorg/gradle/internal/build/event/types/DefaultScriptPluginIdentifier;.<clinit>()V> (0x0000000084da9c40) 
thrown [s\src\hotspot\share\prims\jni.cpp, line 1127]
Event: 12.410 Thread 0x000002f39fc69a80 Implicit null exception at 0x000002f3915ab70f to 0x000002f3915abe14
Event: 12.410 Thread 0x000002f39fc69a80 Implicit null exception at 0x000002f3915b0094 to 0x000002f3915b0758
Event: 12.747 Thread 0x000002f39fc69a80 Exception <a 'java/lang/NoSuchMethodError'{0x00000000851799c8}: 'void java.lang.invoke.Invokers$Holder.invoke_MT(java.lang.Object, java.lang.Object, java.lang.Object, java.lang.Object)'> (0x00000000851799c8) 
thrown [s\src\hotspot\share\interpreter\linkResolver.cpp, line 771]
Event: 12.941 Thread 0x000002f39fc69a80 Exception <a 'java/lang/NoSuchMethodError'{0x00000000851fdf60}: 'java.lang.Object java.lang.invoke.DirectMethodHandle$Holder.invokeSpecial(java.lang.Object, java.lang.Object, java.lang.Object, int, java.lang.Object, java.lang.Object)'> (0x00000000851fdf60) 
thrown [s\src\hotspot\share\interpreter\linkResolver.cpp, line 771]
Event: 13.061 Thread 0x000002f39fc69a80 Exception <a 'java/lang/ClassNotFoundException'{0x0000000084e21800}: sun/misc/SharedSecrets> (0x0000000084e21800) 
thrown [s\src\hotspot\share\classfile\systemDictionary.cpp, line 256]
Event: 13.061 Thread 0x000002f39fc69a80 Exception <a 'java/lang/ClassNotFoundException'{0x0000000084e22dd8}: org/gradle/api/internal/plugins/DefaultObjectConfigurationActionBeanInfo> (0x0000000084e22dd8) 
thrown [s\src\hotspot\share\classfile\systemDictionary.cpp, line 256]
Event: 13.062 Thread 0x000002f39fc69a80 Exception <a 'java/lang/ClassNotFoundException'{0x0000000084e394f0}: org/gradle/api/internal/plugins/DefaultObjectConfigurationActionCustomizer> (0x0000000084e394f0) 
thrown [s\src\hotspot\share\classfile\systemDictionary.cpp, line 256]

VM Operations (20 events):
Event: 12.351 Executing VM operation: G1PauseCleanup
Event: 12.351 Executing VM operation: G1PauseCleanup done
Event: 12.714 Executing VM operation: G1CollectForAllocation
Event: 12.723 Executing VM operation: G1CollectForAllocation done
Event: 12.941 Executing VM operation: G1CollectForAllocation
Event: 12.958 Executing VM operation: G1CollectForAllocation done
Event: 13.070 Executing VM operation: G1TryInitiateConcMark
Event: 13.073 Executing VM operation: G1TryInitiateConcMark done
Event: 13.399 Executing VM operation: HandshakeAllThreads
Event: 13.399 Executing VM operation: HandshakeAllThreads done
Event: 14.325 Executing VM operation: HandshakeAllThreads
Event: 14.325 Executing VM operation: HandshakeAllThreads done
Event: 14.325 Executing VM operation: Cleanup
Event: 14.325 Executing VM operation: Cleanup done
Event: 14.342 Executing VM operation: HandshakeAllThreads
Event: 14.342 Executing VM operation: HandshakeAllThreads done
Event: 14.361 Executing VM operation: HandshakeAllThreads
Event: 14.361 Executing VM operation: HandshakeAllThreads done
Event: 14.372 Executing VM operation: G1CollectForAllocation
Event: 14.376 Executing VM operation: G1CollectForAllocation done

Events (20 events):
Event: 14.646 loading class java/time/format/DateTimeTextProvider$LocaleStore done
Event: 14.646 loading class java/time/format/DateTimeTextProvider
Event: 14.646 loading class java/time/format/DateTimeTextProvider done
Event: 14.646 loading class java/time/format/DateTimeTextProvider$1
Event: 14.646 loading class java/time/format/DateTimeTextProvider$1 done
Event: 14.646 loading class java/time/format/DateTimeFormatterBuilder$1
Event: 14.646 loading class java/time/format/DateTimeFormatterBuilder$1 done
Event: 14.646 loading class java/time/format/DateTimeFormatterBuilder$TextPrinterParser
Event: 14.647 loading class java/time/format/DateTimeFormatterBuilder$TextPrinterParser done
Event: 14.647 loading class java/util/concurrent/Executors$DefaultThreadFactory
Event: 14.648 loading class java/util/concurrent/Executors$DefaultThreadFactory done
Event: 14.708 Thread 0x000002f3a7c4d3a0 Thread added: 0x000002f3a7c4d3a0
Event: 14.828 loading class java/nio/charset/UnsupportedCharsetException
Event: 14.828 loading class java/nio/charset/UnsupportedCharsetException done
Event: 14.881 loading class java/util/IdentityHashMap$KeyIterator
Event: 14.882 loading class java/util/IdentityHashMap$IdentityHashMapIterator
Event: 14.882 loading class java/util/IdentityHashMap$IdentityHashMapIterator done
Event: 14.882 loading class java/util/IdentityHashMap$KeyIterator done
Event: 14.899 loading class jdk/internal/access/foreign/MemorySegmentProxy
Event: 14.899 loading class jdk/internal/access/foreign/MemorySegmentProxy done


Dynamic libraries:
0x00007ff7d4a50000 - 0x00007ff7d4a5a000 	C:\Program Files\Android\Android Studio\jbr\bin\java.exe
0x00007ff902550000 - 0x00007ff902767000 	C:\Windows\SYSTEM32\ntdll.dll
0x00007ff900cd0000 - 0x00007ff900d94000 	C:\Windows\System32\KERNEL32.DLL
0x00007ff8ffe40000 - 0x00007ff9001f7000 	C:\Windows\System32\KERNELBASE.dll
0x00007ff8ffd20000 - 0x00007ff8ffe31000 	C:\Windows\System32\ucrtbase.dll
0x00007ff8eb900000 - 0x00007ff8eb917000 	C:\Program Files\Android\Android Studio\jbr\bin\jli.dll
0x00007ff8cfd60000 - 0x00007ff8cfd7b000 	C:\Program Files\Android\Android Studio\jbr\bin\VCRUNTIME140.dll
0x00007ff901b50000 - 0x00007ff901cff000 	C:\Windows\System32\USER32.dll
0x00007ff8ffbd0000 - 0x00007ff8ffbf6000 	C:\Windows\System32\win32u.dll
0x00007ff9005b0000 - 0x00007ff9005d9000 	C:\Windows\System32\GDI32.dll
0x00007ff8f04a0000 - 0x00007ff8f0733000 	C:\Windows\WinSxS\amd64_microsoft.windows.common-controls_6595b64144ccf1df_6.0.22621.3672_none_2713b9d173822955\COMCTL32.dll
0x00007ff8ffc00000 - 0x00007ff8ffd18000 	C:\Windows\System32\gdi32full.dll
0x00007ff900340000 - 0x00007ff9003e7000 	C:\Windows\System32\msvcrt.dll
0x00007ff8ffac0000 - 0x00007ff8ffb5a000 	C:\Windows\System32\msvcp_win.dll
0x00007ff900c90000 - 0x00007ff900cc1000 	C:\Windows\System32\IMM32.DLL
0x00000000727b0000 - 0x00000000727bc000 	C:\Program Files (x86)\360\Total Security\safemon\SafeWrapper.dll
0x00007ff900280000 - 0x00007ff900332000 	C:\Windows\System32\ADVAPI32.dll
0x00007ff900b30000 - 0x00007ff900bd8000 	C:\Windows\System32\sechost.dll
0x00007ff8ff860000 - 0x00007ff8ff888000 	C:\Windows\System32\bcrypt.dll
0x00007ff901930000 - 0x00007ff901a44000 	C:\Windows\System32\RPCRT4.dll
0x00007ff8af180000 - 0x00007ff8af22c000 	C:\Program Files (x86)\360\Total Security\safemon\libzdtp64.dll
0x00007ff901060000 - 0x00007ff9018c9000 	C:\Windows\System32\SHELL32.dll
0x00007ff9005e0000 - 0x00007ff90063e000 	C:\Windows\System32\SHLWAPI.dll
0x00007ff8ff3d0000 - 0x00007ff8ff3da000 	C:\Windows\SYSTEM32\VERSION.dll
0x00007ff8e4a00000 - 0x00007ff8e4a0c000 	C:\Program Files\Android\Android Studio\jbr\bin\vcruntime140_1.dll
0x00007ff8cd830000 - 0x00007ff8cd8bd000 	C:\Program Files\Android\Android Studio\jbr\bin\msvcp140.dll
0x00007ff86da00000 - 0x00007ff86e683000 	C:\Program Files\Android\Android Studio\jbr\bin\server\jvm.dll
0x00007ff8fb660000 - 0x00007ff8fb694000 	C:\Windows\SYSTEM32\WINMM.dll
0x00007ff8fbd20000 - 0x00007ff8fbd29000 	C:\Windows\SYSTEM32\WSOCK32.dll
0x00007ff8ff730000 - 0x00007ff8ff77d000 	C:\Windows\SYSTEM32\POWRPROF.dll
0x00007ff900e80000 - 0x00007ff900ef1000 	C:\Windows\System32\WS2_32.dll
0x00007ff8ff710000 - 0x00007ff8ff723000 	C:\Windows\SYSTEM32\UMPDC.dll
0x00007ff8fe810000 - 0x00007ff8fe828000 	C:\Windows\SYSTEM32\kernel.appcore.dll
0x00007ff8f9210000 - 0x00007ff8f921a000 	C:\Program Files\Android\Android Studio\jbr\bin\jimage.dll
0x00007ff8fd340000 - 0x00007ff8fd572000 	C:\Windows\SYSTEM32\DBGHELP.DLL
0x00007ff9007a0000 - 0x00007ff900b2e000 	C:\Windows\System32\combase.dll
0x00007ff900da0000 - 0x00007ff900e77000 	C:\Windows\System32\OLEAUT32.dll
0x00007ff8df410000 - 0x00007ff8df442000 	C:\Windows\SYSTEM32\dbgcore.DLL
0x00007ff900200000 - 0x00007ff90027b000 	C:\Windows\System32\bcryptPrimitives.dll
0x00007ff8ebf70000 - 0x00007ff8ebf7e000 	C:\Program Files\Android\Android Studio\jbr\bin\instrument.dll
0x00007ff8f5ba0000 - 0x00007ff8f5bc5000 	C:\Program Files\Android\Android Studio\jbr\bin\java.dll
0x00007ff8f9130000 - 0x00007ff8f9148000 	C:\Program Files\Android\Android Studio\jbr\bin\zip.dll
0x00007ff8fd710000 - 0x00007ff8fe00f000 	C:\Windows\SYSTEM32\windows.storage.dll
0x00007ff8fd5d0000 - 0x00007ff8fd70f000 	C:\Windows\SYSTEM32\wintypes.dll
0x00007ff900f60000 - 0x00007ff901059000 	C:\Windows\System32\SHCORE.dll
0x00007ff8ff790000 - 0x00007ff8ff7b7000 	C:\Windows\SYSTEM32\profapi.dll
0x00007ff8eec90000 - 0x00007ff8eeca9000 	C:\Program Files\Android\Android Studio\jbr\bin\net.dll
0x00007ff8fb470000 - 0x00007ff8fb5a6000 	C:\Windows\SYSTEM32\WINHTTP.dll
0x00007ff8fecb0000 - 0x00007ff8fed19000 	C:\Windows\system32\mswsock.dll
0x00007ff8edec0000 - 0x00007ff8eded6000 	C:\Program Files\Android\Android Studio\jbr\bin\nio.dll
0x00007ff8ec5b0000 - 0x00007ff8ec5c0000 	C:\Program Files\Android\Android Studio\jbr\bin\verify.dll
0x00007ff8cfd80000 - 0x00007ff8cfda7000 	C:\Users\asusu\.gradle\native\c067742578af261105cb4f569cf0c3c89f3d7b1fecec35dd04571415982c5e48\windows-amd64\native-platform.dll
0x00007ff893560000 - 0x00007ff8936a4000 	C:\Users\asusu\.gradle\native\38dada09dfb8b06ba9b0570ebf7e218e3eb74d4ef43ca46872605cf95ebc2f47\windows-amd64\native-platform-file-events.dll
0x00007ff8f0250000 - 0x00007ff8f0259000 	C:\Program Files\Android\Android Studio\jbr\bin\management.dll
0x00007ff8ec620000 - 0x00007ff8ec62b000 	C:\Program Files\Android\Android Studio\jbr\bin\management_ext.dll
0x00007ff900be0000 - 0x00007ff900be8000 	C:\Windows\System32\PSAPI.DLL
0x00007ff8fef00000 - 0x00007ff8fef1b000 	C:\Windows\SYSTEM32\CRYPTSP.dll
0x00007ff8fe770000 - 0x00007ff8fe7a5000 	C:\Windows\system32\rsaenh.dll
0x00007ff8feda0000 - 0x00007ff8fedc8000 	C:\Windows\SYSTEM32\USERENV.dll
0x00007ff8fef20000 - 0x00007ff8fef2c000 	C:\Windows\SYSTEM32\CRYPTBASE.dll
0x00007ff8fe270000 - 0x00007ff8fe29d000 	C:\Windows\SYSTEM32\IPHLPAPI.DLL
0x00007ff900f50000 - 0x00007ff900f59000 	C:\Windows\System32\NSI.dll
0x00007ff8fb450000 - 0x00007ff8fb469000 	C:\Windows\SYSTEM32\dhcpcsvc6.DLL
0x00007ff8fb430000 - 0x00007ff8fb44f000 	C:\Windows\SYSTEM32\dhcpcsvc.DLL
0x00007ff8fe2e0000 - 0x00007ff8fe3e2000 	C:\Windows\SYSTEM32\DNSAPI.dll
0x00007ff8f2390000 - 0x00007ff8f2399000 	C:\Program Files\Android\Android Studio\jbr\bin\extnet.dll
0x00007ff8af2f0000 - 0x00007ff8af2f8000 	C:\Windows\system32\wshunix.dll

dbghelp: loaded successfully - version: 4.0.5 - missing functions: none
symbol engine: initialized successfully - sym options: 0x614 - pdb path: .;C:\Program Files\Android\Android Studio\jbr\bin;C:\Windows\SYSTEM32;C:\Windows\WinSxS\amd64_microsoft.windows.common-controls_6595b64144ccf1df_6.0.22621.3672_none_2713b9d173822955;C:\Program Files (x86)\360\Total Security\safemon;C:\Program Files\Android\Android Studio\jbr\bin\server;C:\Users\asusu\.gradle\native\c067742578af261105cb4f569cf0c3c89f3d7b1fecec35dd04571415982c5e48\windows-amd64;C:\Users\asusu\.gradle\native\38dada09dfb8b06ba9b0570ebf7e218e3eb74d4ef43ca46872605cf95ebc2f47\windows-amd64

VM Arguments:
jvm_args: --add-opens=java.base/java.util=ALL-UNNAMED --add-opens=java.base/java.lang=ALL-UNNAMED --add-opens=java.base/java.lang.invoke=ALL-UNNAMED --add-opens=java.prefs/java.util.prefs=ALL-UNNAMED --add-opens=java.base/java.nio.charset=ALL-UNNAMED --add-opens=java.base/java.net=ALL-UNNAMED --add-opens=java.base/java.util.concurrent.atomic=ALL-UNNAMED -Xmx2048m -Dfile.encoding=UTF-8 -Duser.country=ID -Duser.language=en -Duser.variant -javaagent:C:\Users\asusu\.gradle\wrapper\dists\gradle-8.7-bin\bhs2wmbdwecv87pi65oeuq5iu\gradle-8.7\lib\agents\gradle-instrumentation-agent-8.7.jar 
java_command: org.gradle.launcher.daemon.bootstrap.GradleDaemon 8.7
java_class_path (initial): C:\Users\asusu\.gradle\wrapper\dists\gradle-8.7-bin\bhs2wmbdwecv87pi65oeuq5iu\gradle-8.7\lib\gradle-launcher-8.7.jar
Launcher Type: SUN_STANDARD

[Global flags]
     intx CICompilerCount                          = 3                                         {product} {ergonomic}
     uint ConcGCThreads                            = 1                                         {product} {ergonomic}
     uint G1ConcRefinementThreads                  = 4                                         {product} {ergonomic}
   size_t G1HeapRegionSize                         = 1048576                                   {product} {ergonomic}
    uintx GCDrainStackTargetSize                   = 64                                        {product} {ergonomic}
   size_t InitialHeapSize                          = 100663296                                 {product} {ergonomic}
   size_t MarkStackSize                            = 4194304                                   {product} {ergonomic}
   size_t MaxHeapSize                              = 2147483648                                {product} {command line}
   size_t MaxNewSize                               = 1287651328                                {product} {ergonomic}
   size_t MinHeapDeltaBytes                        = 1048576                                   {product} {ergonomic}
   size_t MinHeapSize                              = 8388608                                   {product} {ergonomic}
    uintx NonNMethodCodeHeapSize                   = 5832780                                {pd product} {ergonomic}
    uintx NonProfiledCodeHeapSize                  = 122912730                              {pd product} {ergonomic}
    uintx ProfiledCodeHeapSize                     = 122912730                              {pd product} {ergonomic}
    uintx ReservedCodeCacheSize                    = 251658240                              {pd product} {ergonomic}
     bool SegmentedCodeCache                       = true                                      {product} {ergonomic}
   size_t SoftMaxHeapSize                          = 2147483648                             {manageable} {ergonomic}
     bool UseCompressedClassPointers               = true                           {product lp64_product} {ergonomic}
     bool UseCompressedOops                        = true                           {product lp64_product} {ergonomic}
     bool UseG1GC                                  = true                                      {product} {ergonomic}
     bool UseLargePagesIndividualAllocation        = false                                  {pd product} {ergonomic}

Logging:
Log output configuration:
 #0: stdout all=warning uptime,level,tags
 #1: stderr all=off uptime,level,tags

Environment Variables:
JAVA_HOME=C:\Program Files\Zulu\zulu-17
PATH=C:\Program Files\Zulu\zulu-17\bin\;C:\Program Files (x86)\Common Files\Intel\Shared Files\cpp\bin\Intel64;C:\Windows\system32;C:\Windows;C:\Windows\System32\Wbem;C:\Windows\System32\WindowsPowerShell\v1.0\;C:\Windows\System32\OpenSSH\;C:\Program Files\Git\cmd;C:\Program Files\Git\bin;C:\Program Files (x86)\Yarn\bin\;C:\Program Files\Yarn\bin;C:\Program Files\nodejs\;C:\Program Files\IBM\SPSS\Statistics\25\JRE\bin;C:\gradle\bin;C:\Users\asusu\AppData\Local\Microsoft\WindowsApps;C:\Users\asusu\AppData\Local\Programs\Microsoft VS Code\bin;C:\Users\asusu\composer;C:\Users\asusu\AppData\Roaming\Composer\vendor\bin;C:\Users\asusu\AppData\Local\Yarn\bin;C:\Program Files\Yarn\bin;C:\Users\asusu\AppData\Roaming\npm;C:\laragon\bin\php\php-8.1.10-Win32-vs16-x64;;C:\Program Files\JetBrains\IntelliJ IDEA Community Edition 2024.2.1\bin;
USERNAME=asus
OS=Windows_NT
PROCESSOR_IDENTIFIER=AMD64 Family 23 Model 24 Stepping 1, AuthenticAMD
TMP=C:\Users\asusu\AppData\Local\Temp
TEMP=C:\Users\asusu\AppData\Local\Temp



Periodic native trim disabled

JNI global refs:
JNI global refs: 25, weak refs: 6

JNI global refs memory usage: 843, weak refs: 841

Process memory usage:
Resident Set Size: 327992K (5% of 6228052K total physical memory with 373312K free physical memory)

OOME stack traces (most recent first):
Classloader memory used:
Loader org.gradle.internal.classloader.VisitableURLClassLoader                         : 3581K
Loader bootstrap                                                                       : 2508K
Loader org.gradle.initialization.MixInLegacyTypesClassLoader                           : 1116K
Loader org.gradle.internal.classloader.VisitableURLClassLoader$InstrumentingVisitableURLClassLoader: 862K
Loader jdk.internal.loader.ClassLoaders$PlatformClassLoader                            : 65776B
Loader jdk.internal.loader.ClassLoaders$AppClassLoader                                 : 28714B
Loader jdk.internal.reflect.DelegatingClassLoader                                      : 28291B
Loader org.gradle.internal.classloader.VisitableURLClassLoader                         : 15175B

Classes loaded by more than one classloader:
Class Program                                                                         : loaded 4 times (x 72B)
Class com.google.common.collect.Iterators$MergingIterator                             : loaded 2 times (x 79B)
Class [Lcom.google.common.collect.AbstractMapEntry;                                   : loaded 2 times (x 67B)
Class com.google.common.collect.SingletonImmutableList                                : loaded 2 times (x 167B)
Class com.google.common.cache.CacheLoader$SupplierToCacheLoader                       : loaded 2 times (x 73B)
Class org.gradle.internal.classpath.ClassPath                                         : loaded 2 times (x 68B)
Class com.google.common.cache.RemovalListener                                         : loaded 2 times (x 68B)
Class org.gradle.api.internal.classpath.DefaultModuleRegistry                         : loaded 2 times (x 84B)
Class Settings_gradle$1$1                                                             : loaded 2 times (x 72B)
Class com.google.common.collect.ListMultimap                                          : loaded 2 times (x 68B)
Class com.google.common.base.CharMatcher$JavaDigit                                    : loaded 2 times (x 109B)
Class com.google.common.base.CharMatcher$Digit                                        : loaded 2 times (x 110B)
Class com.google.common.collect.AbstractMultimap                                      : loaded 2 times (x 121B)
Class com.google.common.cache.CacheBuilder$OneWeigher                                 : loaded 2 times (x 80B)
Class org.gradle.api.Action                                                           : loaded 2 times (x 68B)
Class com.google.common.collect.ImmutableEntry                                        : loaded 2 times (x 80B)
Class com.google.common.collect.Lists$StringAsImmutableList                           : loaded 2 times (x 167B)
Class com.google.common.cache.LocalCache$StrongEntry                                  : loaded 2 times (x 106B)
Class com.google.common.base.CharMatcher                                              : loaded 2 times (x 109B)
Class com.google.common.base.CharMatcher$IsNot                                        : loaded 2 times (x 109B)
Class com.google.common.base.Splitter                                                 : loaded 2 times (x 70B)
Class [Lcom.google.common.cache.Weigher;                                              : loaded 2 times (x 67B)
Class com.google.common.collect.Iterators$ArrayItr                                    : loaded 2 times (x 95B)
Class com.google.common.cache.LocalCache$Segment                                      : loaded 2 times (x 152B)
Class org.gradle.api.internal.DefaultClassPathProvider                                : loaded 2 times (x 74B)
Class org.gradle.internal.installation.GradleInstallation$1                           : loaded 2 times (x 73B)
Class com.google.common.cache.LocalCache$AbstractReferenceEntry                       : loaded 2 times (x 105B)
Class com.google.common.util.concurrent.AbstractFuture$Failure                        : loaded 2 times (x 70B)
Class com.google.common.base.CharMatcher$BitSetMatcher                                : loaded 2 times (x 110B)
Class com.google.common.collect.ImmutableMap$IteratorBasedImmutableMap                : loaded 2 times (x 123B)
Class com.google.common.collect.ImmutableMap                                          : loaded 2 times (x 118B)
Class com.google.common.base.Converter                                                : loaded 2 times (x 88B)
Class com.google.common.collect.ImmutableSet$EmptySetBuilderImpl                      : loaded 2 times (x 74B)
Class com.google.common.base.Equivalence                                              : loaded 2 times (x 80B)
Class com.google.common.cache.LocalCache$EntryFactory$1                               : loaded 2 times (x 81B)
Class com.google.common.cache.LocalCache$EntryFactory$2                               : loaded 2 times (x 81B)
Class com.google.common.cache.LocalCache$EntryFactory$3                               : loaded 2 times (x 81B)
Class com.google.common.cache.LocalCache$EntryFactory$4                               : loaded 2 times (x 81B)
Class com.google.common.cache.LocalCache$EntryFactory$5                               : loaded 2 times (x 81B)
Class com.google.common.cache.LocalCache$EntryFactory$6                               : loaded 2 times (x 81B)
Class com.google.common.cache.LocalCache$EntryFactory$7                               : loaded 2 times (x 81B)
Class com.google.common.cache.LocalCache$EntryFactory$8                               : loaded 2 times (x 81B)
Class com.google.common.base.Predicate                                                : loaded 2 times (x 68B)
Class com.google.common.cache.LocalCache$StrongValueReference                         : loaded 2 times (x 88B)
Class org.gradle.internal.classloader.FilteringClassLoader                            : loaded 2 times (x 103B)
Class com.google.common.collect.RegularImmutableSet                                   : loaded 2 times (x 146B)
Class [Lcom.google.common.cache.LocalCache$Strength;                                  : loaded 2 times (x 67B)
Class org.gradle.internal.classpath.DefaultClassPath$ImmutableUniqueList$Builder      : loaded 2 times (x 73B)
Class com.google.common.collect.Maps$8                                                : loaded 2 times (x 80B)
Class [Lcom.google.common.cache.CacheBuilder$NullListener;                            : loaded 2 times (x 67B)
Class com.google.common.base.PatternCompiler                                          : loaded 2 times (x 68B)
Class com.google.common.base.CharMatcher$InRange                                      : loaded 2 times (x 109B)
Class com.google.common.collect.BiMap                                                 : loaded 2 times (x 68B)
Class com.google.common.collect.Lists                                                 : loaded 2 times (x 69B)
Class com.google.common.math.IntMath$1                                                : loaded 2 times (x 69B)
Class org.gradle.internal.classloader.ClassLoaderVisitor                              : loaded 2 times (x 74B)
Class com.google.common.cache.CacheBuilder$NullListener                               : loaded 2 times (x 80B)
Class com.google.common.math.MathPreconditions                                        : loaded 2 times (x 69B)
Class org.gradle.internal.service.DefaultServiceLocator                               : loaded 2 times (x 81B)
Class org.gradle.internal.service.UnknownServiceException                             : loaded 2 times (x 81B)
Class com.google.common.util.concurrent.AbstractFuture$SynchronizedHelper             : loaded 2 times (x 76B)
Class com.google.common.collect.ArrayListMultimap                                     : loaded 2 times (x 170B)
Class com.google.common.base.Strings                                                  : loaded 2 times (x 69B)
Class com.google.common.cache.CacheLoader$InvalidCacheLoadException                   : loaded 2 times (x 80B)
Class org.gradle.internal.classloader.DefaultClassLoaderFactory                       : loaded 2 times (x 80B)
Class com.google.common.collect.UnmodifiableIterator                                  : loaded 2 times (x 78B)
Class com.google.common.base.Stopwatch                                                : loaded 2 times (x 70B)
Class com.google.common.base.Platform$JdkPatternCompiler                              : loaded 2 times (x 73B)
Class com.google.common.cache.LocalCache$LoadingValueReference                        : loaded 2 times (x 94B)
Class com.google.common.base.CharMatcher$SingleWidth                                  : loaded 2 times (x 110B)
Class com.google.common.collect.Hashing                                               : loaded 2 times (x 69B)
Class com.google.common.base.JdkPattern                                               : loaded 2 times (x 73B)
Class com.google.common.collect.Multimap                                              : loaded 2 times (x 68B)
Class com.google.common.base.FunctionalEquivalence                                    : loaded 2 times (x 81B)
Class com.google.common.cache.LocalCache$1                                            : loaded 2 times (x 87B)
Class com.google.common.cache.LocalCache$2                                            : loaded 2 times (x 140B)
Class com.google.common.collect.RegularImmutableBiMap                                 : loaded 2 times (x 146B)
Class org.gradle.internal.classloader.VisitableURLClassLoader$Spec                    : loaded 2 times (x 72B)
Class org.gradle.api.GradleException                                                  : loaded 2 times (x 80B)
Class com.google.common.base.CharMatcher$JavaLetterOrDigit                            : loaded 2 times (x 109B)
Class org.gradle.api.internal.classpath.ModuleRegistry                                : loaded 2 times (x 68B)
Class com.google.common.cache.CacheBuilder                                            : loaded 2 times (x 70B)
Class com.google.common.collect.ImmutableCollection                                   : loaded 2 times (x 123B)
Class com.google.common.base.PairwiseEquivalence                                      : loaded 2 times (x 81B)
Class com.google.common.base.Ticker                                                   : loaded 2 times (x 70B)
Class org.gradle.api.internal.ClassPathProvider                                       : loaded 2 times (x 68B)
Class com.google.common.collect.RegularImmutableMap$Values                            : loaded 2 times (x 167B)
Class org.gradle.internal.classloader.ClasspathUtil$1                                 : loaded 2 times (x 74B)
Class com.google.common.collect.ImmutableEnumMap                                      : loaded 2 times (x 123B)
Class com.google.common.collect.ImmutableList$ReverseImmutableList                    : loaded 2 times (x 168B)
Class com.google.common.cache.AbstractCache$StatsCounter                              : loaded 2 times (x 68B)
Class com.google.common.cache.LocalCache$Strength$1                                   : loaded 2 times (x 79B)
Class com.google.common.cache.LocalCache$Strength$2                                   : loaded 2 times (x 79B)
Class com.google.common.cache.LocalCache$Strength$3                                   : loaded 2 times (x 79B)
Class org.gradle.internal.classloader.ClassLoaderFactory                              : loaded 2 times (x 68B)
Class com.google.common.collect.ObjectArrays                                          : loaded 2 times (x 69B)
Class com.google.common.util.concurrent.AbstractFuture$Waiter                         : loaded 2 times (x 70B)
Class com.google.common.util.concurrent.Uninterruptibles                              : loaded 2 times (x 69B)
Class com.google.common.collect.Iterators$10                                          : loaded 2 times (x 79B)
Class com.google.common.collect.ImmutableList                                         : loaded 2 times (x 166B)
Class org.gradle.api.internal.classpath.ManifestUtil                                  : loaded 2 times (x 69B)
Class org.gradle.api.specs.Spec                                                       : loaded 2 times (x 68B)
Class com.google.common.cache.CacheLoader$UnsupportedLoadingOperationException        : loaded 2 times (x 80B)
Class com.google.common.base.CharMatcher$Whitespace                                   : loaded 2 times (x 110B)
Class com.google.common.util.concurrent.ListenableFuture                              : loaded 2 times (x 68B)
Class com.google.common.collect.Iterators$1                                           : loaded 2 times (x 79B)
Class com.google.common.collect.Iterators$4                                           : loaded 2 times (x 80B)
Class com.google.common.collect.RegularImmutableMap$BucketOverflowException           : loaded 2 times (x 80B)
Class com.google.common.collect.Iterators$5                                           : loaded 2 times (x 80B)
Class com.google.common.util.concurrent.AbstractFuture$UnsafeAtomicHelper             : loaded 2 times (x 76B)
Class com.google.common.base.Equivalence$Equals                                       : loaded 2 times (x 80B)
Class com.google.common.base.Preconditions                                            : loaded 2 times (x 69B)
Class com.google.common.base.Function                                                 : loaded 2 times (x 68B)
Class com.google.common.collect.Iterators$9                                           : loaded 2 times (x 79B)
Class org.gradle.internal.IoActions                                                   : loaded 2 times (x 69B)
Class com.google.common.cache.ReferenceEntry                                          : loaded 2 times (x 68B)
Class com.google.common.collect.RegularImmutableMap$KeySet                            : loaded 2 times (x 148B)
Class com.google.common.collect.CollectPreconditions                                  : loaded 2 times (x 69B)
Class com.google.common.collect.Maps                                                  : loaded 2 times (x 69B)
Class com.google.common.collect.RegularImmutableMap                                   : loaded 2 times (x 119B)
Class com.google.common.collect.AbstractIndexedListIterator                           : loaded 2 times (x 94B)
Class com.google.common.base.CharMatcher$None                                         : loaded 2 times (x 110B)
Class org.gradle.api.internal.classpath.EffectiveClassPath                            : loaded 2 times (x 88B)
Class com.google.common.collect.UnmodifiableListIterator                              : loaded 2 times (x 93B)
Class com.google.common.cache.CacheLoader$FunctionToCacheLoader                       : loaded 2 times (x 73B)
Class com.google.common.cache.CacheBuilder$1                                          : loaded 2 times (x 83B)
Class com.google.common.cache.CacheBuilder$2                                          : loaded 2 times (x 70B)
Class com.google.common.collect.ImmutableList$1                                       : loaded 2 times (x 95B)
Class com.google.common.base.Splitter$Strategy                                        : loaded 2 times (x 68B)
Class com.google.common.collect.ImmutableMapEntrySet$RegularEntrySet                  : loaded 2 times (x 149B)
Class [Lcom.google.common.cache.RemovalListener;                                      : loaded 2 times (x 67B)
Class [Lcom.google.common.collect.ImmutableMapEntry;                                  : loaded 2 times (x 67B)
Class org.gradle.internal.installation.CurrentGradleInstallation                      : loaded 2 times (x 71B)
Class org.gradle.internal.agents.InstrumentingClassLoader                             : loaded 2 times (x 68B)
Class org.gradle.internal.installation.CurrentGradleInstallationLocator               : loaded 2 times (x 69B)
Class [Lcom.google.common.cache.LocalCache$Segment;                                   : loaded 2 times (x 67B)
Class org.gradle.api.internal.classpath.Module                                        : loaded 2 times (x 68B)
Class com.google.common.base.Splitter$1$1                                             : loaded 2 times (x 84B)
Class com.google.common.collect.ImmutableSet$JdkBackedSetBuilderImpl                  : loaded 2 times (x 74B)
Class com.google.common.collect.ImmutableSet$RegularSetBuilderImpl                    : loaded 2 times (x 75B)
Class org.gradle.internal.service.CachingServiceLocator                               : loaded 2 times (x 80B)
Class [Lcom.google.common.collect.ImmutableEntry;                                     : loaded 2 times (x 67B)
Class org.gradle.internal.classpath.DefaultClassPath                                  : loaded 2 times (x 88B)
Class com.google.common.util.concurrent.AbstractFuture$SetFuture                      : loaded 2 times (x 73B)
Class com.google.common.base.Splitter$SplittingIterator                               : loaded 2 times (x 82B)
Class com.google.common.cache.LocalCache$LocalManualCache$1                           : loaded 2 times (x 73B)
Class [Lcom.google.common.cache.LocalCache$EntryFactory;                              : loaded 2 times (x 67B)
Class com.google.common.base.CharMatcher$Is                                           : loaded 2 times (x 109B)
Class com.google.common.base.Platform                                                 : loaded 2 times (x 69B)
Class com.google.common.collect.RegularImmutableAsList                                : loaded 2 times (x 176B)
Class com.google.common.collect.PeekingIterator                                       : loaded 2 times (x 68B)
Class com.google.common.collect.ImmutableMapEntrySet                                  : loaded 2 times (x 149B)
Class com.google.common.cache.CacheLoader                                             : loaded 2 times (x 72B)
Class com.google.common.collect.ImmutableBiMapFauxverideShim                          : loaded 2 times (x 118B)
Class com.google.common.cache.Cache                                                   : loaded 2 times (x 68B)
Class org.gradle.internal.classloader.SystemClassLoaderSpec                           : loaded 2 times (x 69B)
Class com.google.common.util.concurrent.internal.InternalFutureFailureAccess          : loaded 2 times (x 70B)
Class com.google.common.collect.SingletonImmutableSet                                 : loaded 2 times (x 144B)
Class [Lcom.google.common.base.AbstractIterator$State;                                : loaded 2 times (x 67B)
Class com.google.common.collect.ImmutableMap$Builder                                  : loaded 2 times (x 80B)
Class com.google.common.base.AbstractIterator                                         : loaded 2 times (x 78B)
Class com.google.common.base.AbstractIterator$1                                       : loaded 2 times (x 69B)
Class [Lcom.google.common.cache.CacheBuilder$OneWeigher;                              : loaded 2 times (x 67B)
Class com.google.common.collect.Iterators                                             : loaded 2 times (x 69B)
Class com.google.common.base.CharMatcher$1                                            : loaded 2 times (x 111B)
Class com.google.common.base.CharMatcher$Ascii                                        : loaded 2 times (x 110B)
Class com.google.common.cache.LocalCache$ComputingValueReference                      : loaded 2 times (x 94B)
Class org.gradle.api.UncheckedIOException                                             : loaded 2 times (x 80B)
Class com.google.common.base.CharMatcher$And                                          : loaded 2 times (x 110B)
Class com.google.common.collect.IndexedImmutableSet                                   : loaded 2 times (x 148B)
Class com.google.common.collect.AbstractListMultimap                                  : loaded 2 times (x 170B)
Class com.google.common.base.CharMatcher$Any                                          : loaded 2 times (x 110B)
Class org.gradle.internal.installation.GradleInstallation                             : loaded 2 times (x 73B)
Class com.google.common.cache.LocalCache$Strength                                     : loaded 2 times (x 79B)
Class com.google.common.collect.ArrayListMultimapGwtSerializationDependencies         : loaded 2 times (x 170B)
Class com.google.common.base.CharMatcher$RangesMatcher                                : loaded 2 times (x 110B)
Class com.google.common.collect.ImmutableList$SubList                                 : loaded 2 times (x 168B)
Class com.google.common.cache.LocalCache$ValueReference                               : loaded 2 times (x 68B)
Class org.gradle.internal.classloader.ClasspathUtil                                   : loaded 2 times (x 69B)
Class com.google.common.util.concurrent.AbstractFuture                                : loaded 2 times (x 93B)
Class com.google.common.base.Splitter$1                                               : loaded 2 times (x 75B)
Class com.google.common.base.Ticker$1                                                 : loaded 2 times (x 70B)
Class com.google.common.collect.Maps$BiMapConverter                                   : loaded 2 times (x 88B)
Class org.gradle.api.internal.DefaultClassPathRegistry                                : loaded 2 times (x 74B)
Class com.google.common.util.concurrent.AbstractFuture$Cancellation                   : loaded 2 times (x 70B)
Class com.google.common.collect.ImmutableSet$SetBuilderImpl                           : loaded 2 times (x 74B)
Class org.gradle.api.internal.classpath.DefaultModuleRegistry$DefaultModule           : loaded 2 times (x 84B)
Class com.google.common.base.CharMatcher$JavaIsoControl                               : loaded 2 times (x 110B)
Class com.google.common.collect.ImmutableMap$1                                        : loaded 2 times (x 79B)
Class com.google.common.base.CharMatcher$Or                                           : loaded 2 times (x 110B)
Class com.google.common.base.Suppliers$SupplierOfInstance                             : loaded 2 times (x 77B)
Class com.google.common.collect.Iterables                                             : loaded 2 times (x 69B)
Class com.google.common.base.CharMatcher$JavaLowerCase                                : loaded 2 times (x 109B)
Class org.gradle.api.internal.classpath.UnknownModuleException                        : loaded 2 times (x 80B)
Class com.google.common.util.concurrent.AbstractFuture$Listener                       : loaded 2 times (x 70B)
Class com.google.common.collect.Maps$EntryTransformer                                 : loaded 2 times (x 68B)
Class com.google.common.collect.ImmutableCollection$Builder                           : loaded 2 times (x 74B)
Class com.google.common.collect.SingletonImmutableBiMap                               : loaded 2 times (x 141B)
Class com.google.common.base.CommonPattern                                            : loaded 2 times (x 72B)
Class com.google.common.base.Suppliers                                                : loaded 2 times (x 69B)
Class com.google.common.cache.LoadingCache                                            : loaded 2 times (x 68B)
Class org.gradle.internal.service.ServiceLookupException                              : loaded 2 times (x 80B)
Class org.gradle.cache.GlobalCache                                                    : loaded 2 times (x 68B)
Class com.google.common.base.CharMatcher$NegatedFastMatcher                           : loaded 2 times (x 111B)
Class [Lorg.gradle.api.internal.ClassPathProvider;                                    : loaded 2 times (x 67B)
Class com.google.common.util.concurrent.AbstractFuture$SafeAtomicHelper               : loaded 2 times (x 77B)
Class org.gradle.util.internal.GUtil                                                  : loaded 2 times (x 69B)
Class com.google.common.math.IntMath                                                  : loaded 2 times (x 69B)
Class com.google.common.collect.AbstractIterator                                      : loaded 2 times (x 80B)
Class org.gradle.internal.classloader.ClassLoaderSpec                                 : loaded 2 times (x 69B)
Class com.google.common.base.NullnessCasts                                            : loaded 2 times (x 69B)
Class com.google.common.cache.LocalCache$LocalManualCache                             : loaded 2 times (x 97B)
Class com.google.common.collect.AbstractMapEntry                                      : loaded 2 times (x 79B)
Class com.google.common.base.CharMatcher$Negated                                      : loaded 2 times (x 111B)
Class com.google.common.cache.CacheLoader$1                                           : loaded 2 times (x 73B)
Class com.google.common.util.concurrent.AbstractFuture$TrustedFuture                  : loaded 2 times (x 95B)
Class com.google.common.collect.ImmutableSet$Builder                                  : loaded 2 times (x 83B)
Class com.google.common.base.CharMatcher$ForPredicate                                 : loaded 2 times (x 110B)
Class com.google.common.collect.ImmutableMap$MapViewOfValuesAsSingletonSets           : loaded 2 times (x 123B)
Class com.google.common.base.MoreObjects                                              : loaded 2 times (x 69B)
Class com.google.common.collect.SortedMapDifference                                   : loaded 2 times (x 68B)
Class com.google.common.cache.CacheStats                                              : loaded 2 times (x 69B)
Class org.gradle.internal.classloader.VisitableURLClassLoader                         : loaded 2 times (x 115B)
Class com.google.common.cache.LocalCache$LocalLoadingCache                            : loaded 2 times (x 132B)
Class com.google.common.base.Supplier                                                 : loaded 2 times (x 68B)
Class com.google.common.util.concurrent.AbstractFuture$AtomicHelper                   : loaded 2 times (x 76B)
Class com.google.common.collect.ImmutableBiMap                                        : loaded 2 times (x 141B)
Class org.gradle.internal.Cast                                                        : loaded 2 times (x 69B)
Class org.gradle.api.internal.ClassPathRegistry                                       : loaded 2 times (x 68B)
Class com.google.common.cache.LocalCache$EntryFactory                                 : loaded 2 times (x 81B)
Class com.google.common.util.concurrent.UncheckedExecutionException                   : loaded 2 times (x 80B)
Class com.google.common.collect.ImmutableSet                                          : loaded 2 times (x 143B)
Class org.gradle.internal.classloader.VisitableURLClassLoader$InstrumentingVisitableURLClassLoader: loaded 2 times (x 121B)
Class org.gradle.internal.classloader.ClassLoaderHierarchy                            : loaded 2 times (x 68B)
Class com.google.common.base.AbstractIterator$State                                   : loaded 2 times (x 77B)
Class com.google.common.cache.Weigher                                                 : loaded 2 times (x 68B)
Class com.google.common.base.CharMatcher$NamedFastMatcher                             : loaded 2 times (x 110B)
Class org.gradle.internal.InternalTransformer                                         : loaded 2 times (x 68B)
Class org.gradle.internal.service.ServiceLocator                                      : loaded 2 times (x 68B)
Class Settings_gradle$1                                                               : loaded 2 times (x 72B)
Class com.google.common.util.concurrent.SettableFuture                                : loaded 2 times (x 95B)
Class com.google.common.collect.ImmutableMapEntry                                     : loaded 2 times (x 83B)
Class com.google.common.base.CharMatcher$Invisible                                    : loaded 2 times (x 110B)
Class com.google.common.base.CharMatcher$FastMatcher                                  : loaded 2 times (x 109B)
Class org.gradle.internal.classpath.DefaultClassPath$ImmutableUniqueList              : loaded 2 times (x 159B)
Class com.google.common.base.CharMatcher$JavaLetter                                   : loaded 2 times (x 109B)
Class org.gradle.internal.classpath.TransformedClassPath                              : loaded 2 times (x 94B)
Class com.google.common.collect.MapDifference                                         : loaded 2 times (x 68B)
Class com.google.common.util.concurrent.AbstractFuture$Trusted                        : loaded 2 times (x 68B)
Class Settings_gradle                                                                 : loaded 2 times (x 126B)
Class com.google.common.collect.Platform                                              : loaded 2 times (x 69B)
Class com.google.common.collect.ImmutableAsList                                       : loaded 2 times (x 169B)
Class com.google.common.util.concurrent.ExecutionError                                : loaded 2 times (x 80B)
Class com.google.common.base.Equivalence$Identity                                     : loaded 2 times (x 80B)
Class com.google.common.base.CharMatcher$AnyOf                                        : loaded 2 times (x 110B)
Class com.google.common.base.CharMatcher$IsEither                                     : loaded 2 times (x 109B)
Class com.google.common.cache.LocalCache                                              : loaded 2 times (x 185B)
Class com.google.common.collect.RegularImmutableList                                  : loaded 2 times (x 172B)
Class com.google.common.util.concurrent.AbstractFuture$UnsafeAtomicHelper$1           : loaded 2 times (x 74B)
Class com.google.common.base.CharMatcher$JavaUpperCase                                : loaded 2 times (x 109B)
Class com.google.common.collect.Multiset                                              : loaded 2 times (x 68B)
Class com.google.common.collect.ImmutableSet$CachingAsList                            : loaded 2 times (x 145B)
Class com.google.common.collect.ImmutableMapEntry$NonTerminalImmutableMapEntry        : loaded 2 times (x 83B)
Class com.google.common.collect.AbstractMapBasedMultimap                              : loaded 2 times (x 137B)


---------------  S Y S T E M  ---------------

OS:
 Windows 11 , 64 bit Build 22621 (10.0.22621.3958)
OS uptime: 0 days 4:51 hours
Hyper-V role detected

CPU: total 4 (initial active 4) (4 cores per cpu, 2 threads per core) family 23 model 24 stepping 1 microcode 0x0, cx8, cmov, fxsr, ht, mmx, 3dnowpref, sse, sse2, sse3, ssse3, sse4a, sse4.1, sse4.2, popcnt, lzcnt, tsc, tscinvbit, avx, avx2, aes, clmul, bmi1, bmi2, adx, sha, fma, vzeroupper, clflush, clflushopt, hv
Processor Information for all 4 processors :
  Max Mhz: 2600, Current Mhz: 2600, Mhz Limit: 2600

Memory: 4k page, system-wide physical 6082M (364M free)
TotalPageFile size 14274M (AvailPageFile size 6M)
current process WorkingSet (physical memory assigned to process): 320M, peak: 320M
current process commit charge ("private bytes"): 363M, peak: 366M

vm_info: OpenJDK 64-Bit Server VM (17.0.11+0--11852314) for windows-amd64 JRE (17.0.11+0--11852314), built on May 16 2024 21:29:20 by "androidbuild" with MS VC++ 16.10 / 16.11 (VS2019)

END.
