#
# There is insufficient memory for the Java Runtime Environment to continue.
# Native memory allocation (malloc) failed to allocate 832176 bytes. Error detail: Chunk::new
# Possible reasons:
#   The system is out of physical RAM or swap space
#   This process is running with CompressedOops enabled, and the Java Heap may be blocking the growth of the native heap
# Possible solutions:
#   Reduce memory load on the system
#   Increase physical memory or swap space
#   Check if swap backing store is full
#   Decrease Java heap size (-Xmx/-Xms)
#   Decrease number of Java threads
#   Decrease Java thread stack sizes (-Xss)
#   Set larger code cache with -XX:ReservedCodeCacheSize=
#   JVM is running with Unscaled Compressed Oops mode in which the Java heap is
#     placed in the first 4GB address space. The Java Heap base address is the
#     maximum limit for the native heap growth. Please use -XX:HeapBaseMinAddress
#     to set the Java Heap base and to place the Java Heap above 4GB virtual address.
# This output file may be truncated or incomplete.
#
#  Out of Memory Error (arena.cpp:191), pid=11140, tid=3588
#
# JRE version: OpenJDK Runtime Environment (17.0.11) (build 17.0.11+0--11852314)
# Java VM: OpenJDK 64-Bit Server VM (17.0.11+0--11852314, mixed mode, tiered, compressed oops, compressed class ptrs, g1 gc, windows-amd64)
# No core dump will be written. Minidumps are not enabled by default on client versions of Windows
#

---------------  S U M M A R Y ------------

Command Line: --add-opens=java.base/java.util=ALL-UNNAMED --add-opens=java.base/java.lang=ALL-UNNAMED --add-opens=java.base/java.lang.invoke=ALL-UNNAMED --add-opens=java.prefs/java.util.prefs=ALL-UNNAMED --add-opens=java.base/java.nio.charset=ALL-UNNAMED --add-opens=java.base/java.net=ALL-UNNAMED --add-opens=java.base/java.util.concurrent.atomic=ALL-UNNAMED -Xmx2048m -Dfile.encoding=UTF-8 -Duser.country=ID -Duser.language=en -Duser.variant -javaagent:C:\Users\asusu\.gradle\wrapper\dists\gradle-8.7-bin\bhs2wmbdwecv87pi65oeuq5iu\gradle-8.7\lib\agents\gradle-instrumentation-agent-8.7.jar org.gradle.launcher.daemon.bootstrap.GradleDaemon 8.7

Host: AMD Ryzen 3 3250U with Radeon Graphics         , 4 cores, 5G,  Windows 11 , 64 bit Build 22621 (10.0.22621.3958)
Time: Mon Nov 11 21:36:14 2024 SE Asia Standard Time elapsed time: 18.573971 seconds (0d 0h 0m 18s)

---------------  T H R E A D  ---------------

Current thread (0x00000267a822b110):  JavaThread "C2 CompilerThread1" daemon [_thread_in_native, id=3588, stack(0x00000098fcd00000,0x00000098fce00000)]


Current CompileTask:
C2:  18574 4648       4       org.codehaus.groovy.runtime.metaclass.MetaMethodIndex::addMethodToList (128 bytes)

Stack: [0x00000098fcd00000,0x00000098fce00000]
Native frames: (J=compiled Java code, j=interpreted, Vv=VM code, C=native code)
V  [jvm.dll+0x687bb9]
V  [jvm.dll+0x84142a]
V  [jvm.dll+0x8430ae]
V  [jvm.dll+0x843713]
V  [jvm.dll+0x24a35f]
V  [jvm.dll+0xac544]
V  [jvm.dll+0xacb8c]
V  [jvm.dll+0x2b194f]
V  [jvm.dll+0x58eba7]
V  [jvm.dll+0x2247e2]
V  [jvm.dll+0x21da52]
V  [jvm.dll+0x21b201]
V  [jvm.dll+0x1a63ed]
V  [jvm.dll+0x22b1ee]
V  [jvm.dll+0x229375]
V  [jvm.dll+0x7f5647]
V  [jvm.dll+0x7efa4a]
V  [jvm.dll+0x686a35]
C  [ucrtbase.dll+0x29333]
C  [KERNEL32.DLL+0x1257d]
C  [ntdll.dll+0x5af08]


---------------  P R O C E S S  ---------------

Threads class SMR info:
_java_thread_list=0x00000267a8ad12d0, length=42, elements={
0x000002678727d350, 0x00000267a085d030, 0x00000267a0994980, 0x00000267a09b4020,
0x00000267a09b6db0, 0x00000267a09b8b80, 0x00000267a09b9540, 0x00000267a09ba230,
0x00000267a09bace0, 0x00000267a0a35450, 0x00000267a07d5660, 0x00000267a0bf8b70,
0x00000267a602c740, 0x00000267a7019450, 0x00000267a5d92720, 0x00000267a6ed1890,
0x00000267a6e1f7e0, 0x00000267a7421410, 0x00000267a75c2140, 0x00000267a77a6df0,
0x00000267a77a68e0, 0x00000267a77a59b0, 0x00000267a77a5ec0, 0x00000267a77a7300,
0x00000267a77a4a80, 0x00000267a77a7810, 0x00000267a77a4570, 0x00000267a77a63d0,
0x00000267a77a4060, 0x00000267a77a54a0, 0x00000267a8072cc0, 0x00000267a8074100,
0x00000267a806eaf0, 0x00000267a806f000, 0x00000267a80736e0, 0x00000267a80731d0,
0x00000267a822b110, 0x00000267a806f510, 0x00000267a806e0d0, 0x00000267a8074610,
0x00000267a8075a50, 0x00000267a806ff30
}

Java Threads: ( => current thread )
  0x000002678727d350 JavaThread "main" [_thread_blocked, id=7620, stack(0x00000098f9f00000,0x00000098fa000000)]
  0x00000267a085d030 JavaThread "Reference Handler" daemon [_thread_blocked, id=10500, stack(0x00000098fa600000,0x00000098fa700000)]
  0x00000267a0994980 JavaThread "Finalizer" daemon [_thread_blocked, id=15480, stack(0x00000098fa700000,0x00000098fa800000)]
  0x00000267a09b4020 JavaThread "Signal Dispatcher" daemon [_thread_blocked, id=14432, stack(0x00000098fa800000,0x00000098fa900000)]
  0x00000267a09b6db0 JavaThread "Attach Listener" daemon [_thread_blocked, id=2424, stack(0x00000098fa900000,0x00000098faa00000)]
  0x00000267a09b8b80 JavaThread "Service Thread" daemon [_thread_blocked, id=7064, stack(0x00000098faa00000,0x00000098fab00000)]
  0x00000267a09b9540 JavaThread "Monitor Deflation Thread" daemon [_thread_blocked, id=14428, stack(0x00000098fab00000,0x00000098fac00000)]
  0x00000267a09ba230 JavaThread "C2 CompilerThread0" daemon [_thread_blocked, id=16264, stack(0x00000098fac00000,0x00000098fad00000)]
  0x00000267a09bace0 JavaThread "C1 CompilerThread0" daemon [_thread_blocked, id=17388, stack(0x00000098fad00000,0x00000098fae00000)]
  0x00000267a0a35450 JavaThread "Sweeper thread" daemon [_thread_blocked, id=16608, stack(0x00000098fae00000,0x00000098faf00000)]
  0x00000267a07d5660 JavaThread "Common-Cleaner" daemon [_thread_blocked, id=17316, stack(0x00000098faf00000,0x00000098fb000000)]
  0x00000267a0bf8b70 JavaThread "Notification Thread" daemon [_thread_blocked, id=1820, stack(0x00000098fb000000,0x00000098fb100000)]
  0x00000267a602c740 JavaThread "Daemon health stats" [_thread_blocked, id=16620, stack(0x00000098fb400000,0x00000098fb500000)]
  0x00000267a7019450 JavaThread "Incoming local TCP Connector on port 53243" [_thread_in_native, id=11364, stack(0x00000098fb600000,0x00000098fb700000)]
  0x00000267a5d92720 JavaThread "Daemon periodic checks" [_thread_blocked, id=6720, stack(0x00000098fb700000,0x00000098fb800000)]
  0x00000267a6ed1890 JavaThread "Daemon" [_thread_blocked, id=15320, stack(0x00000098fb800000,0x00000098fb900000)]
  0x00000267a6e1f7e0 JavaThread "Handler for socket connection from /127.0.0.1:53243 to /127.0.0.1:53244" [_thread_in_native, id=11156, stack(0x00000098fb900000,0x00000098fba00000)]
  0x00000267a7421410 JavaThread "Cancel handler" [_thread_blocked, id=8144, stack(0x00000098fbb00000,0x00000098fbc00000)]
  0x00000267a75c2140 JavaThread "Daemon worker" [_thread_blocked, id=9880, stack(0x00000098fbc00000,0x00000098fbd00000)]
  0x00000267a77a6df0 JavaThread "Asynchronous log dispatcher for DefaultDaemonConnection: socket connection from /127.0.0.1:53243 to /127.0.0.1:53244" [_thread_blocked, id=10776, stack(0x00000098fbd00000,0x00000098fbe00000)]
  0x00000267a77a68e0 JavaThread "Stdin handler" [_thread_blocked, id=12940, stack(0x00000098fbe00000,0x00000098fbf00000)]
  0x00000267a77a59b0 JavaThread "Daemon client event forwarder" [_thread_blocked, id=16644, stack(0x00000098fbf00000,0x00000098fc000000)]
  0x00000267a77a5ec0 JavaThread "Cache worker for journal cache (C:\Users\asusu\.gradle\caches\journal-1)" [_thread_blocked, id=16028, stack(0x00000098fba00000,0x00000098fbb00000)]
  0x00000267a77a7300 JavaThread "File lock request listener" [_thread_in_native, id=15944, stack(0x00000098fc000000,0x00000098fc100000)]
  0x00000267a77a4a80 JavaThread "Cache worker for file hash cache (C:\Users\asusu\.gradle\caches\8.7\fileHashes)" [_thread_blocked, id=16000, stack(0x00000098fc100000,0x00000098fc200000)]
  0x00000267a77a7810 JavaThread "Cache worker for file hash cache (C:\Users\asusu\AndroidStudioProjects\StoryApp\.gradle\8.7\fileHashes)" [_thread_blocked, id=16540, stack(0x00000098fc300000,0x00000098fc400000)]
  0x00000267a77a4570 JavaThread "File watcher server" daemon [_thread_in_native, id=2408, stack(0x00000098fc400000,0x00000098fc500000)]
  0x00000267a77a63d0 JavaThread "File watcher consumer" daemon [_thread_blocked, id=17068, stack(0x00000098fc500000,0x00000098fc600000)]
  0x00000267a77a4060 JavaThread "jar transforms" [_thread_blocked, id=16844, stack(0x00000098fc200000,0x00000098fc300000)]
  0x00000267a77a54a0 JavaThread "jar transforms Thread 2" [_thread_blocked, id=15828, stack(0x00000098fc600000,0x00000098fc700000)]
  0x00000267a8072cc0 JavaThread "jar transforms Thread 3" [_thread_blocked, id=14500, stack(0x00000098fc700000,0x00000098fc800000)]
  0x00000267a8074100 JavaThread "jar transforms Thread 4" [_thread_blocked, id=9552, stack(0x00000098fc800000,0x00000098fc900000)]
  0x00000267a806eaf0 JavaThread "Cache worker for checksums cache (C:\Users\asusu\AndroidStudioProjects\StoryApp\.gradle\8.7\checksums)" [_thread_blocked, id=6796, stack(0x00000098fc900000,0x00000098fca00000)]
  0x00000267a806f000 JavaThread "Cache worker for cache directory md-supplier (C:\Users\asusu\.gradle\caches\8.7\md-supplier)" [_thread_blocked, id=2192, stack(0x00000098fca00000,0x00000098fcb00000)]
  0x00000267a80736e0 JavaThread "Cache worker for cache directory md-rule (C:\Users\asusu\.gradle\caches\8.7\md-rule)" [_thread_blocked, id=8024, stack(0x00000098fcb00000,0x00000098fcc00000)]
  0x00000267a80731d0 JavaThread "Cache worker for file content cache (C:\Users\asusu\.gradle\caches\8.7\fileContent)" [_thread_blocked, id=17368, stack(0x00000098fcc00000,0x00000098fcd00000)]
=>0x00000267a822b110 JavaThread "C2 CompilerThread1" daemon [_thread_in_native, id=3588, stack(0x00000098fcd00000,0x00000098fce00000)]
  0x00000267a806f510 JavaThread "Unconstrained build operations" [_thread_blocked, id=15456, stack(0x00000098fce00000,0x00000098fcf00000)]
  0x00000267a806e0d0 JavaThread "Unconstrained build operations Thread 2" [_thread_blocked, id=15268, stack(0x00000098fcf00000,0x00000098fd000000)]
  0x00000267a8074610 JavaThread "Unconstrained build operations Thread 3" [_thread_blocked, id=13976, stack(0x00000098fd000000,0x00000098fd100000)]
  0x00000267a8075a50 JavaThread "Unconstrained build operations Thread 4" [_thread_blocked, id=5768, stack(0x00000098fd100000,0x00000098fd200000)]
  0x00000267a806ff30 JavaThread "Unconstrained build operations Thread 5" [_thread_blocked, id=8240, stack(0x00000098fd200000,0x00000098fd300000)]

Other Threads:
  0x00000267a0993a00 VMThread "VM Thread" [stack: 0x00000098fa500000,0x00000098fa600000] [id=2352]
  0x000002678727e1d0 WatcherThread [stack: 0x00000098fb100000,0x00000098fb200000] [id=17132]
  0x00000267872d6830 GCTaskThread "GC Thread#0" [stack: 0x00000098fa000000,0x00000098fa100000] [id=17104]
  0x00000267a0d2cdb0 GCTaskThread "GC Thread#1" [stack: 0x00000098fb200000,0x00000098fb300000] [id=16868]
  0x00000267a51493b0 GCTaskThread "GC Thread#2" [stack: 0x00000098fb300000,0x00000098fb400000] [id=11728]
  0x00000267a0d2e610 GCTaskThread "GC Thread#3" [stack: 0x00000098fb500000,0x00000098fb600000] [id=10096]
  0x00000267872e7780 ConcurrentGCThread "G1 Main Marker" [stack: 0x00000098fa100000,0x00000098fa200000] [id=14076]
  0x00000267872e81a0 ConcurrentGCThread "G1 Conc#0" [stack: 0x00000098fa200000,0x00000098fa300000] [id=12344]
  0x000002678730ebf0 ConcurrentGCThread "G1 Refine#0" [stack: 0x00000098fa300000,0x00000098fa400000] [id=16504]
  0x00000267a069ab20 ConcurrentGCThread "G1 Service" [stack: 0x00000098fa400000,0x00000098fa500000] [id=16780]

Threads with active compile tasks:
C2 CompilerThread1    18640 4648       4       org.codehaus.groovy.runtime.metaclass.MetaMethodIndex::addMethodToList (128 bytes)

VM state: at safepoint (normal execution)

VM Mutex/Monitor currently owned by a thread:  ([mutex/lock_event])
[0x0000026787279780] Threads_lock - owner thread: 0x00000267a0993a00
[0x00000267872798a0] Heap_lock - owner thread: 0x00000267872e7780

Heap address: 0x0000000080000000, size: 2048 MB, Compressed Oops mode: 32-bit

CDS archive(s) not mapped
Compressed class space mapped at: 0x0000000100000000-0x0000000140000000, reserved size: 1073741824
Narrow klass base: 0x0000000000000000, Narrow klass shift: 3, Narrow klass range: 0x140000000

GC Precious Log:
 CPUs: 4 total, 4 available
 Memory: 6082M
 Large Page Support: Disabled
 NUMA Support: Disabled
 Compressed Oops: Enabled (32-bit)
 Heap Region Size: 1M
 Heap Min Capacity: 8M
 Heap Initial Capacity: 96M
 Heap Max Capacity: 2G
 Pre-touch: Disabled
 Parallel Workers: 4
 Concurrent Workers: 1
 Concurrent Refinement Workers: 4
 Periodic GC: Disabled

Heap:
 garbage-first heap   total 109568K, used 68553K [0x0000000080000000, 0x0000000100000000)
  region size 1024K, 5 young (5120K), 3 survivors (3072K)
 Metaspace       used 50662K, committed 51136K, reserved 1114112K
  class space    used 6855K, committed 7040K, reserved 1048576K

Heap Regions: E=young(eden), S=young(survivor), O=old, HS=humongous(starts), HC=humongous(continues), CS=collection set, F=free, OA=open archive, CA=closed archive, TAMS=top-at-mark-start (previous, next)
|   0|0x0000000080000000, 0x0000000080100000, 0x0000000080100000|100%| O|  |TAMS 0x0000000080100000, 0x0000000080000000| Untracked 
|   1|0x0000000080100000, 0x0000000080200000, 0x0000000080200000|100%|HS|  |TAMS 0x0000000080200000, 0x0000000080100000| Complete 
|   2|0x0000000080200000, 0x0000000080300000, 0x0000000080300000|100%|HC|  |TAMS 0x0000000080300000, 0x0000000080200000| Complete 
|   3|0x0000000080300000, 0x0000000080400000, 0x0000000080400000|100%|HC|  |TAMS 0x0000000080400000, 0x0000000080300000| Complete 
|   4|0x0000000080400000, 0x0000000080500000, 0x0000000080500000|100%|HC|  |TAMS 0x0000000080500000, 0x0000000080400000| Complete 
|   5|0x0000000080500000, 0x0000000080600000, 0x0000000080600000|100%| O|  |TAMS 0x0000000080600000, 0x0000000080500000| Untracked 
|   6|0x0000000080600000, 0x0000000080700000, 0x0000000080700000|100%| O|  |TAMS 0x0000000080700000, 0x0000000080600000| Untracked 
|   7|0x0000000080700000, 0x0000000080800000, 0x0000000080800000|100%| O|  |TAMS 0x0000000080800000, 0x0000000080700000| Updating 
|   8|0x0000000080800000, 0x0000000080900000, 0x0000000080900000|100%| O|  |TAMS 0x0000000080900000, 0x0000000080800000| Updating 
|   9|0x0000000080900000, 0x0000000080a00000, 0x0000000080a00000|100%| O|  |TAMS 0x0000000080a00000, 0x0000000080900000| Untracked 
|  10|0x0000000080a00000, 0x0000000080ae9200, 0x0000000080b00000| 91%| O|  |TAMS 0x0000000080ae9200, 0x0000000080a00000| Updating 
|  11|0x0000000080b00000, 0x0000000080c00000, 0x0000000080c00000|100%| O|  |TAMS 0x0000000080c00000, 0x0000000080b00000| Untracked 
|  12|0x0000000080c00000, 0x0000000080d00000, 0x0000000080d00000|100%| O|  |TAMS 0x0000000080d00000, 0x0000000080c00000| Untracked 
|  13|0x0000000080d00000, 0x0000000080e00000, 0x0000000080e00000|100%| O|  |TAMS 0x0000000080e00000, 0x0000000080d00000| Untracked 
|  14|0x0000000080e00000, 0x0000000080f00000, 0x0000000080f00000|100%| O|  |TAMS 0x0000000080f00000, 0x0000000080e00000| Untracked 
|  15|0x0000000080f00000, 0x0000000081000000, 0x0000000081000000|100%| O|  |TAMS 0x0000000081000000, 0x0000000080f00000| Untracked 
|  16|0x0000000081000000, 0x0000000081100000, 0x0000000081100000|100%| O|  |TAMS 0x0000000081100000, 0x0000000081000000| Untracked 
|  17|0x0000000081100000, 0x0000000081200000, 0x0000000081200000|100%| O|  |TAMS 0x0000000081200000, 0x0000000081100000| Untracked 
|  18|0x0000000081200000, 0x0000000081300000, 0x0000000081300000|100%| O|  |TAMS 0x0000000081300000, 0x0000000081200000| Untracked 
|  19|0x0000000081300000, 0x0000000081400000, 0x0000000081400000|100%|HS|  |TAMS 0x0000000081400000, 0x0000000081300000| Complete 
|  20|0x0000000081400000, 0x0000000081500000, 0x0000000081500000|100%|HC|  |TAMS 0x0000000081500000, 0x0000000081400000| Complete 
|  21|0x0000000081500000, 0x0000000081600000, 0x0000000081600000|100%|HC|  |TAMS 0x0000000081600000, 0x0000000081500000| Complete 
|  22|0x0000000081600000, 0x0000000081700000, 0x0000000081700000|100%|HC|  |TAMS 0x0000000081700000, 0x0000000081600000| Complete 
|  23|0x0000000081700000, 0x0000000081800000, 0x0000000081800000|100%|HC|  |TAMS 0x0000000081800000, 0x0000000081700000| Complete 
|  24|0x0000000081800000, 0x0000000081900000, 0x0000000081900000|100%|HS|  |TAMS 0x0000000081900000, 0x0000000081800000| Complete 
|  25|0x0000000081900000, 0x0000000081a00000, 0x0000000081a00000|100%|HC|  |TAMS 0x0000000081a00000, 0x0000000081900000| Complete 
|  26|0x0000000081a00000, 0x0000000081b00000, 0x0000000081b00000|100%|HC|  |TAMS 0x0000000081b00000, 0x0000000081a00000| Complete 
|  27|0x0000000081b00000, 0x0000000081c00000, 0x0000000081c00000|100%|HS|  |TAMS 0x0000000081c00000, 0x0000000081b00000| Complete 
|  28|0x0000000081c00000, 0x0000000081d00000, 0x0000000081d00000|100%|HC|  |TAMS 0x0000000081d00000, 0x0000000081c00000| Complete 
|  29|0x0000000081d00000, 0x0000000081e00000, 0x0000000081e00000|100%|HC|  |TAMS 0x0000000081e00000, 0x0000000081d00000| Complete 
|  30|0x0000000081e00000, 0x0000000081f00000, 0x0000000081f00000|100%| O|  |TAMS 0x0000000081f00000, 0x0000000081e00000| Untracked 
|  31|0x0000000081f00000, 0x0000000082000000, 0x0000000082000000|100%| O|  |TAMS 0x0000000082000000, 0x0000000081f00000| Untracked 
|  32|0x0000000082000000, 0x0000000082100000, 0x0000000082100000|100%| O|  |TAMS 0x0000000082100000, 0x0000000082000000| Untracked 
|  33|0x0000000082100000, 0x0000000082200000, 0x0000000082200000|100%| O|  |TAMS 0x0000000082200000, 0x0000000082100000| Untracked 
|  34|0x0000000082200000, 0x0000000082300000, 0x0000000082300000|100%|HS|  |TAMS 0x0000000082300000, 0x0000000082200000| Complete 
|  35|0x0000000082300000, 0x0000000082400000, 0x0000000082400000|100%| O|  |TAMS 0x0000000082400000, 0x0000000082300000| Untracked 
|  36|0x0000000082400000, 0x0000000082500000, 0x0000000082500000|100%| O|  |TAMS 0x0000000082500000, 0x0000000082400000| Updating 
|  37|0x0000000082500000, 0x0000000082600000, 0x0000000082600000|100%| O|  |TAMS 0x0000000082600000, 0x0000000082500000| Untracked 
|  38|0x0000000082600000, 0x0000000082700000, 0x0000000082700000|100%| O|  |TAMS 0x0000000082700000, 0x0000000082600000| Updating 
|  39|0x0000000082700000, 0x0000000082800000, 0x0000000082800000|100%| O|  |TAMS 0x0000000082800000, 0x0000000082700000| Untracked 
|  40|0x0000000082800000, 0x0000000082900000, 0x0000000082900000|100%| O|  |TAMS 0x0000000082900000, 0x0000000082800000| Untracked 
|  41|0x0000000082900000, 0x0000000082a00000, 0x0000000082a00000|100%| O|  |TAMS 0x0000000082a00000, 0x0000000082900000| Untracked 
|  42|0x0000000082a00000, 0x0000000082b00000, 0x0000000082b00000|100%| O|  |TAMS 0x0000000082b00000, 0x0000000082a00000| Untracked 
|  43|0x0000000082b00000, 0x0000000082c00000, 0x0000000082c00000|100%| O|  |TAMS 0x0000000082c00000, 0x0000000082b00000| Updating 
|  44|0x0000000082c00000, 0x0000000082d00000, 0x0000000082d00000|100%| O|  |TAMS 0x0000000082d00000, 0x0000000082c00000| Untracked 
|  45|0x0000000082d00000, 0x0000000082e00000, 0x0000000082e00000|100%|HS|  |TAMS 0x0000000082e00000, 0x0000000082d00000| Complete 
|  46|0x0000000082e00000, 0x0000000082f00000, 0x0000000082f00000|100%|HC|  |TAMS 0x0000000082f00000, 0x0000000082e00000| Complete 
|  47|0x0000000082f00000, 0x0000000083000000, 0x0000000083000000|100%|HC|  |TAMS 0x0000000083000000, 0x0000000082f00000| Complete 
|  48|0x0000000083000000, 0x0000000083100000, 0x0000000083100000|100%| O|  |TAMS 0x0000000083000000, 0x0000000083000000| Untracked 
|  49|0x0000000083100000, 0x0000000083200000, 0x0000000083200000|100%| O|  |TAMS 0x0000000083100000, 0x0000000083100000| Untracked 
|  50|0x0000000083200000, 0x0000000083300000, 0x0000000083300000|100%| O|  |TAMS 0x0000000083300000, 0x0000000083200000| Updating 
|  51|0x0000000083300000, 0x0000000083400000, 0x0000000083400000|100%|HS|  |TAMS 0x0000000083400000, 0x0000000083300000| Complete 
|  52|0x0000000083400000, 0x0000000083500000, 0x0000000083500000|100%|HC|  |TAMS 0x0000000083500000, 0x0000000083400000| Complete 
|  53|0x0000000083500000, 0x0000000083600000, 0x0000000083600000|100%|HC|  |TAMS 0x0000000083600000, 0x0000000083500000| Complete 
|  54|0x0000000083600000, 0x0000000083700000, 0x0000000083700000|100%|HC|  |TAMS 0x0000000083700000, 0x0000000083600000| Complete 
|  55|0x0000000083700000, 0x0000000083800000, 0x0000000083800000|100%|HC|  |TAMS 0x0000000083800000, 0x0000000083700000| Complete 
|  56|0x0000000083800000, 0x0000000083900000, 0x0000000083900000|100%| O|  |TAMS 0x0000000083800000, 0x0000000083800000| Untracked 
|  57|0x0000000083900000, 0x0000000083a00000, 0x0000000083a00000|100%| O|  |TAMS 0x0000000083900000, 0x0000000083900000| Untracked 
|  58|0x0000000083a00000, 0x0000000083aae200, 0x0000000083b00000| 68%| O|  |TAMS 0x0000000083a00000, 0x0000000083a00000| Updating 
|  59|0x0000000083b00000, 0x0000000083c00000, 0x0000000083c00000|100%|HS|  |TAMS 0x0000000083b00000, 0x0000000083b00000| Complete 
|  60|0x0000000083c00000, 0x0000000083d00000, 0x0000000083d00000|100%|HC|  |TAMS 0x0000000083c00000, 0x0000000083c00000| Complete 
|  61|0x0000000083d00000, 0x0000000083e00000, 0x0000000083e00000|100%|HC|  |TAMS 0x0000000083d00000, 0x0000000083d00000| Complete 
|  62|0x0000000083e00000, 0x0000000083f00000, 0x0000000083f00000|100%|HC|  |TAMS 0x0000000083e00000, 0x0000000083e00000| Complete 
|  63|0x0000000083f00000, 0x0000000084000000, 0x0000000084000000|100%|HC|  |TAMS 0x0000000083f00000, 0x0000000083f00000| Complete 
|  64|0x0000000084000000, 0x0000000084000000, 0x0000000084100000|  0%| F|  |TAMS 0x0000000084000000, 0x0000000084000000| Untracked 
|  65|0x0000000084100000, 0x0000000084100000, 0x0000000084200000|  0%| F|  |TAMS 0x0000000084100000, 0x0000000084100000| Untracked 
|  66|0x0000000084200000, 0x0000000084200000, 0x0000000084300000|  0%| F|  |TAMS 0x0000000084200000, 0x0000000084200000| Untracked 
|  67|0x0000000084300000, 0x0000000084300000, 0x0000000084400000|  0%| F|  |TAMS 0x0000000084300000, 0x0000000084300000| Untracked 
|  68|0x0000000084400000, 0x0000000084400000, 0x0000000084500000|  0%| F|  |TAMS 0x0000000084400000, 0x0000000084400000| Untracked 
|  69|0x0000000084500000, 0x0000000084500000, 0x0000000084600000|  0%| F|  |TAMS 0x0000000084500000, 0x0000000084500000| Untracked 
|  70|0x0000000084600000, 0x0000000084600000, 0x0000000084700000|  0%| F|  |TAMS 0x0000000084600000, 0x0000000084600000| Untracked 
|  71|0x0000000084700000, 0x0000000084700000, 0x0000000084800000|  0%| F|  |TAMS 0x0000000084700000, 0x0000000084700000| Untracked 
|  72|0x0000000084800000, 0x0000000084800000, 0x0000000084900000|  0%| F|  |TAMS 0x0000000084800000, 0x0000000084800000| Untracked 
|  73|0x0000000084900000, 0x0000000084900000, 0x0000000084a00000|  0%| F|  |TAMS 0x0000000084900000, 0x0000000084900000| Untracked 
|  74|0x0000000084a00000, 0x0000000084a00000, 0x0000000084b00000|  0%| F|  |TAMS 0x0000000084a00000, 0x0000000084a00000| Untracked 
|  75|0x0000000084b00000, 0x0000000084b00000, 0x0000000084c00000|  0%| F|  |TAMS 0x0000000084b00000, 0x0000000084b00000| Untracked 
|  76|0x0000000084c00000, 0x0000000084c00000, 0x0000000084d00000|  0%| F|  |TAMS 0x0000000084c00000, 0x0000000084c00000| Untracked 
|  77|0x0000000084d00000, 0x0000000084d00000, 0x0000000084e00000|  0%| F|  |TAMS 0x0000000084d00000, 0x0000000084d00000| Untracked 
|  78|0x0000000084e00000, 0x0000000084e00000, 0x0000000084f00000|  0%| F|  |TAMS 0x0000000084e00000, 0x0000000084e00000| Untracked 
|  79|0x0000000084f00000, 0x0000000084f00000, 0x0000000085000000|  0%| F|  |TAMS 0x0000000084f00000, 0x0000000084f00000| Untracked 
|  80|0x0000000085000000, 0x0000000085000000, 0x0000000085100000|  0%| F|  |TAMS 0x0000000085000000, 0x0000000085000000| Untracked 
|  81|0x0000000085100000, 0x0000000085100000, 0x0000000085200000|  0%| F|  |TAMS 0x0000000085100000, 0x0000000085100000| Untracked 
|  82|0x0000000085200000, 0x0000000085200000, 0x0000000085300000|  0%| F|  |TAMS 0x0000000085200000, 0x0000000085200000| Untracked 
|  83|0x0000000085300000, 0x0000000085300000, 0x0000000085400000|  0%| F|  |TAMS 0x0000000085300000, 0x0000000085300000| Untracked 
|  84|0x0000000085400000, 0x0000000085400000, 0x0000000085500000|  0%| F|  |TAMS 0x0000000085400000, 0x0000000085400000| Untracked 
|  85|0x0000000085500000, 0x0000000085500000, 0x0000000085600000|  0%| F|  |TAMS 0x0000000085500000, 0x0000000085500000| Untracked 
|  86|0x0000000085600000, 0x0000000085600000, 0x0000000085700000|  0%| F|  |TAMS 0x0000000085600000, 0x0000000085600000| Untracked 
|  87|0x0000000085700000, 0x0000000085700000, 0x0000000085800000|  0%| F|  |TAMS 0x0000000085700000, 0x0000000085700000| Untracked 
|  88|0x0000000085800000, 0x0000000085800000, 0x0000000085900000|  0%| F|  |TAMS 0x0000000085800000, 0x0000000085800000| Untracked 
|  89|0x0000000085900000, 0x0000000085900000, 0x0000000085a00000|  0%| F|  |TAMS 0x0000000085900000, 0x0000000085900000| Untracked 
|  90|0x0000000085a00000, 0x0000000085a00000, 0x0000000085b00000|  0%| F|  |TAMS 0x0000000085a00000, 0x0000000085a00000| Untracked 
|  91|0x0000000085b00000, 0x0000000085b00000, 0x0000000085c00000|  0%| F|  |TAMS 0x0000000085b00000, 0x0000000085b00000| Untracked 
|  92|0x0000000085c00000, 0x0000000085c00000, 0x0000000085d00000|  0%| F|  |TAMS 0x0000000085c00000, 0x0000000085c00000| Untracked 
|  93|0x0000000085d00000, 0x0000000085d00000, 0x0000000085e00000|  0%| F|  |TAMS 0x0000000085d00000, 0x0000000085d00000| Untracked 
|  94|0x0000000085e00000, 0x0000000085e00000, 0x0000000085f00000|  0%| F|  |TAMS 0x0000000085e00000, 0x0000000085e00000| Untracked 
|  95|0x0000000085f00000, 0x0000000085f00000, 0x0000000086000000|  0%| F|  |TAMS 0x0000000085f00000, 0x0000000085f00000| Untracked 
|  96|0x0000000086000000, 0x0000000086000000, 0x0000000086100000|  0%| F|  |TAMS 0x0000000086000000, 0x0000000086000000| Untracked 
|  97|0x0000000086100000, 0x000000008615b370, 0x0000000086200000| 35%| S|CS|TAMS 0x0000000086100000, 0x0000000086100000| Complete 
|  98|0x0000000086200000, 0x0000000086300000, 0x0000000086300000|100%| S|CS|TAMS 0x0000000086200000, 0x0000000086200000| Complete 
|  99|0x0000000086300000, 0x0000000086400000, 0x0000000086400000|100%| S|CS|TAMS 0x0000000086300000, 0x0000000086300000| Complete 
| 100|0x0000000086400000, 0x0000000086400000, 0x0000000086500000|  0%| F|  |TAMS 0x0000000086400000, 0x0000000086400000| Untracked 
| 101|0x0000000086500000, 0x0000000086500000, 0x0000000086600000|  0%| F|  |TAMS 0x0000000086500000, 0x0000000086500000| Untracked 
| 102|0x0000000086600000, 0x0000000086600000, 0x0000000086700000|  0%| F|  |TAMS 0x0000000086600000, 0x0000000086600000| Untracked 
| 103|0x0000000086700000, 0x0000000086700000, 0x0000000086800000|  0%| F|  |TAMS 0x0000000086700000, 0x0000000086700000| Untracked 
| 104|0x0000000086800000, 0x0000000086800000, 0x0000000086900000|  0%| F|  |TAMS 0x0000000086800000, 0x0000000086800000| Untracked 
| 105|0x0000000086900000, 0x00000000869ffea0, 0x0000000086a00000| 99%| E|  |TAMS 0x0000000086900000, 0x0000000086900000| Complete 
| 106|0x0000000086a00000, 0x0000000086b00000, 0x0000000086b00000|100%| E|CS|TAMS 0x0000000086a00000, 0x0000000086a00000| Complete 

Card table byte_map: [0x0000026799b30000,0x0000026799f30000] _byte_map_base: 0x0000026799730000

Marking Bits (Prev, Next): (CMBitMap*) 0x00000267872d6e50, (CMBitMap*) 0x00000267872d6e90
 Prev Bits: [0x000002679a330000, 0x000002679c330000)
 Next Bits: [0x000002679c330000, 0x000002679e330000)

Polling page: 0x0000026785200000

Metaspace:

Usage:
  Non-class:     42.78 MB used.
      Class:      6.69 MB used.
       Both:     49.48 MB used.

Virtual space:
  Non-class space:       64.00 MB reserved,      43.06 MB ( 67%) committed,  1 nodes.
      Class space:        1.00 GB reserved,       6.88 MB ( <1%) committed,  1 nodes.
             Both:        1.06 GB reserved,      49.94 MB (  5%) committed. 

Chunk freelists:
   Non-Class:  4.00 MB
       Class:  9.06 MB
        Both:  13.06 MB

MaxMetaspaceSize: unlimited
CompressedClassSpaceSize: 1.00 GB
Initial GC threshold: 21.00 MB
Current GC threshold: 82.81 MB
CDS: off
MetaspaceReclaimPolicy: balanced
 - commit_granule_bytes: 65536.
 - commit_granule_words: 8192.
 - virtual_space_node_default_size: 8388608.
 - enlarge_chunks_in_place: 1.
 - new_chunks_are_fully_committed: 0.
 - uncommit_free_chunks: 1.
 - use_allocation_guard: 0.
 - handle_deallocations: 1.


Internal statistics:

num_allocs_failed_limit: 3.
num_arena_births: 502.
num_arena_deaths: 0.
num_vsnodes_births: 2.
num_vsnodes_deaths: 0.
num_space_committed: 799.
num_space_uncommitted: 0.
num_chunks_returned_to_freelist: 3.
num_chunks_taken_from_freelist: 2160.
num_chunk_merges: 3.
num_chunk_splits: 1365.
num_chunks_enlarged: 907.
num_inconsistent_stats: 0.

CodeHeap 'non-profiled nmethods': size=120000Kb used=2918Kb max_used=2918Kb free=117081Kb
 bounds [0x0000026792200000, 0x00000267924e0000, 0x0000026799730000]
CodeHeap 'profiled nmethods': size=120000Kb used=9668Kb max_used=9668Kb free=110331Kb
 bounds [0x000002678a730000, 0x000002678b0b0000, 0x0000026791c60000]
CodeHeap 'non-nmethods': size=5760Kb used=2304Kb max_used=2343Kb free=3455Kb
 bounds [0x0000026791c60000, 0x0000026791ed0000, 0x0000026792200000]
 total_blobs=5479 nmethods=4666 adapters=724
 compilation: enabled
              stopped_count=0, restarted_count=0
 full_count=0

Compilation events (20 events):
Event: 18.499 Thread 0x00000267a09bace0 4659       3       groovyjarjarasm.asm.MethodWriter::visitVarInsn (302 bytes)
Event: 18.500 Thread 0x00000267a09bace0 nmethod 4659 0x000002678b09bb90 code [0x000002678b09bde0, 0x000002678b09c7e8]
Event: 18.504 Thread 0x00000267a09bace0 4661       3       java.util.stream.SpinedBuffer::<init> (18 bytes)
Event: 18.504 Thread 0x00000267a09bace0 nmethod 4661 0x000002678b09ca90 code [0x000002678b09cc40, 0x000002678b09cf18]
Event: 18.504 Thread 0x00000267a09bace0 4662       3       java.util.stream.AbstractSpinedBuffer::<init> (10 bytes)
Event: 18.504 Thread 0x00000267a09bace0 nmethod 4662 0x000002678b09d010 code [0x000002678b09d1a0, 0x000002678b09d318]
Event: 18.508 Thread 0x00000267a09bace0 4663       3       sun.reflect.generics.parser.SignatureParser::parseIdentifier (13 bytes)
Event: 18.509 Thread 0x00000267a09bace0 nmethod 4663 0x000002678b09d410 code [0x000002678b09d5c0, 0x000002678b09d818]
Event: 18.509 Thread 0x00000267a09bace0 4664       3       sun.reflect.generics.repository.ConstructorRepository::getParameterTypes (27 bytes)
Event: 18.509 Thread 0x00000267a09bace0 nmethod 4664 0x000002678b09d990 code [0x000002678b09db60, 0x000002678b09df18]
Event: 18.509 Thread 0x00000267a09bace0 4665       3       sun.reflect.generics.reflectiveObjects.LazyReflectiveObjectGenerator::<init> (10 bytes)
Event: 18.510 Thread 0x00000267a09bace0 nmethod 4665 0x000002678b09e010 code [0x000002678b09e1a0, 0x000002678b09e358]
Event: 18.511 Thread 0x00000267a09bace0 4666       3       groovyjarjarasm.asm.Label::getCanonicalInstance (19 bytes)
Event: 18.511 Thread 0x00000267a09bace0 nmethod 4666 0x000002678b09e410 code [0x000002678b09e5a0, 0x000002678b09e718]
Event: 18.512 Thread 0x00000267a09bace0 4667       1       com.google.common.collect.MapMakerInternalMap$AbstractStrongKeyEntry::getNext (2 bytes)
Event: 18.513 Thread 0x00000267a09bace0 nmethod 4667 0x00000267924d8e90 code [0x00000267924d9020, 0x00000267924d90f8]
Event: 18.519 Thread 0x00000267a09bace0 4668       3       java.lang.ThreadLocal$ThreadLocalMap::cleanSomeSlots (61 bytes)
Event: 18.520 Thread 0x00000267a09bace0 nmethod 4668 0x000002678b09e810 code [0x000002678b09e9e0, 0x000002678b09eef8]
Event: 18.529 Thread 0x00000267a09bace0 4669   !   3       sun.reflect.misc.ReflectUtil::isPackageAccessible (12 bytes)
Event: 18.531 Thread 0x00000267a09bace0 nmethod 4669 0x000002678b09f110 code [0x000002678b09f3e0, 0x000002678b0a03b8]

GC Heap History (20 events):
Event: 12.982 GC heap before
{Heap before GC invocations=9 (full 0):
 garbage-first heap   total 68608K, used 52563K [0x0000000080000000, 0x0000000100000000)
  region size 1024K, 18 young (18432K), 4 survivors (4096K)
 Metaspace       used 34139K, committed 34496K, reserved 1114112K
  class space    used 4642K, committed 4800K, reserved 1048576K
}
Event: 12.990 GC heap after
{Heap after GC invocations=10 (full 0):
 garbage-first heap   total 68608K, used 40356K [0x0000000080000000, 0x0000000100000000)
  region size 1024K, 1 young (1024K), 1 survivors (1024K)
 Metaspace       used 34139K, committed 34496K, reserved 1114112K
  class space    used 4642K, committed 4800K, reserved 1048576K
}
Event: 13.719 GC heap before
{Heap before GC invocations=10 (full 0):
 garbage-first heap   total 68608K, used 52644K [0x0000000080000000, 0x0000000100000000)
  region size 1024K, 14 young (14336K), 1 survivors (1024K)
 Metaspace       used 35688K, committed 36032K, reserved 1114112K
  class space    used 4906K, committed 5056K, reserved 1048576K
}
Event: 13.723 GC heap after
{Heap after GC invocations=11 (full 0):
 garbage-first heap   total 68608K, used 40931K [0x0000000080000000, 0x0000000100000000)
  region size 1024K, 2 young (2048K), 2 survivors (2048K)
 Metaspace       used 35688K, committed 36032K, reserved 1114112K
  class space    used 4906K, committed 5056K, reserved 1048576K
}
Event: 14.783 GC heap before
{Heap before GC invocations=12 (full 0):
 garbage-first heap   total 71680K, used 54243K [0x0000000080000000, 0x0000000100000000)
  region size 1024K, 15 young (15360K), 2 survivors (2048K)
 Metaspace       used 37513K, committed 37888K, reserved 1114112K
  class space    used 5184K, committed 5312K, reserved 1048576K
}
Event: 14.788 GC heap after
{Heap after GC invocations=13 (full 0):
 garbage-first heap   total 71680K, used 41390K [0x0000000080000000, 0x0000000100000000)
  region size 1024K, 2 young (2048K), 2 survivors (2048K)
 Metaspace       used 37513K, committed 37888K, reserved 1114112K
  class space    used 5184K, committed 5312K, reserved 1048576K
}
Event: 15.561 GC heap before
{Heap before GC invocations=13 (full 0):
 garbage-first heap   total 71680K, used 57774K [0x0000000080000000, 0x0000000100000000)
  region size 1024K, 18 young (18432K), 2 survivors (2048K)
 Metaspace       used 39956K, committed 40384K, reserved 1114112K
  class space    used 5577K, committed 5760K, reserved 1048576K
}
Event: 15.566 GC heap after
{Heap after GC invocations=14 (full 0):
 garbage-first heap   total 71680K, used 43129K [0x0000000080000000, 0x0000000100000000)
  region size 1024K, 3 young (3072K), 3 survivors (3072K)
 Metaspace       used 39956K, committed 40384K, reserved 1114112K
  class space    used 5577K, committed 5760K, reserved 1048576K
}
Event: 16.043 GC heap before
{Heap before GC invocations=15 (full 0):
 garbage-first heap   total 76800K, used 56441K [0x0000000080000000, 0x0000000100000000)
  region size 1024K, 17 young (17408K), 3 survivors (3072K)
 Metaspace       used 43742K, committed 44096K, reserved 1114112K
  class space    used 5963K, committed 6144K, reserved 1048576K
}
Event: 16.052 GC heap after
{Heap after GC invocations=16 (full 0):
 garbage-first heap   total 76800K, used 45039K [0x0000000080000000, 0x0000000100000000)
  region size 1024K, 3 young (3072K), 3 survivors (3072K)
 Metaspace       used 43742K, committed 44096K, reserved 1114112K
  class space    used 5963K, committed 6144K, reserved 1048576K
}
Event: 16.418 GC heap before
{Heap before GC invocations=16 (full 0):
 garbage-first heap   total 76800K, used 60399K [0x0000000080000000, 0x0000000100000000)
  region size 1024K, 19 young (19456K), 3 survivors (3072K)
 Metaspace       used 44698K, committed 45120K, reserved 1114112K
  class space    used 6033K, committed 6208K, reserved 1048576K
}
Event: 16.425 GC heap after
{Heap after GC invocations=17 (full 0):
 garbage-first heap   total 76800K, used 47108K [0x0000000080000000, 0x0000000100000000)
  region size 1024K, 3 young (3072K), 3 survivors (3072K)
 Metaspace       used 44698K, committed 45120K, reserved 1114112K
  class space    used 6033K, committed 6208K, reserved 1048576K
}
Event: 16.780 GC heap before
{Heap before GC invocations=18 (full 0):
 garbage-first heap   total 87040K, used 57348K [0x0000000080000000, 0x0000000100000000)
  region size 1024K, 15 young (15360K), 3 survivors (3072K)
 Metaspace       used 45174K, committed 45632K, reserved 1114112K
  class space    used 6082K, committed 6272K, reserved 1048576K
}
Event: 16.787 GC heap after
{Heap after GC invocations=19 (full 0):
 garbage-first heap   total 87040K, used 47578K [0x0000000080000000, 0x0000000100000000)
  region size 1024K, 2 young (2048K), 2 survivors (2048K)
 Metaspace       used 45174K, committed 45632K, reserved 1114112K
  class space    used 6082K, committed 6272K, reserved 1048576K
}
Event: 17.671 GC heap before
{Heap before GC invocations=20 (full 0):
 garbage-first heap   total 91136K, used 75226K [0x0000000080000000, 0x0000000100000000)
  region size 1024K, 24 young (24576K), 2 survivors (2048K)
 Metaspace       used 48390K, committed 48832K, reserved 1114112K
  class space    used 6481K, committed 6656K, reserved 1048576K
}
Event: 17.677 GC heap after
{Heap after GC invocations=21 (full 0):
 garbage-first heap   total 109568K, used 48878K [0x0000000080000000, 0x0000000100000000)
  region size 1024K, 2 young (2048K), 2 survivors (2048K)
 Metaspace       used 48390K, committed 48832K, reserved 1114112K
  class space    used 6481K, committed 6656K, reserved 1048576K
}
Event: 18.328 GC heap before
{Heap before GC invocations=21 (full 0):
 garbage-first heap   total 109568K, used 72430K [0x0000000080000000, 0x0000000100000000)
  region size 1024K, 23 young (23552K), 2 survivors (2048K)
 Metaspace       used 50254K, committed 50688K, reserved 1114112K
  class space    used 6790K, committed 6976K, reserved 1048576K
}
Event: 18.335 GC heap after
{Heap after GC invocations=22 (full 0):
 garbage-first heap   total 109568K, used 55068K [0x0000000080000000, 0x0000000100000000)
  region size 1024K, 5 young (5120K), 5 survivors (5120K)
 Metaspace       used 50254K, committed 50688K, reserved 1114112K
  class space    used 6790K, committed 6976K, reserved 1048576K
}
Event: 18.536 GC heap before
{Heap before GC invocations=23 (full 0):
 garbage-first heap   total 109568K, used 66332K [0x0000000080000000, 0x0000000100000000)
  region size 1024K, 12 young (12288K), 5 survivors (5120K)
 Metaspace       used 50537K, committed 51008K, reserved 1114112K
  class space    used 6844K, committed 7040K, reserved 1048576K
}
Event: 18.544 GC heap after
{Heap after GC invocations=24 (full 0):
 garbage-first heap   total 109568K, used 62409K [0x0000000080000000, 0x0000000100000000)
  region size 1024K, 3 young (3072K), 3 survivors (3072K)
 Metaspace       used 50537K, committed 51008K, reserved 1114112K
  class space    used 6844K, committed 7040K, reserved 1048576K
}

Dll operation events (3 events):
Event: 0.063 Loaded shared library C:\Program Files\Android\Android Studio\jbr\bin\java.dll
Event: 1.363 Loaded shared library C:\Program Files\Android\Android Studio\jbr\bin\zip.dll
Event: 2.788 Loaded shared library C:\Program Files\Android\Android Studio\jbr\bin\verify.dll

Deoptimization events (20 events):
Event: 18.167 Thread 0x00000267a75c2140 DEOPT PACKING pc=0x000002678a803843 sp=0x00000098fbcf91f0
Event: 18.167 Thread 0x00000267a75c2140 DEOPT UNPACKING pc=0x0000026791cb7143 sp=0x00000098fbcf8710 mode 0
Event: 18.172 Thread 0x00000267a75c2140 DEOPT PACKING pc=0x000002678aafa408 sp=0x00000098fbcf9070
Event: 18.172 Thread 0x00000267a75c2140 DEOPT UNPACKING pc=0x0000026791cb7143 sp=0x00000098fbcf8578 mode 0
Event: 18.367 Thread 0x00000267a75c2140 Uncommon trap: trap_request=0xffffff45 fr.pc=0x00000267923b6994 relative=0x0000000000003f54
Event: 18.367 Thread 0x00000267a75c2140 Uncommon trap: reason=unstable_if action=reinterpret pc=0x00000267923b6994 method=java.lang.StringLatin1.regionMatchesCI([BI[BII)Z @ 72 c2
Event: 18.367 Thread 0x00000267a75c2140 DEOPT PACKING pc=0x00000267923b6994 sp=0x00000098fbcf8bc0
Event: 18.367 Thread 0x00000267a75c2140 DEOPT UNPACKING pc=0x0000026791cb69a3 sp=0x00000098fbcf8978 mode 2
Event: 18.367 Thread 0x00000267a75c2140 Uncommon trap: trap_request=0xffffff45 fr.pc=0x0000026792305d68 relative=0x0000000000000628
Event: 18.367 Thread 0x00000267a75c2140 Uncommon trap: reason=unstable_if action=reinterpret pc=0x0000026792305d68 method=java.lang.StringLatin1.regionMatchesCI([BI[BII)Z @ 72 c2
Event: 18.368 Thread 0x00000267a75c2140 DEOPT PACKING pc=0x0000026792305d68 sp=0x00000098fbcf8a40
Event: 18.368 Thread 0x00000267a75c2140 DEOPT UNPACKING pc=0x0000026791cb69a3 sp=0x00000098fbcf8908 mode 2
Event: 18.464 Thread 0x00000267a75c2140 Uncommon trap: trap_request=0xffffff45 fr.pc=0x0000026792424004 relative=0x00000000000009a4
Event: 18.464 Thread 0x00000267a75c2140 Uncommon trap: reason=unstable_if action=reinterpret pc=0x0000026792424004 method=java.lang.ClassLoader.checkCerts(Ljava/lang/String;Ljava/security/CodeSource;)V @ 30 c2
Event: 18.464 Thread 0x00000267a75c2140 DEOPT PACKING pc=0x0000026792424004 sp=0x00000098fbcf7e80
Event: 18.464 Thread 0x00000267a75c2140 DEOPT UNPACKING pc=0x0000026791cb69a3 sp=0x00000098fbcf7de8 mode 2
Event: 18.465 Thread 0x00000267a75c2140 Uncommon trap: trap_request=0xffffff45 fr.pc=0x000002679249f428 relative=0x00000000000013e8
Event: 18.465 Thread 0x00000267a75c2140 Uncommon trap: reason=unstable_if action=reinterpret pc=0x000002679249f428 method=java.lang.ClassLoader.postDefineClass(Ljava/lang/Class;Ljava/security/ProtectionDomain;)V @ 17 c2
Event: 18.465 Thread 0x00000267a75c2140 DEOPT PACKING pc=0x000002679249f428 sp=0x00000098fbcf7e80
Event: 18.465 Thread 0x00000267a75c2140 DEOPT UNPACKING pc=0x0000026791cb69a3 sp=0x00000098fbcf7e70 mode 2

Classes unloaded (0 events):
No events

Classes redefined (0 events):
No events

Internal exceptions (20 events):
Event: 18.425 Thread 0x00000267a75c2140 Exception <a 'java/lang/ClassNotFoundException'{0x000000008686cbe8}: groovy/lang/ReferenceBeanInfo> (0x000000008686cbe8) 
thrown [s\src\hotspot\share\classfile\systemDictionary.cpp, line 256]
Event: 18.430 Thread 0x00000267a75c2140 Exception <a 'java/lang/ClassNotFoundException'{0x00000000868bb970}: groovy/lang/ReferenceCustomizer> (0x00000000868bb970) 
thrown [s\src\hotspot\share\classfile\systemDictionary.cpp, line 256]
Event: 18.446 Thread 0x00000267a75c2140 Exception <a 'java/lang/ClassNotFoundException'{0x0000000086716ef8}: org/jetbrains/plugins/gradle/model/internal/DummyModelBeanInfo> (0x0000000086716ef8) 
thrown [s\src\hotspot\share\classfile\systemDictionary.cpp, line 256]
Event: 18.446 Thread 0x00000267a75c2140 Exception <a 'java/lang/ClassNotFoundException'{0x0000000086722340}: org/jetbrains/plugins/gradle/model/internal/DummyModelCustomizer> (0x0000000086722340) 
thrown [s\src\hotspot\share\classfile\systemDictionary.cpp, line 256]
Event: 18.450 Thread 0x00000267a75c2140 Exception <a 'java/lang/ClassNotFoundException'{0x0000000086751fb8}: java/lang/ClassBeanInfo> (0x0000000086751fb8) 
thrown [s\src\hotspot\share\classfile\systemDictionary.cpp, line 256]
Event: 18.450 Thread 0x00000267a75c2140 Exception <a 'java/lang/ClassNotFoundException'{0x000000008675a568}: java/lang/ClassCustomizer> (0x000000008675a568) 
thrown [s\src\hotspot\share\classfile\systemDictionary.cpp, line 256]
Event: 18.464 Thread 0x00000267a75c2140 Implicit null exception at 0x0000026792423a81 to 0x0000026792423fdc
Event: 18.465 Thread 0x00000267a75c2140 Implicit null exception at 0x000002679249ea28 to 0x000002679249f40c
Event: 18.469 Thread 0x00000267a75c2140 Exception <a 'java/lang/ClassNotFoundException'{0x000000008661bcf0}: org/gradle/tooling/provider/model/internal/DefaultToolingModelBuilderRegistryBeanInfo> (0x000000008661bcf0) 
thrown [s\src\hotspot\share\classfile\systemDictionary.cpp, line 256]
Event: 18.470 Thread 0x00000267a75c2140 Exception <a 'java/lang/ClassNotFoundException'{0x0000000086631ae0}: org/gradle/tooling/provider/model/internal/DefaultToolingModelBuilderRegistryCustomizer> (0x0000000086631ae0) 
thrown [s\src\hotspot\share\classfile\systemDictionary.cpp, line 256]
Event: 18.484 Thread 0x00000267a75c2140 Exception <a 'java/lang/ClassNotFoundException'{0x000000008668bdb0}: org/gradle/internal/service/scopes/GradleScopeServicesBeanInfo> (0x000000008668bdb0) 
thrown [s\src\hotspot\share\classfile\systemDictionary.cpp, line 256]
Event: 18.490 Thread 0x00000267a75c2140 Exception <a 'java/lang/ClassNotFoundException'{0x00000000866a10f8}: org/gradle/internal/service/ScopedServiceRegistryBeanInfo> (0x00000000866a10f8) 
thrown [s\src\hotspot\share\classfile\systemDictionary.cpp, line 256]
Event: 18.491 Thread 0x00000267a75c2140 Exception <a 'java/lang/ClassNotFoundException'{0x00000000866b6440}: org/gradle/internal/service/DefaultServiceRegistryBeanInfo> (0x00000000866b6440) 
thrown [s\src\hotspot\share\classfile\systemDictionary.cpp, line 256]
Event: 18.492 Thread 0x00000267a75c2140 Exception <a 'java/lang/ClassNotFoundException'{0x00000000866cb790}: org/gradle/internal/service/DefaultServiceRegistryCustomizer> (0x00000000866cb790) 
thrown [s\src\hotspot\share\classfile\systemDictionary.cpp, line 256]
Event: 18.495 Thread 0x00000267a75c2140 Exception <a 'java/lang/ClassNotFoundException'{0x00000000866efc18}: org/gradle/internal/service/ScopedServiceRegistryCustomizer> (0x00000000866efc18) 
thrown [s\src\hotspot\share\classfile\systemDictionary.cpp, line 256]
Event: 18.497 Thread 0x00000267a75c2140 Exception <a 'java/lang/ClassNotFoundException'{0x0000000086507900}: org/gradle/internal/service/scopes/GradleScopeServicesCustomizer> (0x0000000086507900) 
thrown [s\src\hotspot\share\classfile\systemDictionary.cpp, line 256]
Event: 18.507 Thread 0x00000267a75c2140 Exception <a 'java/lang/ClassNotFoundException'{0x0000000086553258}: org/gradle/internal/extensibility/DefaultConventionBeanInfo> (0x0000000086553258) 
thrown [s\src\hotspot\share\classfile\systemDictionary.cpp, line 256]
Event: 18.508 Thread 0x00000267a75c2140 Exception <a 'java/lang/ClassNotFoundException'{0x0000000086568768}: org/gradle/internal/extensibility/DefaultConventionCustomizer> (0x0000000086568768) 
thrown [s\src\hotspot\share\classfile\systemDictionary.cpp, line 256]
Event: 18.529 Thread 0x00000267a75c2140 Exception <a 'java/lang/ClassNotFoundException'{0x0000000086421b60}: com/intellij/gradle/toolingExtension/impl/modelBuilder/ExtraModelBuilderBeanInfo> (0x0000000086421b60) 
thrown [s\src\hotspot\share\classfile\systemDictionary.cpp, line 256]
Event: 18.531 Thread 0x00000267a75c2140 Exception <a 'java/lang/ClassNotFoundException'{0x000000008642d108}: com/intellij/gradle/toolingExtension/impl/modelBuilder/ExtraModelBuilderCustomizer> (0x000000008642d108) 
thrown [s\src\hotspot\share\classfile\systemDictionary.cpp, line 256]

VM Operations (20 events):
Event: 17.349 Executing VM operation: HandshakeAllThreads
Event: 17.349 Executing VM operation: HandshakeAllThreads done
Event: 17.472 Executing VM operation: HandshakeAllThreads
Event: 17.472 Executing VM operation: HandshakeAllThreads done
Event: 17.671 Executing VM operation: G1CollectForAllocation
Event: 17.677 Executing VM operation: G1CollectForAllocation done
Event: 17.976 Executing VM operation: HandshakeAllThreads
Event: 17.976 Executing VM operation: HandshakeAllThreads done
Event: 18.328 Executing VM operation: G1TryInitiateConcMark
Event: 18.335 Executing VM operation: G1TryInitiateConcMark done
Event: 18.408 Executing VM operation: G1PauseRemark
Event: 18.426 Executing VM operation: G1PauseRemark done
Event: 18.428 Executing VM operation: HandshakeAllThreads
Event: 18.430 Executing VM operation: HandshakeAllThreads done
Event: 18.454 Executing VM operation: G1PauseCleanup
Event: 18.454 Executing VM operation: G1PauseCleanup done
Event: 18.478 Executing VM operation: HandshakeAllThreads
Event: 18.478 Executing VM operation: HandshakeAllThreads done
Event: 18.536 Executing VM operation: G1TryInitiateConcMark
Event: 18.544 Executing VM operation: G1TryInitiateConcMark done

Events (20 events):
Event: 18.367 loading class sun/misc/SharedSecrets
Event: 18.367 loading class sun/misc/SharedSecrets done
Event: 18.414 loading class java/util/concurrent/LinkedBlockingDeque$Itr
Event: 18.414 loading class java/util/concurrent/LinkedBlockingDeque$AbstractItr
Event: 18.414 loading class java/util/concurrent/LinkedBlockingDeque$AbstractItr done
Event: 18.414 loading class java/util/concurrent/LinkedBlockingDeque$Itr done
Event: 18.449 loading class java/lang/ClassBeanInfo
Event: 18.449 loading class java/lang/ClassBeanInfo done
Event: 18.450 loading class java/lang/ClassBeanInfo
Event: 18.450 loading class java/lang/ClassBeanInfo done
Event: 18.450 loading class java/lang/ClassCustomizer
Event: 18.450 loading class java/lang/ClassCustomizer done
Event: 18.450 loading class java/lang/ClassCustomizer
Event: 18.450 loading class java/lang/ClassCustomizer done
Event: 18.451 loading class sun/reflect/generics/tree/BooleanSignature
Event: 18.451 loading class sun/reflect/generics/tree/BooleanSignature done
Event: 18.453 loading class sun/reflect/generics/reflectiveObjects/GenericArrayTypeImpl
Event: 18.453 loading class sun/reflect/generics/reflectiveObjects/GenericArrayTypeImpl done
Event: 18.459 loading class jdk/internal/vm/annotation/ForceInline
Event: 18.459 loading class jdk/internal/vm/annotation/ForceInline done


Dynamic libraries:
0x00007ff7812e0000 - 0x00007ff7812ea000 	C:\Program Files\Android\Android Studio\jbr\bin\java.exe
0x00007ffeeb770000 - 0x00007ffeeb987000 	C:\Windows\SYSTEM32\ntdll.dll
0x00007ffee9c00000 - 0x00007ffee9cc4000 	C:\Windows\System32\KERNEL32.DLL
0x00007ffee90e0000 - 0x00007ffee9497000 	C:\Windows\System32\KERNELBASE.dll
0x00007ffee8a80000 - 0x00007ffee8b91000 	C:\Windows\System32\ucrtbase.dll
0x00007ffecb480000 - 0x00007ffecb497000 	C:\Program Files\Android\Android Studio\jbr\bin\jli.dll
0x00007ffee9e10000 - 0x00007ffee9fbf000 	C:\Windows\System32\USER32.dll
0x00007ffee8f90000 - 0x00007ffee8fb6000 	C:\Windows\System32\win32u.dll
0x00007ffee99a0000 - 0x00007ffee99c9000 	C:\Windows\System32\GDI32.dll
0x00007ffee8cd0000 - 0x00007ffee8de8000 	C:\Windows\System32\gdi32full.dll
0x00007ffee8fc0000 - 0x00007ffee905a000 	C:\Windows\System32\msvcp_win.dll
0x00007ffed96a0000 - 0x00007ffed9933000 	C:\Windows\WinSxS\amd64_microsoft.windows.common-controls_6595b64144ccf1df_6.0.22621.3672_none_2713b9d173822955\COMCTL32.dll
0x00007ffeea460000 - 0x00007ffeea507000 	C:\Windows\System32\msvcrt.dll
0x00007ffeb9a90000 - 0x00007ffeb9aab000 	C:\Program Files\Android\Android Studio\jbr\bin\VCRUNTIME140.dll
0x00007ffeead10000 - 0x00007ffeead41000 	C:\Windows\System32\IMM32.DLL
0x0000000075e10000 - 0x0000000075e1c000 	C:\Program Files (x86)\360\Total Security\safemon\SafeWrapper.dll
0x00007ffee9cf0000 - 0x00007ffee9da2000 	C:\Windows\System32\ADVAPI32.dll
0x00007ffeea3b0000 - 0x00007ffeea458000 	C:\Windows\System32\sechost.dll
0x00007ffee8df0000 - 0x00007ffee8e18000 	C:\Windows\System32\bcrypt.dll
0x00007ffeea510000 - 0x00007ffeea624000 	C:\Windows\System32\RPCRT4.dll
0x00007ffe9ba30000 - 0x00007ffe9badc000 	C:\Program Files (x86)\360\Total Security\safemon\libzdtp64.dll
0x00007ffeeaec0000 - 0x00007ffeeb729000 	C:\Windows\System32\SHELL32.dll
0x00007ffeeacb0000 - 0x00007ffeead0e000 	C:\Windows\System32\SHLWAPI.dll
0x00007ffee85f0000 - 0x00007ffee85fa000 	C:\Windows\SYSTEM32\VERSION.dll
0x00007ffecb570000 - 0x00007ffecb57c000 	C:\Program Files\Android\Android Studio\jbr\bin\vcruntime140_1.dll
0x00007ffe99fc0000 - 0x00007ffe9a04d000 	C:\Program Files\Android\Android Studio\jbr\bin\msvcp140.dll
0x00007ffe4ce90000 - 0x00007ffe4db13000 	C:\Program Files\Android\Android Studio\jbr\bin\server\jvm.dll
0x00007ffee4a20000 - 0x00007ffee4a54000 	C:\Windows\SYSTEM32\WINMM.dll
0x00007ffed53e0000 - 0x00007ffed53e9000 	C:\Windows\SYSTEM32\WSOCK32.dll
0x00007ffee9920000 - 0x00007ffee9991000 	C:\Windows\System32\WS2_32.dll
0x00007ffee8950000 - 0x00007ffee899d000 	C:\Windows\SYSTEM32\POWRPROF.dll
0x00007ffee8930000 - 0x00007ffee8943000 	C:\Windows\SYSTEM32\UMPDC.dll
0x00007ffee7a30000 - 0x00007ffee7a48000 	C:\Windows\SYSTEM32\kernel.appcore.dll
0x00007ffedcef0000 - 0x00007ffedcefa000 	C:\Program Files\Android\Android Studio\jbr\bin\jimage.dll
0x00007ffee63f0000 - 0x00007ffee6622000 	C:\Windows\SYSTEM32\DBGHELP.DLL
0x00007ffee9fc0000 - 0x00007ffeea34e000 	C:\Windows\System32\combase.dll
0x00007ffee9a00000 - 0x00007ffee9ad7000 	C:\Windows\System32\OLEAUT32.dll
0x00007ffec7eb0000 - 0x00007ffec7ee2000 	C:\Windows\SYSTEM32\dbgcore.DLL
0x00007ffee9060000 - 0x00007ffee90db000 	C:\Windows\System32\bcryptPrimitives.dll
0x00007ffed2dd0000 - 0x00007ffed2dde000 	C:\Program Files\Android\Android Studio\jbr\bin\instrument.dll
0x00007ffed7440000 - 0x00007ffed7465000 	C:\Program Files\Android\Android Studio\jbr\bin\java.dll
0x00007ffed7270000 - 0x00007ffed7288000 	C:\Program Files\Android\Android Studio\jbr\bin\zip.dll
0x00007ffee6930000 - 0x00007ffee722f000 	C:\Windows\SYSTEM32\windows.storage.dll
0x00007ffee67f0000 - 0x00007ffee692f000 	C:\Windows\SYSTEM32\wintypes.dll
0x00007ffeea730000 - 0x00007ffeea829000 	C:\Windows\System32\SHCORE.dll
0x00007ffee89b0000 - 0x00007ffee89d7000 	C:\Windows\SYSTEM32\profapi.dll
0x00007ffed7160000 - 0x00007ffed7179000 	C:\Program Files\Android\Android Studio\jbr\bin\net.dll
0x00007ffee2790000 - 0x00007ffee28c6000 	C:\Windows\SYSTEM32\WINHTTP.dll
0x00007ffee7eb0000 - 0x00007ffee7f19000 	C:\Windows\system32\mswsock.dll
0x00007ffed6c50000 - 0x00007ffed6c66000 	C:\Program Files\Android\Android Studio\jbr\bin\nio.dll
0x00007ffed6c40000 - 0x00007ffed6c50000 	C:\Program Files\Android\Android Studio\jbr\bin\verify.dll
0x00007ffec91d0000 - 0x00007ffec91f7000 	C:\Users\asusu\.gradle\native\c067742578af261105cb4f569cf0c3c89f3d7b1fecec35dd04571415982c5e48\windows-amd64\native-platform.dll
0x00007ffe6bd90000 - 0x00007ffe6bed4000 	C:\Users\asusu\.gradle\native\38dada09dfb8b06ba9b0570ebf7e218e3eb74d4ef43ca46872605cf95ebc2f47\windows-amd64\native-platform-file-events.dll
0x00007ffed6c30000 - 0x00007ffed6c39000 	C:\Program Files\Android\Android Studio\jbr\bin\management.dll
0x00007ffed57d0000 - 0x00007ffed57db000 	C:\Program Files\Android\Android Studio\jbr\bin\management_ext.dll
0x00007ffee9860000 - 0x00007ffee9868000 	C:\Windows\System32\PSAPI.DLL
0x00007ffee8120000 - 0x00007ffee813b000 	C:\Windows\SYSTEM32\CRYPTSP.dll
0x00007ffee7990000 - 0x00007ffee79c5000 	C:\Windows\system32\rsaenh.dll
0x00007ffee7fc0000 - 0x00007ffee7fe8000 	C:\Windows\SYSTEM32\USERENV.dll
0x00007ffee8140000 - 0x00007ffee814c000 	C:\Windows\SYSTEM32\CRYPTBASE.dll
0x00007ffee74d0000 - 0x00007ffee74fd000 	C:\Windows\SYSTEM32\IPHLPAPI.DLL
0x00007ffee99f0000 - 0x00007ffee99f9000 	C:\Windows\System32\NSI.dll
0x00007ffee2770000 - 0x00007ffee2789000 	C:\Windows\SYSTEM32\dhcpcsvc6.DLL
0x00007ffee2600000 - 0x00007ffee261f000 	C:\Windows\SYSTEM32\dhcpcsvc.DLL
0x00007ffee7500000 - 0x00007ffee7602000 	C:\Windows\SYSTEM32\DNSAPI.dll
0x00007ffed7260000 - 0x00007ffed7269000 	C:\Program Files\Android\Android Studio\jbr\bin\extnet.dll
0x00007ffe9a720000 - 0x00007ffe9a728000 	C:\Windows\system32\wshunix.dll

dbghelp: loaded successfully - version: 4.0.5 - missing functions: none
symbol engine: initialized successfully - sym options: 0x614 - pdb path: .;C:\Program Files\Android\Android Studio\jbr\bin;C:\Windows\SYSTEM32;C:\Windows\WinSxS\amd64_microsoft.windows.common-controls_6595b64144ccf1df_6.0.22621.3672_none_2713b9d173822955;C:\Program Files (x86)\360\Total Security\safemon;C:\Program Files\Android\Android Studio\jbr\bin\server;C:\Users\asusu\.gradle\native\c067742578af261105cb4f569cf0c3c89f3d7b1fecec35dd04571415982c5e48\windows-amd64;C:\Users\asusu\.gradle\native\38dada09dfb8b06ba9b0570ebf7e218e3eb74d4ef43ca46872605cf95ebc2f47\windows-amd64

VM Arguments:
jvm_args: --add-opens=java.base/java.util=ALL-UNNAMED --add-opens=java.base/java.lang=ALL-UNNAMED --add-opens=java.base/java.lang.invoke=ALL-UNNAMED --add-opens=java.prefs/java.util.prefs=ALL-UNNAMED --add-opens=java.base/java.nio.charset=ALL-UNNAMED --add-opens=java.base/java.net=ALL-UNNAMED --add-opens=java.base/java.util.concurrent.atomic=ALL-UNNAMED -Xmx2048m -Dfile.encoding=UTF-8 -Duser.country=ID -Duser.language=en -Duser.variant -javaagent:C:\Users\asusu\.gradle\wrapper\dists\gradle-8.7-bin\bhs2wmbdwecv87pi65oeuq5iu\gradle-8.7\lib\agents\gradle-instrumentation-agent-8.7.jar 
java_command: org.gradle.launcher.daemon.bootstrap.GradleDaemon 8.7
java_class_path (initial): C:\Users\asusu\.gradle\wrapper\dists\gradle-8.7-bin\bhs2wmbdwecv87pi65oeuq5iu\gradle-8.7\lib\gradle-launcher-8.7.jar
Launcher Type: SUN_STANDARD

[Global flags]
     intx CICompilerCount                          = 3                                         {product} {ergonomic}
     uint ConcGCThreads                            = 1                                         {product} {ergonomic}
     uint G1ConcRefinementThreads                  = 4                                         {product} {ergonomic}
   size_t G1HeapRegionSize                         = 1048576                                   {product} {ergonomic}
    uintx GCDrainStackTargetSize                   = 64                                        {product} {ergonomic}
   size_t InitialHeapSize                          = 100663296                                 {product} {ergonomic}
   size_t MarkStackSize                            = 4194304                                   {product} {ergonomic}
   size_t MaxHeapSize                              = 2147483648                                {product} {command line}
   size_t MaxNewSize                               = 1287651328                                {product} {ergonomic}
   size_t MinHeapDeltaBytes                        = 1048576                                   {product} {ergonomic}
   size_t MinHeapSize                              = 8388608                                   {product} {ergonomic}
    uintx NonNMethodCodeHeapSize                   = 5832780                                {pd product} {ergonomic}
    uintx NonProfiledCodeHeapSize                  = 122912730                              {pd product} {ergonomic}
    uintx ProfiledCodeHeapSize                     = 122912730                              {pd product} {ergonomic}
    uintx ReservedCodeCacheSize                    = 251658240                              {pd product} {ergonomic}
     bool SegmentedCodeCache                       = true                                      {product} {ergonomic}
   size_t SoftMaxHeapSize                          = 2147483648                             {manageable} {ergonomic}
     bool UseCompressedClassPointers               = true                           {product lp64_product} {ergonomic}
     bool UseCompressedOops                        = true                           {product lp64_product} {ergonomic}
     bool UseG1GC                                  = true                                      {product} {ergonomic}
     bool UseLargePagesIndividualAllocation        = false                                  {pd product} {ergonomic}

Logging:
Log output configuration:
 #0: stdout all=warning uptime,level,tags
 #1: stderr all=off uptime,level,tags

Environment Variables:
JAVA_HOME=C:\Program Files\Zulu\zulu-17
PATH=C:\Program Files\Zulu\zulu-17\bin\;C:\Program Files (x86)\Common Files\Intel\Shared Files\cpp\bin\Intel64;C:\Windows\system32;C:\Windows;C:\Windows\System32\Wbem;C:\Windows\System32\WindowsPowerShell\v1.0\;C:\Windows\System32\OpenSSH\;C:\Program Files\Git\cmd;C:\Program Files\Git\bin;C:\Program Files (x86)\Yarn\bin\;C:\Program Files\Yarn\bin;C:\Program Files\nodejs\;C:\Program Files\IBM\SPSS\Statistics\25\JRE\bin;C:\gradle\bin;C:\Users\asusu\AppData\Local\Microsoft\WindowsApps;C:\Users\asusu\AppData\Local\Programs\Microsoft VS Code\bin;C:\Users\asusu\composer;C:\Users\asusu\AppData\Roaming\Composer\vendor\bin;C:\Users\asusu\AppData\Local\Yarn\bin;C:\Program Files\Yarn\bin;C:\Users\asusu\AppData\Roaming\npm;C:\laragon\bin\php\php-8.1.10-Win32-vs16-x64;;C:\Program Files\JetBrains\IntelliJ IDEA Community Edition 2024.2.1\bin;
USERNAME=asus
OS=Windows_NT
PROCESSOR_IDENTIFIER=AMD64 Family 23 Model 24 Stepping 1, AuthenticAMD
TMP=C:\Users\asusu\AppData\Local\Temp
TEMP=C:\Users\asusu\AppData\Local\Temp



Periodic native trim disabled

JNI global refs:
JNI global refs: 25, weak refs: 0

JNI global refs memory usage: 843, weak refs: 841

Process memory usage:
Resident Set Size: 275276K (4% of 6228052K total physical memory with 580508K free physical memory)

OOME stack traces (most recent first):
Classloader memory used:
Loader org.gradle.internal.classloader.VisitableURLClassLoader                         : 2972K
Loader bootstrap                                                                       : 2379K
Loader org.gradle.initialization.MixInLegacyTypesClassLoader                           : 742K
Loader org.gradle.internal.classloader.VisitableURLClassLoader                         : 87838B
Loader jdk.internal.loader.ClassLoaders$PlatformClassLoader                            : 65565B
Loader jdk.internal.loader.ClassLoaders$AppClassLoader                                 : 28758B
Loader jdk.internal.reflect.DelegatingClassLoader                                      : 26672B
Loader org.gradle.internal.classloader.VisitableURLClassLoader$InstrumentingVisitableURLClassLoader: 19794B
Loader org.gradle.groovy.scripts.internal.DefaultScriptCompilationHandler$ScriptClassLoader: 10876B
Loader org.codehaus.groovy.runtime.callsite.CallSiteClassLoader                        : 3752B

Classes loaded by more than one classloader:
Class org.gradle.api.GradleException                                                  : loaded 3 times (x 80B)
Class org.gradle.util.GradleVersion                                                   : loaded 2 times (x 81B)
Class org.gradle.internal.classpath.ClassPath                                         : loaded 2 times (x 68B)
Class org.gradle.api.internal.classpath.DefaultModuleRegistry                         : loaded 2 times (x 84B)
Class org.gradle.internal.exceptions.NonGradleCauseExceptionsHolder                   : loaded 2 times (x 68B)
Class org.gradle.api.Action                                                           : loaded 2 times (x 68B)
Class org.gradle.api.internal.DefaultClassPathProvider                                : loaded 2 times (x 74B)
Class org.gradle.internal.installation.GradleInstallation$1                           : loaded 2 times (x 73B)
Class org.gradle.internal.exceptions.DefaultMultiCauseException                       : loaded 2 times (x 93B)
Class org.gradle.internal.time.MonotonicClock                                         : loaded 2 times (x 75B)
Class org.gradle.internal.classloader.FilteringClassLoader                            : loaded 2 times (x 103B)
Class org.gradle.internal.classpath.DefaultClassPath$ImmutableUniqueList$Builder      : loaded 2 times (x 73B)
Class kotlin.UninitializedPropertyAccessException                                     : loaded 2 times (x 80B)
Class org.gradle.internal.classloader.ClassLoaderVisitor                              : loaded 2 times (x 74B)
Class org.gradle.internal.time.DefaultCountdownTimer                                  : loaded 2 times (x 86B)
Class org.gradle.internal.service.DefaultServiceLocator                               : loaded 2 times (x 81B)
Class org.gradle.internal.service.UnknownServiceException                             : loaded 2 times (x 81B)
Class org.gradle.internal.classloader.DefaultClassLoaderFactory                       : loaded 2 times (x 80B)
Class org.gradle.internal.classloader.VisitableURLClassLoader$Spec                    : loaded 2 times (x 72B)
Class org.gradle.tooling.model.ProjectModel                                           : loaded 2 times (x 68B)
Class org.gradle.internal.installation.GradleInstallation                             : loaded 2 times (x 73B)
Class org.gradle.api.internal.classpath.ModuleRegistry                                : loaded 2 times (x 68B)
Class org.gradle.api.internal.ClassPathProvider                                       : loaded 2 times (x 68B)
Class org.gradle.internal.classloader.ClasspathUtil$1                                 : loaded 2 times (x 74B)
Class org.gradle.internal.classloader.ClassLoaderFactory                              : loaded 2 times (x 68B)
Class org.gradle.api.internal.classpath.ManifestUtil                                  : loaded 2 times (x 69B)
Class org.gradle.api.specs.Spec                                                       : loaded 2 times (x 68B)
Class kotlin.jvm.internal.Intrinsics                                                  : loaded 2 times (x 69B)
Class org.gradle.internal.IoActions                                                   : loaded 2 times (x 69B)
Class org.gradle.api.internal.classpath.EffectiveClassPath                            : loaded 2 times (x 88B)
Class org.gradle.internal.exceptions.ResolutionProvider                               : loaded 2 times (x 68B)
Class org.gradle.internal.installation.CurrentGradleInstallation                      : loaded 2 times (x 71B)
Class org.gradle.internal.agents.InstrumentingClassLoader                             : loaded 2 times (x 68B)
Class org.gradle.internal.installation.CurrentGradleInstallationLocator               : loaded 2 times (x 69B)
Class org.gradle.api.internal.classpath.Module                                        : loaded 2 times (x 68B)
Class org.gradle.internal.service.CachingServiceLocator                               : loaded 2 times (x 80B)
Class org.gradle.internal.time.Timer                                                  : loaded 2 times (x 68B)
Class org.gradle.internal.classpath.DefaultClassPath                                  : loaded 2 times (x 88B)
Class org.gradle.internal.time.Time                                                   : loaded 2 times (x 69B)
Class org.gradle.internal.time.TimeSource$1                                           : loaded 2 times (x 75B)
Class kotlin.KotlinNullPointerException                                               : loaded 2 times (x 81B)
Class org.gradle.internal.classloader.SystemClassLoaderSpec                           : loaded 2 times (x 69B)
Class kotlin.Function                                                                 : loaded 2 times (x 68B)
Class org.gradle.api.UncheckedIOException                                             : loaded 2 times (x 80B)
Class org.gradle.internal.time.CountdownTimer                                         : loaded 2 times (x 68B)
Class org.gradle.internal.time.Clock                                                  : loaded 2 times (x 68B)
Class org.gradle.internal.classloader.ClasspathUtil                                   : loaded 2 times (x 69B)
Class org.gradle.api.internal.DefaultClassPathRegistry                                : loaded 2 times (x 74B)
Class org.gradle.api.internal.classpath.DefaultModuleRegistry$DefaultModule           : loaded 2 times (x 84B)
Class org.gradle.internal.time.TimeSource                                             : loaded 2 times (x 68B)
Class org.gradle.api.internal.classpath.UnknownModuleException                        : loaded 2 times (x 80B)
Class org.gradle.internal.service.ServiceLookupException                              : loaded 2 times (x 80B)
Class org.gradle.cache.GlobalCache                                                    : loaded 2 times (x 68B)
Class [Lorg.gradle.api.internal.ClassPathProvider;                                    : loaded 2 times (x 67B)
Class org.gradle.internal.operations.MultipleBuildOperationFailures                   : loaded 2 times (x 93B)
Class org.gradle.util.internal.GUtil                                                  : loaded 2 times (x 69B)
Class org.gradle.internal.classloader.ClassLoaderSpec                                 : loaded 2 times (x 69B)
Class sync_studio_tooling6_7gp4i5laingahyb92grxxszv1                                  : loaded 2 times (x 177B)
Class sync_studio_tooling6_7gp4i5laingahyb92grxxszv1$_run_closure1                    : loaded 2 times (x 137B)
Class org.gradle.internal.classloader.VisitableURLClassLoader                         : loaded 2 times (x 115B)
Class org.gradle.internal.Cast                                                        : loaded 2 times (x 69B)
Class org.gradle.api.internal.ClassPathRegistry                                       : loaded 2 times (x 68B)
Class org.gradle.internal.classloader.VisitableURLClassLoader$InstrumentingVisitableURLClassLoader: loaded 2 times (x 121B)
Class org.gradle.internal.classloader.ClassLoaderHierarchy                            : loaded 2 times (x 68B)
Class org.gradle.internal.exceptions.MultiCauseException                              : loaded 2 times (x 68B)
Class org.gradle.internal.InternalTransformer                                         : loaded 2 times (x 68B)
Class ijInit1_cwsuhaymv7f9wl2051bto4ysc                                               : loaded 2 times (x 177B)
Class org.gradle.internal.service.ServiceLocator                                      : loaded 2 times (x 68B)
Class org.gradle.internal.classpath.DefaultClassPath$ImmutableUniqueList              : loaded 2 times (x 159B)
Class org.gradle.internal.time.DefaultTimer                                           : loaded 2 times (x 78B)
Class org.gradle.internal.classpath.TransformedClassPath                              : loaded 2 times (x 94B)


---------------  S Y S T E M  ---------------

OS:
 Windows 11 , 64 bit Build 22621 (10.0.22621.3958)
OS uptime: 0 days 9:10 hours
Hyper-V role detected

CPU: total 4 (initial active 4) (4 cores per cpu, 2 threads per core) family 23 model 24 stepping 1 microcode 0x0, cx8, cmov, fxsr, ht, mmx, 3dnowpref, sse, sse2, sse3, ssse3, sse4a, sse4.1, sse4.2, popcnt, lzcnt, tsc, tscinvbit, avx, avx2, aes, clmul, bmi1, bmi2, adx, sha, fma, vzeroupper, clflush, clflushopt, hv
Processor Information for all 4 processors :
  Max Mhz: 2600, Current Mhz: 2600, Mhz Limit: 2600

Memory: 4k page, system-wide physical 6082M (566M free)
TotalPageFile size 14274M (AvailPageFile size 1M)
current process WorkingSet (physical memory assigned to process): 268M, peak: 268M
current process commit charge ("private bytes"): 293M, peak: 302M

vm_info: OpenJDK 64-Bit Server VM (17.0.11+0--11852314) for windows-amd64 JRE (17.0.11+0--11852314), built on May 16 2024 21:29:20 by "androidbuild" with MS VC++ 16.10 / 16.11 (VS2019)

END.
